[2019/9/11 8:57:43 , Normal] ->  
 [2019/9/11 9:41:57 , Normal] ->  
 [2019/9/11 9:42:55 , Normal] ->  
 [2019/9/11 9:52:45 , Normal] ->  
 [2019/9/11 9:53:09 , Normal] ->  
 [2019/9/11 9:56:05 , Normal] ->  
 [2019/9/11 9:56:30 , Normal] ->  
 [2019/9/11 10:26:36 , Normal] ->  
 [2019/9/11 10:31:46 , Normal] ->  
 [2019/9/11 10:32:24 , Normal] ->  
 [2019/9/11 10:34:23 , Normal] ->  
 [2019/9/11 10:35:06 , Normal] ->  
 [2019/9/11 11:05:35 , Normal] ->  
 [2019/9/11 11:11:28 , Normal] ->  
 [2019/9/11 11:15:50 , Normal] ->  
 [2019/9/11 11:17:49 , Normal] ->  
 [2019/9/11 11:19:39 , Normal] ->  
 [2019/9/11 12:57:44 , Normal] ->  
 [2019/9/11 12:58:24 , Normal] ->  
 [2019/9/11 12:58:53 , Normal] ->  
 [2019/9/11 13:09:26 , Normal] ->  
 [2019/9/11 13:11:02 , Normal] ->  
 [2019/9/11 13:14:33 , Normal] ->  
 [2019/9/11 13:15:34 , Normal] ->  
 [2019/9/11 13:17:01 , Normal] ->  
 [2019/9/11 13:18:40 , Normal] ->  
 [2019/9/11 13:57:16 , Normal] ->  
 [2019/9/11 13:57:38 , Normal] ->  
 [2019/9/11 13:57:57 , Normal] ->  
 [2019/9/11 14:03:16 , Normal] ->  
 [2019/9/11 14:06:08 , Normal] ->  
 [2019/9/11 14:07:01 , Normal] ->  
 [2019/9/11 14:08:18 , Normal] ->  
 [2019/9/11 14:13:22 , Normal] ->  
 [2019/9/11 14:14:08 , Normal] ->  
 [2019/9/11 14:14:48 , Normal] ->  
 [2019/9/11 14:16:43 , Normal] ->  
 [2019/9/11 14:17:06 , Normal] ->  
 [2019/9/11 14:23:20 , Normal] ->  
 [2019/9/11 14:24:07 , Normal] ->  
 [2019/9/11 14:25:53 , Normal] ->  
 [2019/9/11 14:27:01 , Normal] ->  
 [2019/9/11 14:35:43 , Normal] ->  
 [2019/9/11 14:36:29 , Normal] ->  
 [2019/9/11 14:36:42 , Normal] ->  
 [2019/9/11 14:44:07 , Normal] ->  
 [2019/9/11 14:46:14 , Normal] ->  
 [2019/9/11 14:47:12 , Normal] ->  
 [2019/9/11 14:48:00 , Normal] ->  
 [2019/9/11 14:53:04 , Normal] ->  
 [2019/9/11 14:54:35 , Normal] ->  
 [2019/9/11 15:09:50 , Normal] ->  
 [2019/9/11 15:13:30 , Normal] ->  
 [2019/9/11 15:16:02 , Normal] ->  
 [2019/9/11 15:17:31 , Normal] ->  
 [2019/9/11 15:17:41 , Normal] ->  
 [2019/9/11 15:24:28 , Erro] -> 程序运行错误:System.InvalidOperationException: 执行 CreateHandle() 时无法调用值 Dispose()。
   在 System.Windows.Forms.Control.Dispose(Boolean disposing)
   在 System.ComponentModel.Component.Dispose()
   在 System.Windows.Forms.Control.Dispose(Boolean disposing)
   在 System.Windows.Forms.Form.Dispose(Boolean disposing)
   在 RZ_AutoGemaControl.GameConsole.Dispose(Boolean disposing) 位置 C:\Users\ASUS\Desktop\20190826-RZ-GemaControl\AxisMovement\RZ-AutoGemaControl\GameConsole.Designer.cs:行号 20
   在 System.ComponentModel.Component.Dispose()
   在 RZ_AutoGemaControl.StartUp.Main(String[] argvs) 位置 C:\Users\ASUS\Desktop\20190826-RZ-GemaControl\AxisMovement\RZ-AutoGemaControl\StartUp.cs:行号 65 
 [2019/9/11 15:25:10 , Normal] ->  
 [2019/9/11 15:59:37 , Normal] ->  
 [2019/9/11 16:01:45 , Normal] ->  
 