[2019/9/6 13:36:55 , Normal] ->  
 [2019/9/6 13:36:55 , Erro] -> 程序运行错误:System.ArgumentNullException: 值不能为 null。
参数名: context
   在 Autofac.ResolutionExtensions.ResolveService(IComponentContext context, Service service, IEnumerable`1 parameters) 位置 C:\projects\autofac\src\Autofac\ResolutionExtensions.cs:行号 868
   在 Autofac.ResolutionExtensions.Resolve[TService](IComponentContext context, IEnumerable`1 parameters) 位置 C:\projects\autofac\src\Autofac\ResolutionExtensions.cs:行号 300
   在 RZ_AutoGemaControl.services.AutoServiceImpl.Resolve[T]() 位置 C:\Users\c8070\Desktop\20190826-RZ-GemaControl\AxisMovement\RZ-AutoGemaControl\services\AutoServiceImpl.cs:行号 59
   在 RZ_AutoGemaControl.StartUp.Main(String[] argvs) 位置 C:\Users\c8070\Desktop\20190826-RZ-GemaControl\AxisMovement\RZ-AutoGemaControl\StartUp.cs:行号 61 
 [2019/9/6 13:37:07 , Normal] ->  
 [2019/9/6 13:37:07 , Erro] -> 程序运行错误:System.ArgumentNullException: 值不能为 null。
参数名: context
   在 Autofac.ResolutionExtensions.ResolveService(IComponentContext context, Service service, IEnumerable`1 parameters) 位置 C:\projects\autofac\src\Autofac\ResolutionExtensions.cs:行号 868
   在 Autofac.ResolutionExtensions.Resolve[TService](IComponentContext context, IEnumerable`1 parameters) 位置 C:\projects\autofac\src\Autofac\ResolutionExtensions.cs:行号 300
   在 RZ_AutoGemaControl.services.AutoServiceImpl.Resolve[T]() 位置 C:\Users\c8070\Desktop\20190826-RZ-GemaControl\AxisMovement\RZ-AutoGemaControl\services\AutoServiceImpl.cs:行号 59
   在 RZ_AutoGemaControl.StartUp.Main(String[] argvs) 位置 C:\Users\c8070\Desktop\20190826-RZ-GemaControl\AxisMovement\RZ-AutoGemaControl\StartUp.cs:行号 61 
 [2019/9/6 13:37:44 , Normal] ->  
 [2019/9/6 13:38:16 , Erro] -> 程序运行错误:System.ArgumentNullException: 值不能为 null。
参数名: context
   在 Autofac.ResolutionExtensions.ResolveService(IComponentContext context, Service service, IEnumerable`1 parameters) 位置 C:\projects\autofac\src\Autofac\ResolutionExtensions.cs:行号 868
   在 Autofac.ResolutionExtensions.Resolve[TService](IComponentContext context, IEnumerable`1 parameters) 位置 C:\projects\autofac\src\Autofac\ResolutionExtensions.cs:行号 300
   在 RZ_AutoGemaControl.services.AutoServiceImpl.Resolve[T]() 位置 C:\Users\c8070\Desktop\20190826-RZ-GemaControl\AxisMovement\RZ-AutoGemaControl\services\AutoServiceImpl.cs:行号 59
   在 RZ_AutoGemaControl.StartUp.Main(String[] argvs) 位置 C:\Users\c8070\Desktop\20190826-RZ-GemaControl\AxisMovement\RZ-AutoGemaControl\StartUp.cs:行号 61 
 [2019/9/6 13:39:10 , Normal] ->  
 [2019/9/6 14:27:09 , Normal] ->  
 [2019/9/6 14:27:09 , Erro] -> 程序运行错误:System.ArgumentNullException: 值不能为 null。
参数名: context
   在 Autofac.ResolutionExtensions.ResolveService(IComponentContext context, Service service, IEnumerable`1 parameters) 位置 C:\projects\autofac\src\Autofac\ResolutionExtensions.cs:行号 868
   在 Autofac.ResolutionExtensions.Resolve[TService](IComponentContext context, IEnumerable`1 parameters) 位置 C:\projects\autofac\src\Autofac\ResolutionExtensions.cs:行号 300
   在 RZ_AutoGemaControl.services.AutoServiceImpl.Resolve[T]() 位置 C:\Users\c8070\Desktop\20190826-RZ-GemaControl\AxisMovement\RZ-AutoGemaControl\services\AutoServiceImpl.cs:行号 59
   在 RZ_AutoGemaControl.StartUp.Main(String[] argvs) 位置 C:\Users\c8070\Desktop\20190826-RZ-GemaControl\AxisMovement\RZ-AutoGemaControl\StartUp.cs:行号 61 
 [2019/9/6 14:27:21 , Normal] ->  
 [2019/9/6 14:27:29 , Erro] -> 程序运行错误:System.ArgumentNullException: 值不能为 null。
参数名: context
   在 Autofac.ResolutionExtensions.ResolveService(IComponentContext context, Service service, IEnumerable`1 parameters) 位置 C:\projects\autofac\src\Autofac\ResolutionExtensions.cs:行号 868
   在 Autofac.ResolutionExtensions.Resolve[TService](IComponentContext context, IEnumerable`1 parameters) 位置 C:\projects\autofac\src\Autofac\ResolutionExtensions.cs:行号 300
   在 RZ_AutoGemaControl.services.AutoServiceImpl.Resolve[T]() 位置 C:\Users\c8070\Desktop\20190826-RZ-GemaControl\AxisMovement\RZ-AutoGemaControl\services\AutoServiceImpl.cs:行号 59
   在 RZ_AutoGemaControl.StartUp.Main(String[] argvs) 位置 C:\Users\c8070\Desktop\20190826-RZ-GemaControl\AxisMovement\RZ-AutoGemaControl\StartUp.cs:行号 61 
 [2019/9/6 14:27:49 , Normal] ->  
 [2019/9/6 14:28:17 , Erro] -> 程序运行错误:System.ArgumentNullException: 值不能为 null。
参数名: context
   在 Autofac.ResolutionExtensions.ResolveService(IComponentContext context, Service service, IEnumerable`1 parameters) 位置 C:\projects\autofac\src\Autofac\ResolutionExtensions.cs:行号 868
   在 Autofac.ResolutionExtensions.Resolve[TService](IComponentContext context, IEnumerable`1 parameters) 位置 C:\projects\autofac\src\Autofac\ResolutionExtensions.cs:行号 300
   在 RZ_AutoGemaControl.services.AutoServiceImpl.Resolve[T]() 位置 C:\Users\c8070\Desktop\20190826-RZ-GemaControl\AxisMovement\RZ-AutoGemaControl\services\AutoServiceImpl.cs:行号 59
   在 RZ_AutoGemaControl.StartUp.Main(String[] argvs) 位置 C:\Users\c8070\Desktop\20190826-RZ-GemaControl\AxisMovement\RZ-AutoGemaControl\StartUp.cs:行号 61 
 [2019/9/6 14:28:26 , Normal] ->  
 [2019/9/6 14:28:27 , Erro] -> 程序运行错误:System.ArgumentNullException: 值不能为 null。
参数名: context
   在 Autofac.ResolutionExtensions.ResolveService(IComponentContext context, Service service, IEnumerable`1 parameters) 位置 C:\projects\autofac\src\Autofac\ResolutionExtensions.cs:行号 868
   在 Autofac.ResolutionExtensions.Resolve[TService](IComponentContext context, IEnumerable`1 parameters) 位置 C:\projects\autofac\src\Autofac\ResolutionExtensions.cs:行号 300
   在 RZ_AutoGemaControl.services.AutoServiceImpl.Resolve[T]() 位置 C:\Users\c8070\Desktop\20190826-RZ-GemaControl\AxisMovement\RZ-AutoGemaControl\services\AutoServiceImpl.cs:行号 59
   在 RZ_AutoGemaControl.StartUp.Main(String[] argvs) 位置 C:\Users\c8070\Desktop\20190826-RZ-GemaControl\AxisMovement\RZ-AutoGemaControl\StartUp.cs:行号 61 
 [2019/9/6 14:28:31 , Normal] ->  
 [2019/9/6 14:28:32 , Erro] -> 程序运行错误:System.ArgumentNullException: 值不能为 null。
参数名: context
   在 Autofac.ResolutionExtensions.ResolveService(IComponentContext context, Service service, IEnumerable`1 parameters) 位置 C:\projects\autofac\src\Autofac\ResolutionExtensions.cs:行号 868
   在 Autofac.ResolutionExtensions.Resolve[TService](IComponentContext context, IEnumerable`1 parameters) 位置 C:\projects\autofac\src\Autofac\ResolutionExtensions.cs:行号 300
   在 RZ_AutoGemaControl.services.AutoServiceImpl.Resolve[T]() 位置 C:\Users\c8070\Desktop\20190826-RZ-GemaControl\AxisMovement\RZ-AutoGemaControl\services\AutoServiceImpl.cs:行号 59
   在 RZ_AutoGemaControl.StartUp.Main(String[] argvs) 位置 C:\Users\c8070\Desktop\20190826-RZ-GemaControl\AxisMovement\RZ-AutoGemaControl\StartUp.cs:行号 61 
 [2019/9/6 14:28:35 , Normal] ->  
 [2019/9/6 14:28:36 , Erro] -> 程序运行错误:System.ArgumentNullException: 值不能为 null。
参数名: context
   在 Autofac.ResolutionExtensions.ResolveService(IComponentContext context, Service service, IEnumerable`1 parameters) 位置 C:\projects\autofac\src\Autofac\ResolutionExtensions.cs:行号 868
   在 Autofac.ResolutionExtensions.Resolve[TService](IComponentContext context, IEnumerable`1 parameters) 位置 C:\projects\autofac\src\Autofac\ResolutionExtensions.cs:行号 300
   在 RZ_AutoGemaControl.services.AutoServiceImpl.Resolve[T]() 位置 C:\Users\c8070\Desktop\20190826-RZ-GemaControl\AxisMovement\RZ-AutoGemaControl\services\AutoServiceImpl.cs:行号 59
   在 RZ_AutoGemaControl.StartUp.Main(String[] argvs) 位置 C:\Users\c8070\Desktop\20190826-RZ-GemaControl\AxisMovement\RZ-AutoGemaControl\StartUp.cs:行号 61 
 [2019/9/6 14:28:41 , Normal] ->  
 [2019/9/6 14:28:46 , Erro] -> 程序运行错误:System.ArgumentNullException: 值不能为 null。
参数名: context
   在 Autofac.ResolutionExtensions.ResolveService(IComponentContext context, Service service, IEnumerable`1 parameters) 位置 C:\projects\autofac\src\Autofac\ResolutionExtensions.cs:行号 868
   在 Autofac.ResolutionExtensions.Resolve[TService](IComponentContext context, IEnumerable`1 parameters) 位置 C:\projects\autofac\src\Autofac\ResolutionExtensions.cs:行号 300
   在 RZ_AutoGemaControl.services.AutoServiceImpl.Resolve[T]() 位置 C:\Users\c8070\Desktop\20190826-RZ-GemaControl\AxisMovement\RZ-AutoGemaControl\services\AutoServiceImpl.cs:行号 59
   在 RZ_AutoGemaControl.StartUp.Main(String[] argvs) 位置 C:\Users\c8070\Desktop\20190826-RZ-GemaControl\AxisMovement\RZ-AutoGemaControl\StartUp.cs:行号 61 
 [2019/9/6 14:30:04 , Normal] ->  
 [2019/9/6 14:30:04 , Erro] -> 程序运行错误:System.ArgumentNullException: 值不能为 null。
参数名: context
   在 Autofac.ResolutionExtensions.ResolveService(IComponentContext context, Service service, IEnumerable`1 parameters) 位置 C:\projects\autofac\src\Autofac\ResolutionExtensions.cs:行号 868
   在 Autofac.ResolutionExtensions.Resolve[TService](IComponentContext context, IEnumerable`1 parameters) 位置 C:\projects\autofac\src\Autofac\ResolutionExtensions.cs:行号 300
   在 RZ_AutoGemaControl.services.AutoServiceImpl.Resolve[T]() 位置 C:\Users\c8070\Desktop\20190826-RZ-GemaControl\AxisMovement\RZ-AutoGemaControl\services\AutoServiceImpl.cs:行号 59
   在 RZ_AutoGemaControl.StartUp.Main(String[] argvs) 位置 C:\Users\c8070\Desktop\20190826-RZ-GemaControl\AxisMovement\RZ-AutoGemaControl\StartUp.cs:行号 61 
 [2019/9/6 14:30:08 , Normal] ->  
 [2019/9/6 14:30:08 , Erro] -> 程序运行错误:System.ArgumentNullException: 值不能为 null。
参数名: context
   在 Autofac.ResolutionExtensions.ResolveService(IComponentContext context, Service service, IEnumerable`1 parameters) 位置 C:\projects\autofac\src\Autofac\ResolutionExtensions.cs:行号 868
   在 Autofac.ResolutionExtensions.Resolve[TService](IComponentContext context, IEnumerable`1 parameters) 位置 C:\projects\autofac\src\Autofac\ResolutionExtensions.cs:行号 300
   在 RZ_AutoGemaControl.services.AutoServiceImpl.Resolve[T]() 位置 C:\Users\c8070\Desktop\20190826-RZ-GemaControl\AxisMovement\RZ-AutoGemaControl\services\AutoServiceImpl.cs:行号 59
   在 RZ_AutoGemaControl.StartUp.Main(String[] argvs) 位置 C:\Users\c8070\Desktop\20190826-RZ-GemaControl\AxisMovement\RZ-AutoGemaControl\StartUp.cs:行号 61 
 [2019/9/6 14:30:10 , Normal] ->  
 [2019/9/6 14:30:10 , Erro] -> 程序运行错误:System.ArgumentNullException: 值不能为 null。
参数名: context
   在 Autofac.ResolutionExtensions.ResolveService(IComponentContext context, Service service, IEnumerable`1 parameters) 位置 C:\projects\autofac\src\Autofac\ResolutionExtensions.cs:行号 868
   在 Autofac.ResolutionExtensions.Resolve[TService](IComponentContext context, IEnumerable`1 parameters) 位置 C:\projects\autofac\src\Autofac\ResolutionExtensions.cs:行号 300
   在 RZ_AutoGemaControl.services.AutoServiceImpl.Resolve[T]() 位置 C:\Users\c8070\Desktop\20190826-RZ-GemaControl\AxisMovement\RZ-AutoGemaControl\services\AutoServiceImpl.cs:行号 59
   在 RZ_AutoGemaControl.StartUp.Main(String[] argvs) 位置 C:\Users\c8070\Desktop\20190826-RZ-GemaControl\AxisMovement\RZ-AutoGemaControl\StartUp.cs:行号 61 
 [2019/9/6 14:33:03 , Normal] ->  
 [2019/9/6 15:10:14 , Normal] ->  
 [2019/9/6 15:10:14 , Erro] -> 程序运行错误:System.ArgumentNullException: 值不能为 null。
参数名: context
   在 Autofac.ResolutionExtensions.ResolveService(IComponentContext context, Service service, IEnumerable`1 parameters) 位置 C:\projects\autofac\src\Autofac\ResolutionExtensions.cs:行号 868
   在 Autofac.ResolutionExtensions.Resolve[TService](IComponentContext context, IEnumerable`1 parameters) 位置 C:\projects\autofac\src\Autofac\ResolutionExtensions.cs:行号 300
   在 RZ_AutoGemaControl.services.AutoServiceImpl.Resolve[T]() 位置 C:\Users\c8070\Desktop\20190826-RZ-GemaControl\AxisMovement\RZ-AutoGemaControl\services\AutoServiceImpl.cs:行号 59
   在 RZ_AutoGemaControl.StartUp.Main(String[] argvs) 位置 C:\Users\c8070\Desktop\20190826-RZ-GemaControl\AxisMovement\RZ-AutoGemaControl\StartUp.cs:行号 61 
 [2019/9/6 15:10:16 , Normal] ->  
 [2019/9/6 15:10:16 , Erro] -> 程序运行错误:System.ArgumentNullException: 值不能为 null。
参数名: context
   在 Autofac.ResolutionExtensions.ResolveService(IComponentContext context, Service service, IEnumerable`1 parameters) 位置 C:\projects\autofac\src\Autofac\ResolutionExtensions.cs:行号 868
   在 Autofac.ResolutionExtensions.Resolve[TService](IComponentContext context, IEnumerable`1 parameters) 位置 C:\projects\autofac\src\Autofac\ResolutionExtensions.cs:行号 300
   在 RZ_AutoGemaControl.services.AutoServiceImpl.Resolve[T]() 位置 C:\Users\c8070\Desktop\20190826-RZ-GemaControl\AxisMovement\RZ-AutoGemaControl\services\AutoServiceImpl.cs:行号 59
   在 RZ_AutoGemaControl.StartUp.Main(String[] argvs) 位置 C:\Users\c8070\Desktop\20190826-RZ-GemaControl\AxisMovement\RZ-AutoGemaControl\StartUp.cs:行号 61 
 [2019/9/6 15:10:57 , Normal] ->  
 [2019/9/6 15:10:57 , Erro] -> 程序运行错误:System.ArgumentNullException: 值不能为 null。
参数名: context
   在 Autofac.ResolutionExtensions.ResolveService(IComponentContext context, Service service, IEnumerable`1 parameters) 位置 C:\projects\autofac\src\Autofac\ResolutionExtensions.cs:行号 868
   在 Autofac.ResolutionExtensions.Resolve[TService](IComponentContext context, IEnumerable`1 parameters) 位置 C:\projects\autofac\src\Autofac\ResolutionExtensions.cs:行号 300
   在 RZ_AutoGemaControl.services.AutoServiceImpl.Resolve[T]() 位置 C:\Users\c8070\Desktop\20190826-RZ-GemaControl\AxisMovement\RZ-AutoGemaControl\services\AutoServiceImpl.cs:行号 59
   在 RZ_AutoGemaControl.StartUp.Main(String[] argvs) 位置 C:\Users\c8070\Desktop\20190826-RZ-GemaControl\AxisMovement\RZ-AutoGemaControl\StartUp.cs:行号 61 
 [2019/9/6 15:18:10 , Normal] ->  
 [2019/9/6 15:42:08 , Normal] ->  
 [2019/9/6 15:42:39 , Normal] ->  
 [2019/9/6 15:44:12 , Normal] ->  
 [2019/9/6 15:44:12 , Erro] -> 程序运行错误:System.ArgumentNullException: 值不能为 null。
参数名: context
   在 Autofac.ResolutionExtensions.ResolveService(IComponentContext context, Service service, IEnumerable`1 parameters) 位置 C:\projects\autofac\src\Autofac\ResolutionExtensions.cs:行号 868
   在 Autofac.ResolutionExtensions.Resolve[TService](IComponentContext context, IEnumerable`1 parameters) 位置 C:\projects\autofac\src\Autofac\ResolutionExtensions.cs:行号 300
   在 RZ_AutoGemaControl.services.AutoServiceImpl.Resolve[T]() 位置 C:\Users\c8070\Desktop\20190826-RZ-GemaControl\AxisMovement\RZ-AutoGemaControl\services\AutoServiceImpl.cs:行号 59
   在 RZ_AutoGemaControl.StartUp.Main(String[] argvs) 位置 C:\Users\c8070\Desktop\20190826-RZ-GemaControl\AxisMovement\RZ-AutoGemaControl\StartUp.cs:行号 61 
 [2019/9/6 15:44:29 , Normal] ->  
 [2019/9/6 15:44:44 , Normal] ->  
 [2019/9/6 15:44:47 , Normal] ->  
 [2019/9/6 15:45:05 , Normal] ->  
 [2019/9/6 15:49:29 , Normal] ->  
 [2019/9/6 15:49:38 , Erro] -> 程序运行错误:System.ArgumentOutOfRangeException: 枚举值超出合法范围。
参数名: StopBits
   在 System.IO.Ports.SerialPort.set_StopBits(StopBits value)
   在 ControlLib.ControlCom.Open() 位置 C:\Users\c8070\Desktop\20190826-RZ-GemaControl\AxisMovement\ControlLib\ControlCom.cs:行号 97
   在 RZ_AutoGemaControl.GameConsole.ConnectingDevice_Click(Object sender, EventArgs e) 位置 C:\Users\c8070\Desktop\20190826-RZ-GemaControl\AxisMovement\RZ-AutoGemaControl\GameConsole.cs:行号 85
   在 System.Windows.Forms.ToolStripItem.RaiseEvent(Object key, EventArgs e)
   在 System.Windows.Forms.ToolStripMenuItem.OnClick(EventArgs e)
   在 System.Windows.Forms.ToolStripItem.HandleClick(EventArgs e)
   在 System.Windows.Forms.ToolStripItem.HandleMouseUp(MouseEventArgs e)
   在 System.Windows.Forms.ToolStrip.OnMouseUp(MouseEventArgs mea)
   在 System.Windows.Forms.Control.WmMouseUp(Message& m, MouseButtons button, Int32 clicks)
   在 System.Windows.Forms.Control.WndProc(Message& m)
   在 System.Windows.Forms.ToolStrip.WndProc(Message& m)
   在 System.Windows.Forms.MenuStrip.WndProc(Message& m)
   在 System.Windows.Forms.NativeWindow.DebuggableCallback(IntPtr hWnd, Int32 msg, IntPtr wparam, IntPtr lparam)
   在 System.Windows.Forms.UnsafeNativeMethods.DispatchMessageW(MSG& msg)
   在 System.Windows.Forms.Application.ComponentManager.System.Windows.Forms.UnsafeNativeMethods.IMsoComponentManager.FPushMessageLoop(IntPtr dwComponentID, Int32 reason, Int32 pvLoopData)
   在 System.Windows.Forms.Application.ThreadContext.RunMessageLoopInner(Int32 reason, ApplicationContext context)
   在 System.Windows.Forms.Application.ThreadContext.RunMessageLoop(Int32 reason, ApplicationContext context)
   在 System.Windows.Forms.Form.ShowDialog(IWin32Window owner)
   在 RZ_AutoGemaControl.GameConsole.ShowWindow() 位置 C:\Users\c8070\Desktop\20190826-RZ-GemaControl\AxisMovement\RZ-AutoGemaControl\GameConsole.cs:行号 284
   在 RZ_AutoGemaControl.StartUp.Main(String[] argvs) 位置 C:\Users\c8070\Desktop\20190826-RZ-GemaControl\AxisMovement\RZ-AutoGemaControl\StartUp.cs:行号 64 
 [2019/9/6 16:14:15 , Normal] ->  
 [2019/9/6 16:14:46 , Normal] ->  
 [2019/9/6 16:14:55 , Erro] -> 程序运行错误:System.ArgumentException: PortName 不能为空。
参数名: PortName
   在 System.IO.Ports.SerialPort.set_PortName(String value)
   在 ControlLib.ControlCom.Open() 位置 C:\Users\c8070\Desktop\20190826-RZ-GemaControl\AxisMovement\ControlLib\ControlCom.cs:行号 93
   在 RZ_AutoGemaControl.GameConsole.ConnectingDevice_Click(Object sender, EventArgs e) 位置 C:\Users\ASUS\Desktop\20190826-RZ-GemaControl\AxisMovement\RZ-AutoGemaControl\GameConsole.cs:行号 83
   在 System.Windows.Forms.ToolStripItem.RaiseEvent(Object key, EventArgs e)
   在 System.Windows.Forms.ToolStripMenuItem.OnClick(EventArgs e)
   在 System.Windows.Forms.ToolStripItem.HandleClick(EventArgs e)
   在 System.Windows.Forms.ToolStripItem.HandleMouseUp(MouseEventArgs e)
   在 System.Windows.Forms.ToolStrip.OnMouseUp(MouseEventArgs mea)
   在 System.Windows.Forms.Control.WmMouseUp(Message& m, MouseButtons button, Int32 clicks)
   在 System.Windows.Forms.Control.WndProc(Message& m)
   在 System.Windows.Forms.ToolStrip.WndProc(Message& m)
   在 System.Windows.Forms.MenuStrip.WndProc(Message& m)
   在 System.Windows.Forms.NativeWindow.DebuggableCallback(IntPtr hWnd, Int32 msg, IntPtr wparam, IntPtr lparam)
   在 System.Windows.Forms.UnsafeNativeMethods.DispatchMessageW(MSG& msg)
   在 System.Windows.Forms.Application.ComponentManager.System.Windows.Forms.UnsafeNativeMethods.IMsoComponentManager.FPushMessageLoop(IntPtr dwComponentID, Int32 reason, Int32 pvLoopData)
   在 System.Windows.Forms.Application.ThreadContext.RunMessageLoopInner(Int32 reason, ApplicationContext context)
   在 System.Windows.Forms.Application.ThreadContext.RunMessageLoop(Int32 reason, ApplicationContext context)
   在 System.Windows.Forms.Form.ShowDialog(IWin32Window owner)
   在 RZ_AutoGemaControl.GameConsole.ShowWindow() 位置 C:\Users\ASUS\Desktop\20190826-RZ-GemaControl\AxisMovement\RZ-AutoGemaControl\GameConsole.cs:行号 282
   在 RZ_AutoGemaControl.StartUp.Main(String[] argvs) 位置 C:\Users\ASUS\Desktop\20190826-RZ-GemaControl\AxisMovement\RZ-AutoGemaControl\StartUp.cs:行号 64 
 [2019/9/6 16:15:11 , Normal] ->  
 [2019/9/6 16:15:47 , Normal] ->  
 [2019/9/6 16:16:48 , Normal] ->  
 [2019/9/6 16:18:43 , Normal] ->  
 [2019/9/6 16:25:24 , Normal] ->  
 [2019/9/6 16:26:59 , Normal] ->  
 [2019/9/6 16:29:21 , Normal] ->  
 [2019/9/6 16:29:58 , Normal] ->  
 [2019/9/6 16:30:35 , Normal] ->  
 [2019/9/6 16:34:12 , Normal] ->  
 [2019/9/6 16:34:59 , Normal] ->  
 [2019/9/6 16:35:56 , Normal] ->  
 [2019/9/6 16:40:17 , Normal] ->  
 [2019/9/6 16:53:13 , Normal] ->  
 [2019/9/6 16:57:47 , Normal] ->  
 [2019/9/6 16:57:56 , Erro] -> 程序运行错误:System.FormatException: 输入字符串的格式不正确。
   在 System.Number.ParseDouble(String value, NumberStyles options, NumberFormatInfo numfmt)
   在 System.Convert.ToDouble(String value)
   在 RZ_AutoGemaControl.GameConsole.Movebackward_Click(Object sender, EventArgs e) 位置 C:\Users\ASUS\Desktop\20190826-RZ-GemaControl\AxisMovement\RZ-AutoGemaControl\GameConsole.cs:行号 243
   在 System.Windows.Forms.Control.OnClick(EventArgs e)
   在 System.Windows.Forms.Control.WmMouseUp(Message& m, MouseButtons button, Int32 clicks)
   在 System.Windows.Forms.Control.WndProc(Message& m)
   在 System.Windows.Forms.NativeWindow.DebuggableCallback(IntPtr hWnd, Int32 msg, IntPtr wparam, IntPtr lparam)
   在 System.Windows.Forms.UnsafeNativeMethods.DispatchMessageW(MSG& msg)
   在 System.Windows.Forms.Application.ComponentManager.System.Windows.Forms.UnsafeNativeMethods.IMsoComponentManager.FPushMessageLoop(IntPtr dwComponentID, Int32 reason, Int32 pvLoopData)
   在 System.Windows.Forms.Application.ThreadContext.RunMessageLoopInner(Int32 reason, ApplicationContext context)
   在 System.Windows.Forms.Application.ThreadContext.RunMessageLoop(Int32 reason, ApplicationContext context)
   在 System.Windows.Forms.Form.ShowDialog(IWin32Window owner)
   在 RZ_AutoGemaControl.GameConsole.ShowWindow() 位置 C:\Users\ASUS\Desktop\20190826-RZ-GemaControl\AxisMovement\RZ-AutoGemaControl\GameConsole.cs:行号 285
   在 RZ_AutoGemaControl.StartUp.Main(String[] argvs) 位置 C:\Users\ASUS\Desktop\20190826-RZ-GemaControl\AxisMovement\RZ-AutoGemaControl\StartUp.cs:行号 64 
 [2019/9/6 16:58:10 , Normal] ->  
 [2019/9/6 17:06:50 , Normal] ->  
 [2019/9/6 17:08:23 , Normal] ->  
 [2019/9/6 17:09:20 , Normal] ->  
 [2019/9/6 17:10:00 , Normal] ->  
 [2019/9/6 17:10:49 , Normal] ->  
 [2019/9/6 17:13:45 , Normal] ->  
 [2019/9/6 17:14:23 , Normal] ->  
 [2019/9/6 17:24:08 , Normal] ->  
 [2019/9/6 17:26:39 , Normal] ->  
 [2019/9/6 17:30:36 , Normal] ->  
 [2019/9/6 17:30:43 , Erro] -> 程序运行错误:Device_Link_LTSMC.LSTMCException: 请先连接设备!
   在 Device_Link_LTSMC.LTSMC_Axis.CheckAxis()
   在 Device_Link_LTSMC.LTSMC_Axis.GetAxisCurrentPosition()
   在 ControlDec.ConDevice.GetAxisPosition(Axis axis) 位置 C:\Users\ASUS\Desktop\20190826-RZ-GemaControl\AxisMovement\ControlDec\ConDevice.cs:行号 122
   在 RZ_AutoGemaControl.GameConsole.<GetCoordinates>b__15_1() 位置 C:\Users\ASUS\Desktop\20190826-RZ-GemaControl\AxisMovement\RZ-AutoGemaControl\GameConsole.cs:行号 105
   在 System.Windows.Forms.Control.InvokeMarshaledCallbackHelper(Object obj)
   在 System.Threading.ExecutionContext.RunInternal(ExecutionContext executionContext, ContextCallback callback, Object state, Boolean preserveSyncCtx)
   在 System.Threading.ExecutionContext.Run(ExecutionContext executionContext, ContextCallback callback, Object state, Boolean preserveSyncCtx)
   在 System.Threading.ExecutionContext.Run(ExecutionContext executionContext, ContextCallback callback, Object state)
   在 System.Windows.Forms.Control.InvokeMarshaledCallback(ThreadMethodEntry tme)
   在 System.Windows.Forms.Control.InvokeMarshaledCallbacks()
   在 System.Windows.Forms.Control.WndProc(Message& m)
   在 System.Windows.Forms.TextBox.WndProc(Message& m)
   在 System.Windows.Forms.NativeWindow.DebuggableCallback(IntPtr hWnd, Int32 msg, IntPtr wparam, IntPtr lparam)
   在 System.Windows.Forms.UnsafeNativeMethods.DispatchMessageW(MSG& msg)
   在 System.Windows.Forms.Application.ComponentManager.System.Windows.Forms.UnsafeNativeMethods.IMsoComponentManager.FPushMessageLoop(IntPtr dwComponentID, Int32 reason, Int32 pvLoopData)
   在 System.Windows.Forms.Application.ThreadContext.RunMessageLoopInner(Int32 reason, ApplicationContext context)
   在 System.Windows.Forms.Application.ThreadContext.RunMessageLoop(Int32 reason, ApplicationContext context)
   在 System.Windows.Forms.Form.ShowDialog(IWin32Window owner)
   在 RZ_AutoGemaControl.GameConsole.ShowWindow() 位置 C:\Users\ASUS\Desktop\20190826-RZ-GemaControl\AxisMovement\RZ-AutoGemaControl\GameConsole.cs:行号 285
   在 RZ_AutoGemaControl.StartUp.Main(String[] argvs) 位置 C:\Users\ASUS\Desktop\20190826-RZ-GemaControl\AxisMovement\RZ-AutoGemaControl\StartUp.cs:行号 64 
 [2019/9/6 17:30:53 , Normal] ->  
 [2019/9/6 17:33:32 , Erro] -> 程序运行错误:System.FormatException: 输入字符串的格式不正确。
   在 System.Number.ParseDouble(String value, NumberStyles options, NumberFormatInfo numfmt)
   在 System.Convert.ToDouble(String value)
   在 RZ_AutoGemaControl.GameConsole.Movebackward_Click(Object sender, EventArgs e) 位置 C:\Users\ASUS\Desktop\20190826-RZ-GemaControl\AxisMovement\RZ-AutoGemaControl\GameConsole.cs:行号 246
   在 System.Windows.Forms.Control.OnClick(EventArgs e)
   在 System.Windows.Forms.Control.WmMouseUp(Message& m, MouseButtons button, Int32 clicks)
   在 System.Windows.Forms.Control.WndProc(Message& m)
   在 System.Windows.Forms.NativeWindow.DebuggableCallback(IntPtr hWnd, Int32 msg, IntPtr wparam, IntPtr lparam)
   在 System.Windows.Forms.UnsafeNativeMethods.DispatchMessageW(MSG& msg)
   在 System.Windows.Forms.Application.ComponentManager.System.Windows.Forms.UnsafeNativeMethods.IMsoComponentManager.FPushMessageLoop(IntPtr dwComponentID, Int32 reason, Int32 pvLoopData)
   在 System.Windows.Forms.Application.ThreadContext.RunMessageLoopInner(Int32 reason, ApplicationContext context)
   在 System.Windows.Forms.Application.ThreadContext.RunMessageLoop(Int32 reason, ApplicationContext context)
   在 System.Windows.Forms.Form.ShowDialog(IWin32Window owner)
   在 RZ_AutoGemaControl.GameConsole.ShowWindow() 位置 C:\Users\ASUS\Desktop\20190826-RZ-GemaControl\AxisMovement\RZ-AutoGemaControl\GameConsole.cs:行号 285
   在 RZ_AutoGemaControl.StartUp.Main(String[] argvs) 位置 C:\Users\ASUS\Desktop\20190826-RZ-GemaControl\AxisMovement\RZ-AutoGemaControl\StartUp.cs:行号 64 
 [2019/9/6 17:33:45 , Normal] ->  
 [2019/9/6 17:34:13 , Normal] ->  
 [2019/9/6 17:35:03 , Normal] ->  
 [2019/9/6 17:35:44 , Normal] ->  
 [2019/9/6 17:51:22 , Normal] ->  
 [2019/9/6 17:53:05 , Erro] -> 程序运行错误:Device_Link_LTSMC.LSTMCException: Z正在执行上一次的任务，请先关闭或结束前一次的任务!
   在 Device_Link_LTSMC.LTSMC_Axis.CheckAxis()
   在 Device_Link_LTSMC.LTSMC_Axis.GetAxisCurrentPosition()
   在 ControlDec.ConDevice.GetAxisPosition(Axis axis) 位置 C:\Users\ASUS\Desktop\20190826-RZ-GemaControl\AxisMovement\ControlDec\ConDevice.cs:行号 122
   在 RZ_AutoGemaControl.GameConsole.<GetCoordinates>b__15_2() 位置 C:\Users\ASUS\Desktop\20190826-RZ-GemaControl\AxisMovement\RZ-AutoGemaControl\GameConsole.cs:行号 107
   在 System.Windows.Forms.Control.InvokeMarshaledCallbackHelper(Object obj)
   在 System.Threading.ExecutionContext.RunInternal(ExecutionContext executionContext, ContextCallback callback, Object state, Boolean preserveSyncCtx)
   在 System.Threading.ExecutionContext.Run(ExecutionContext executionContext, ContextCallback callback, Object state, Boolean preserveSyncCtx)
   在 System.Threading.ExecutionContext.Run(ExecutionContext executionContext, ContextCallback callback, Object state)
   在 System.Windows.Forms.Control.InvokeMarshaledCallback(ThreadMethodEntry tme)
   在 System.Windows.Forms.Control.InvokeMarshaledCallbacks()
   在 System.Windows.Forms.Control.WndProc(Message& m)
   在 System.Windows.Forms.TextBox.WndProc(Message& m)
   在 System.Windows.Forms.NativeWindow.DebuggableCallback(IntPtr hWnd, Int32 msg, IntPtr wparam, IntPtr lparam)
   在 System.Windows.Forms.UnsafeNativeMethods.DispatchMessageW(MSG& msg)
   在 System.Windows.Forms.Application.ComponentManager.System.Windows.Forms.UnsafeNativeMethods.IMsoComponentManager.FPushMessageLoop(IntPtr dwComponentID, Int32 reason, Int32 pvLoopData)
   在 System.Windows.Forms.Application.ThreadContext.RunMessageLoopInner(Int32 reason, ApplicationContext context)
   在 System.Windows.Forms.Application.ThreadContext.RunMessageLoop(Int32 reason, ApplicationContext context)
   在 System.Windows.Forms.Form.ShowDialog(IWin32Window owner)
   在 RZ_AutoGemaControl.GameConsole.ShowWindow() 位置 C:\Users\ASUS\Desktop\20190826-RZ-GemaControl\AxisMovement\RZ-AutoGemaControl\GameConsole.cs:行号 285
   在 RZ_AutoGemaControl.StartUp.Main(String[] argvs) 位置 C:\Users\ASUS\Desktop\20190826-RZ-GemaControl\AxisMovement\RZ-AutoGemaControl\StartUp.cs:行号 64 
 [2019/9/6 17:53:13 , Normal] ->  
 [2019/9/6 17:55:25 , Erro] -> 程序运行错误:Device_Link_LTSMC.LSTMCException: X正在执行上一次的任务，请先关闭或结束前一次的任务!
   在 Device_Link_LTSMC.LTSMC_Axis.CheckAxis()
   在 Device_Link_LTSMC.LTSMC_Axis.GetAxisCurrentPosition()
   在 ControlDec.ConDevice.GetAxisPosition(Axis axis) 位置 C:\Users\ASUS\Desktop\20190826-RZ-GemaControl\AxisMovement\ControlDec\ConDevice.cs:行号 122
   在 RZ_AutoGemaControl.GameConsole.<GetCoordinates>b__15_1() 位置 C:\Users\ASUS\Desktop\20190826-RZ-GemaControl\AxisMovement\RZ-AutoGemaControl\GameConsole.cs:行号 105
   在 System.Windows.Forms.Control.InvokeMarshaledCallbackHelper(Object obj)
   在 System.Threading.ExecutionContext.RunInternal(ExecutionContext executionContext, ContextCallback callback, Object state, Boolean preserveSyncCtx)
   在 System.Threading.ExecutionContext.Run(ExecutionContext executionContext, ContextCallback callback, Object state, Boolean preserveSyncCtx)
   在 System.Threading.ExecutionContext.Run(ExecutionContext executionContext, ContextCallback callback, Object state)
   在 System.Windows.Forms.Control.InvokeMarshaledCallback(ThreadMethodEntry tme)
   在 System.Windows.Forms.Control.InvokeMarshaledCallbacks()
   在 System.Windows.Forms.Control.WndProc(Message& m)
   在 System.Windows.Forms.TextBox.WndProc(Message& m)
   在 System.Windows.Forms.NativeWindow.DebuggableCallback(IntPtr hWnd, Int32 msg, IntPtr wparam, IntPtr lparam)
   在 System.Windows.Forms.UnsafeNativeMethods.DispatchMessageW(MSG& msg)
   在 System.Windows.Forms.Application.ComponentManager.System.Windows.Forms.UnsafeNativeMethods.IMsoComponentManager.FPushMessageLoop(IntPtr dwComponentID, Int32 reason, Int32 pvLoopData)
   在 System.Windows.Forms.Application.ThreadContext.RunMessageLoopInner(Int32 reason, ApplicationContext context)
   在 System.Windows.Forms.Application.ThreadContext.RunMessageLoop(Int32 reason, ApplicationContext context)
   在 System.Windows.Forms.Form.ShowDialog(IWin32Window owner)
   在 RZ_AutoGemaControl.GameConsole.ShowWindow() 位置 C:\Users\ASUS\Desktop\20190826-RZ-GemaControl\AxisMovement\RZ-AutoGemaControl\GameConsole.cs:行号 285
   在 RZ_AutoGemaControl.StartUp.Main(String[] argvs) 位置 C:\Users\ASUS\Desktop\20190826-RZ-GemaControl\AxisMovement\RZ-AutoGemaControl\StartUp.cs:行号 64 
 [2019/9/6 17:57:22 , Normal] ->  
 [2019/9/6 17:57:33 , Erro] -> 程序运行错误:Device_Link_LTSMC.LSTMCException: Y正在执行上一次的任务，请先关闭或结束前一次的任务!
   在 Device_Link_LTSMC.LTSMC_Axis.CheckAxis()
   在 Device_Link_LTSMC.LTSMC_Axis.GetAxisCurrentPosition()
   在 ControlDec.ConDevice.GetAxisPosition(Axis axis) 位置 C:\Users\ASUS\Desktop\20190826-RZ-GemaControl\AxisMovement\ControlDec\ConDevice.cs:行号 122
   在 RZ_AutoGemaControl.GameConsole.<GetCoordinates>b__15_1() 位置 C:\Users\ASUS\Desktop\20190826-RZ-GemaControl\AxisMovement\RZ-AutoGemaControl\GameConsole.cs:行号 105
   在 System.Windows.Forms.Control.InvokeMarshaledCallbackHelper(Object obj)
   在 System.Threading.ExecutionContext.RunInternal(ExecutionContext executionContext, ContextCallback callback, Object state, Boolean preserveSyncCtx)
   在 System.Threading.ExecutionContext.Run(ExecutionContext executionContext, ContextCallback callback, Object state, Boolean preserveSyncCtx)
   在 System.Threading.ExecutionContext.Run(ExecutionContext executionContext, ContextCallback callback, Object state)
   在 System.Windows.Forms.Control.InvokeMarshaledCallback(ThreadMethodEntry tme)
   在 System.Windows.Forms.Control.InvokeMarshaledCallbacks()
   在 System.Windows.Forms.Control.WndProc(Message& m)
   在 System.Windows.Forms.TextBox.WndProc(Message& m)
   在 System.Windows.Forms.NativeWindow.DebuggableCallback(IntPtr hWnd, Int32 msg, IntPtr wparam, IntPtr lparam)
   在 System.Windows.Forms.UnsafeNativeMethods.DispatchMessageW(MSG& msg)
   在 System.Windows.Forms.Application.ComponentManager.System.Windows.Forms.UnsafeNativeMethods.IMsoComponentManager.FPushMessageLoop(IntPtr dwComponentID, Int32 reason, Int32 pvLoopData)
   在 System.Windows.Forms.Application.ThreadContext.RunMessageLoopInner(Int32 reason, ApplicationContext context)
   在 System.Windows.Forms.Application.ThreadContext.RunMessageLoop(Int32 reason, ApplicationContext context)
   在 System.Windows.Forms.Form.ShowDialog(IWin32Window owner)
   在 RZ_AutoGemaControl.GameConsole.ShowWindow() 位置 C:\Users\ASUS\Desktop\20190826-RZ-GemaControl\AxisMovement\RZ-AutoGemaControl\GameConsole.cs:行号 285
   在 RZ_AutoGemaControl.StartUp.Main(String[] argvs) 位置 C:\Users\ASUS\Desktop\20190826-RZ-GemaControl\AxisMovement\RZ-AutoGemaControl\StartUp.cs:行号 64 
 [2019/9/6 17:57:42 , Normal] ->  
 [2019/9/6 18:00:45 , Erro] -> 程序运行错误:Device_Link_LTSMC.LSTMCException: Y正在执行上一次的任务，请先关闭或结束前一次的任务!
   在 Device_Link_LTSMC.LTSMC_Axis.CheckAxis()
   在 Device_Link_LTSMC.LTSMC_Axis.GetAxisCurrentPosition()
   在 ControlDec.ConDevice.GetAxisPosition(Axis axis) 位置 C:\Users\ASUS\Desktop\20190826-RZ-GemaControl\AxisMovement\ControlDec\ConDevice.cs:行号 122
   在 RZ_AutoGemaControl.GameConsole.<GetCoordinates>b__15_1() 位置 C:\Users\ASUS\Desktop\20190826-RZ-GemaControl\AxisMovement\RZ-AutoGemaControl\GameConsole.cs:行号 105
   在 System.Windows.Forms.Control.InvokeMarshaledCallbackHelper(Object obj)
   在 System.Threading.ExecutionContext.RunInternal(ExecutionContext executionContext, ContextCallback callback, Object state, Boolean preserveSyncCtx)
   在 System.Threading.ExecutionContext.Run(ExecutionContext executionContext, ContextCallback callback, Object state, Boolean preserveSyncCtx)
   在 System.Threading.ExecutionContext.Run(ExecutionContext executionContext, ContextCallback callback, Object state)
   在 System.Windows.Forms.Control.InvokeMarshaledCallback(ThreadMethodEntry tme)
   在 System.Windows.Forms.Control.InvokeMarshaledCallbacks()
   在 System.Windows.Forms.Control.WndProc(Message& m)
   在 System.Windows.Forms.TextBox.WndProc(Message& m)
   在 System.Windows.Forms.NativeWindow.DebuggableCallback(IntPtr hWnd, Int32 msg, IntPtr wparam, IntPtr lparam)
   在 System.Windows.Forms.UnsafeNativeMethods.DispatchMessageW(MSG& msg)
   在 System.Windows.Forms.Application.ComponentManager.System.Windows.Forms.UnsafeNativeMethods.IMsoComponentManager.FPushMessageLoop(IntPtr dwComponentID, Int32 reason, Int32 pvLoopData)
   在 System.Windows.Forms.Application.ThreadContext.RunMessageLoopInner(Int32 reason, ApplicationContext context)
   在 System.Windows.Forms.Application.ThreadContext.RunMessageLoop(Int32 reason, ApplicationContext context)
   在 System.Windows.Forms.Form.ShowDialog(IWin32Window owner)
   在 RZ_AutoGemaControl.GameConsole.ShowWindow() 位置 C:\Users\ASUS\Desktop\20190826-RZ-GemaControl\AxisMovement\RZ-AutoGemaControl\GameConsole.cs:行号 285
   在 RZ_AutoGemaControl.StartUp.Main(String[] argvs) 位置 C:\Users\ASUS\Desktop\20190826-RZ-GemaControl\AxisMovement\RZ-AutoGemaControl\StartUp.cs:行号 64 
 [2019/9/6 18:01:21 , Normal] ->  
 [2019/9/6 18:01:38 , Erro] -> 程序运行错误:Device_Link_LTSMC.LSTMCException: U正在执行上一次的任务，请先关闭或结束前一次的任务!
   在 Device_Link_LTSMC.LTSMC_Axis.CheckAxis()
   在 Device_Link_LTSMC.LTSMC_Axis.GetAxisCurrentPosition()
   在 ControlDec.ConDevice.GetAxisPosition(Axis axis) 位置 C:\Users\ASUS\Desktop\20190826-RZ-GemaControl\AxisMovement\ControlDec\ConDevice.cs:行号 122
   在 RZ_AutoGemaControl.GameConsole.<GetCoordinates>b__15_3() 位置 C:\Users\ASUS\Desktop\20190826-RZ-GemaControl\AxisMovement\RZ-AutoGemaControl\GameConsole.cs:行号 109
   在 System.Windows.Forms.Control.InvokeMarshaledCallbackHelper(Object obj)
   在 System.Threading.ExecutionContext.RunInternal(ExecutionContext executionContext, ContextCallback callback, Object state, Boolean preserveSyncCtx)
   在 System.Threading.ExecutionContext.Run(ExecutionContext executionContext, ContextCallback callback, Object state, Boolean preserveSyncCtx)
   在 System.Threading.ExecutionContext.Run(ExecutionContext executionContext, ContextCallback callback, Object state)
   在 System.Windows.Forms.Control.InvokeMarshaledCallback(ThreadMethodEntry tme)
   在 System.Windows.Forms.Control.InvokeMarshaledCallbacks()
   在 System.Windows.Forms.Control.WndProc(Message& m)
   在 System.Windows.Forms.TextBox.WndProc(Message& m)
   在 System.Windows.Forms.NativeWindow.DebuggableCallback(IntPtr hWnd, Int32 msg, IntPtr wparam, IntPtr lparam)
   在 System.Windows.Forms.UnsafeNativeMethods.DispatchMessageW(MSG& msg)
   在 System.Windows.Forms.Application.ComponentManager.System.Windows.Forms.UnsafeNativeMethods.IMsoComponentManager.FPushMessageLoop(IntPtr dwComponentID, Int32 reason, Int32 pvLoopData)
   在 System.Windows.Forms.Application.ThreadContext.RunMessageLoopInner(Int32 reason, ApplicationContext context)
   在 System.Windows.Forms.Application.ThreadContext.RunMessageLoop(Int32 reason, ApplicationContext context)
   在 System.Windows.Forms.Form.ShowDialog(IWin32Window owner)
   在 RZ_AutoGemaControl.GameConsole.ShowWindow() 位置 C:\Users\ASUS\Desktop\20190826-RZ-GemaControl\AxisMovement\RZ-AutoGemaControl\GameConsole.cs:行号 285
   在 RZ_AutoGemaControl.StartUp.Main(String[] argvs) 位置 C:\Users\ASUS\Desktop\20190826-RZ-GemaControl\AxisMovement\RZ-AutoGemaControl\StartUp.cs:行号 64 
 [2019/9/6 18:03:54 , Normal] ->  
 [2019/9/6 18:04:01 , Erro] -> 程序运行错误:Device_Link_LTSMC.LSTMCException: 请先连接设备!
   在 Device_Link_LTSMC.LTSMC_Axis.CheckAxis()
   在 Device_Link_LTSMC.LTSMC_Axis.GetAxisCurrentPosition()
   在 ControlDec.ConDevice.GetAxisPosition(Axis axis) 位置 C:\Users\ASUS\Desktop\20190826-RZ-GemaControl\AxisMovement\ControlDec\ConDevice.cs:行号 122
   在 RZ_AutoGemaControl.GameConsole.<GetCoordinates>b__15_1() 位置 C:\Users\ASUS\Desktop\20190826-RZ-GemaControl\AxisMovement\RZ-AutoGemaControl\GameConsole.cs:行号 105
   在 System.Windows.Forms.Control.InvokeMarshaledCallbackHelper(Object obj)
   在 System.Threading.ExecutionContext.RunInternal(ExecutionContext executionContext, ContextCallback callback, Object state, Boolean preserveSyncCtx)
   在 System.Threading.ExecutionContext.Run(ExecutionContext executionContext, ContextCallback callback, Object state, Boolean preserveSyncCtx)
   在 System.Threading.ExecutionContext.Run(ExecutionContext executionContext, ContextCallback callback, Object state)
   在 System.Windows.Forms.Control.InvokeMarshaledCallback(ThreadMethodEntry tme)
   在 System.Windows.Forms.Control.InvokeMarshaledCallbacks()
   在 System.Windows.Forms.Control.WndProc(Message& m)
   在 System.Windows.Forms.TextBox.WndProc(Message& m)
   在 System.Windows.Forms.NativeWindow.DebuggableCallback(IntPtr hWnd, Int32 msg, IntPtr wparam, IntPtr lparam)
   在 System.Windows.Forms.UnsafeNativeMethods.DispatchMessageW(MSG& msg)
   在 System.Windows.Forms.Application.ComponentManager.System.Windows.Forms.UnsafeNativeMethods.IMsoComponentManager.FPushMessageLoop(IntPtr dwComponentID, Int32 reason, Int32 pvLoopData)
   在 System.Windows.Forms.Application.ThreadContext.RunMessageLoopInner(Int32 reason, ApplicationContext context)
   在 System.Windows.Forms.Application.ThreadContext.RunMessageLoop(Int32 reason, ApplicationContext context)
   在 System.Windows.Forms.Form.ShowDialog(IWin32Window owner)
   在 RZ_AutoGemaControl.GameConsole.ShowWindow() 位置 C:\Users\ASUS\Desktop\20190826-RZ-GemaControl\AxisMovement\RZ-AutoGemaControl\GameConsole.cs:行号 285
   在 RZ_AutoGemaControl.StartUp.Main(String[] argvs) 位置 C:\Users\ASUS\Desktop\20190826-RZ-GemaControl\AxisMovement\RZ-AutoGemaControl\StartUp.cs:行号 64 
 [2019/9/6 18:04:08 , Normal] ->  
 [2019/9/6 18:04:35 , Erro] -> 程序运行错误:Device_Link_LTSMC.LSTMCException: U正在执行上一次的任务，请先关闭或结束前一次的任务!
   在 Device_Link_LTSMC.LTSMC_Axis.CheckAxis()
   在 Device_Link_LTSMC.LTSMC_Axis.GetAxisCurrentPosition()
   在 ControlDec.ConDevice.GetAxisPosition(Axis axis) 位置 C:\Users\ASUS\Desktop\20190826-RZ-GemaControl\AxisMovement\ControlDec\ConDevice.cs:行号 122
   在 RZ_AutoGemaControl.GameConsole.<GetCoordinates>b__15_3() 位置 C:\Users\ASUS\Desktop\20190826-RZ-GemaControl\AxisMovement\RZ-AutoGemaControl\GameConsole.cs:行号 109
   在 System.Windows.Forms.Control.InvokeMarshaledCallbackHelper(Object obj)
   在 System.Threading.ExecutionContext.RunInternal(ExecutionContext executionContext, ContextCallback callback, Object state, Boolean preserveSyncCtx)
   在 System.Threading.ExecutionContext.Run(ExecutionContext executionContext, ContextCallback callback, Object state, Boolean preserveSyncCtx)
   在 System.Threading.ExecutionContext.Run(ExecutionContext executionContext, ContextCallback callback, Object state)
   在 System.Windows.Forms.Control.InvokeMarshaledCallback(ThreadMethodEntry tme)
   在 System.Windows.Forms.Control.InvokeMarshaledCallbacks()
   在 System.Windows.Forms.Control.WndProc(Message& m)
   在 System.Windows.Forms.TextBox.WndProc(Message& m)
   在 System.Windows.Forms.NativeWindow.DebuggableCallback(IntPtr hWnd, Int32 msg, IntPtr wparam, IntPtr lparam)
   在 System.Windows.Forms.UnsafeNativeMethods.DispatchMessageW(MSG& msg)
   在 System.Windows.Forms.Application.ComponentManager.System.Windows.Forms.UnsafeNativeMethods.IMsoComponentManager.FPushMessageLoop(IntPtr dwComponentID, Int32 reason, Int32 pvLoopData)
   在 System.Windows.Forms.Application.ThreadContext.RunMessageLoopInner(Int32 reason, ApplicationContext context)
   在 System.Windows.Forms.Application.ThreadContext.RunMessageLoop(Int32 reason, ApplicationContext context)
   在 System.Windows.Forms.Form.ShowDialog(IWin32Window owner)
   在 RZ_AutoGemaControl.GameConsole.ShowWindow() 位置 C:\Users\ASUS\Desktop\20190826-RZ-GemaControl\AxisMovement\RZ-AutoGemaControl\GameConsole.cs:行号 285
   在 RZ_AutoGemaControl.StartUp.Main(String[] argvs) 位置 C:\Users\ASUS\Desktop\20190826-RZ-GemaControl\AxisMovement\RZ-AutoGemaControl\StartUp.cs:行号 64 
 