[2019/9/12 8:39:12 , Normal] ->  
 [2019/9/12 8:40:12 , Normal] ->  
 [2019/9/12 8:41:08 , Normal] ->  
 [2019/9/12 8:41:43 , Normal] ->  
 [2019/9/12 8:48:24 , Normal] ->  
 [2019/9/12 8:48:54 , Normal] ->  
 [2019/9/12 9:06:27 , Normal] ->  
 [2019/9/12 10:32:57 , Normal] ->  
 [2019/9/12 11:09:41 , Normal] ->  
 [2019/9/12 11:10:10 , Normal] ->  
 [2019/9/12 11:10:52 , Normal] ->  
 [2019/9/12 11:11:44 , Normal] ->  
 [2019/9/12 11:12:22 , Normal] ->  
 [2019/9/12 11:13:04 , Normal] ->  
 [2019/9/12 11:18:11 , Normal] ->  
 [2019/9/12 11:19:40 , Normal] ->  
 [2019/9/12 13:14:03 , Normal] ->  
 [2019/9/12 13:21:09 , Normal] ->  
 [2019/9/12 13:21:42 , Normal] ->  
 [2019/9/12 13:23:21 , Normal] ->  
 [2019/9/12 13:26:50 , Normal] ->  
 [2019/9/12 13:36:04 , Normal] ->  
 [2019/9/12 13:36:35 , Normal] ->  
 [2019/9/12 13:36:57 , Erro] -> 程序运行错误:Device_Link_LTSMC.LSTMCException: 错误信息:错误ERR_ENTER_WHILE_MOVING : 轴正在运动，不能进入该模式
, 错误编码:103 , 错误函数:SetRunDistance, 错误轴向:X
   在 Device_Link_LTSMC.LTSMC_Axis.CallBack(String optionFunction, Int16[] erroCodes)
   在 Device_Link_LTSMC.LTSMC_Axis.SetRunDistance()
   在 Device_Link_LTSMC.LTSMC_Axis.Run()
   在 Device_Link_LTSMC.LTSMC_Axis.SetRunDistance(Double move)
   在 ControlDec.ConDevice.moveX() 位置 C:\Users\ASUS\Desktop\20190826-RZ-GemaControl\AxisMovement\ControlDec\ConDevice.cs:行号 451
   在 RZ_AutoGemaControl.GameConsole.Button1_Click(Object sender, EventArgs e) 位置 C:\Users\ASUS\Desktop\20190826-RZ-GemaControl\AxisMovement\RZ-AutoGemaControl\GameConsole.cs:行号 395
   在 System.Windows.Forms.Control.OnClick(EventArgs e)
   在 System.Windows.Forms.Button.OnClick(EventArgs e)
   在 System.Windows.Forms.Button.OnMouseUp(MouseEventArgs mevent)
   在 System.Windows.Forms.Control.WmMouseUp(Message& m, MouseButtons button, Int32 clicks)
   在 System.Windows.Forms.Control.WndProc(Message& m)
   在 System.Windows.Forms.ButtonBase.WndProc(Message& m)
   在 System.Windows.Forms.Button.WndProc(Message& m)
   在 System.Windows.Forms.NativeWindow.DebuggableCallback(IntPtr hWnd, Int32 msg, IntPtr wparam, IntPtr lparam)
   在 System.Windows.Forms.UnsafeNativeMethods.DispatchMessageW(MSG& msg)
   在 System.Windows.Forms.Application.ComponentManager.System.Windows.Forms.UnsafeNativeMethods.IMsoComponentManager.FPushMessageLoop(IntPtr dwComponentID, Int32 reason, Int32 pvLoopData)
   在 System.Windows.Forms.Application.ThreadContext.RunMessageLoopInner(Int32 reason, ApplicationContext context)
   在 System.Windows.Forms.Application.ThreadContext.RunMessageLoop(Int32 reason, ApplicationContext context)
   在 System.Windows.Forms.Form.ShowDialog(IWin32Window owner)
   在 RZ_AutoGemaControl.GameConsole.ShowWindow() 位置 C:\Users\ASUS\Desktop\20190826-RZ-GemaControl\AxisMovement\RZ-AutoGemaControl\GameConsole.cs:行号 387
   在 RZ_AutoGemaControl.StartUp.Main(String[] argvs) 位置 C:\Users\ASUS\Desktop\20190826-RZ-GemaControl\AxisMovement\RZ-AutoGemaControl\StartUp.cs:行号 64 
 [2019/9/12 13:37:03 , Normal] ->  
 [2019/9/12 13:37:24 , Erro] -> 程序运行错误:Device_Link_LTSMC.LSTMCException: 错误信息:错误ERR_ENTER_WHILE_MOVING : 轴正在运动，不能进入该模式
, 错误编码:103 , 错误函数:SetRunDistance, 错误轴向:X
   在 Device_Link_LTSMC.LTSMC_Axis.CallBack(String optionFunction, Int16[] erroCodes)
   在 Device_Link_LTSMC.LTSMC_Axis.SetRunDistance()
   在 Device_Link_LTSMC.LTSMC_Axis.Run()
   在 Device_Link_LTSMC.LTSMC_Axis.SetRunDistance(Double move)
   在 ControlDec.ConDevice.moveX() 位置 C:\Users\ASUS\Desktop\20190826-RZ-GemaControl\AxisMovement\ControlDec\ConDevice.cs:行号 451
   在 RZ_AutoGemaControl.GameConsole.Button1_Click(Object sender, EventArgs e) 位置 C:\Users\ASUS\Desktop\20190826-RZ-GemaControl\AxisMovement\RZ-AutoGemaControl\GameConsole.cs:行号 395
   在 System.Windows.Forms.Control.OnClick(EventArgs e)
   在 System.Windows.Forms.Button.OnClick(EventArgs e)
   在 System.Windows.Forms.Button.OnMouseUp(MouseEventArgs mevent)
   在 System.Windows.Forms.Control.WmMouseUp(Message& m, MouseButtons button, Int32 clicks)
   在 System.Windows.Forms.Control.WndProc(Message& m)
   在 System.Windows.Forms.ButtonBase.WndProc(Message& m)
   在 System.Windows.Forms.Button.WndProc(Message& m)
   在 System.Windows.Forms.NativeWindow.DebuggableCallback(IntPtr hWnd, Int32 msg, IntPtr wparam, IntPtr lparam)
   在 System.Windows.Forms.UnsafeNativeMethods.DispatchMessageW(MSG& msg)
   在 System.Windows.Forms.Application.ComponentManager.System.Windows.Forms.UnsafeNativeMethods.IMsoComponentManager.FPushMessageLoop(IntPtr dwComponentID, Int32 reason, Int32 pvLoopData)
   在 System.Windows.Forms.Application.ThreadContext.RunMessageLoopInner(Int32 reason, ApplicationContext context)
   在 System.Windows.Forms.Application.ThreadContext.RunMessageLoop(Int32 reason, ApplicationContext context)
   在 System.Windows.Forms.Form.ShowDialog(IWin32Window owner)
   在 RZ_AutoGemaControl.GameConsole.ShowWindow() 位置 C:\Users\ASUS\Desktop\20190826-RZ-GemaControl\AxisMovement\RZ-AutoGemaControl\GameConsole.cs:行号 387
   在 RZ_AutoGemaControl.StartUp.Main(String[] argvs) 位置 C:\Users\ASUS\Desktop\20190826-RZ-GemaControl\AxisMovement\RZ-AutoGemaControl\StartUp.cs:行号 64 
 [2019/9/12 13:37:40 , Normal] ->  
 [2019/9/12 13:38:14 , Normal] ->  
 [2019/9/12 13:39:20 , Normal] ->  
 [2019/9/12 13:41:35 , Normal] ->  
 [2019/9/12 13:42:52 , Normal] ->  
 [2019/9/12 13:55:45 , Normal] ->  
 [2019/9/12 13:56:11 , Erro] -> 程序运行错误:System.InvalidOperationException: 执行 CreateHandle() 时无法调用值 Dispose()。
   在 System.Windows.Forms.Control.Dispose(Boolean disposing)
   在 System.ComponentModel.Component.Dispose()
   在 System.Windows.Forms.Control.Dispose(Boolean disposing)
   在 System.ComponentModel.Component.Dispose()
   在 System.Windows.Forms.Control.Dispose(Boolean disposing)
   在 System.ComponentModel.Component.Dispose()
   在 System.Windows.Forms.Control.Dispose(Boolean disposing)
   在 System.ComponentModel.Component.Dispose()
   在 System.Windows.Forms.Control.Dispose(Boolean disposing)
   在 System.Windows.Forms.Form.Dispose(Boolean disposing)
   在 RZ_AutoGemaControl.GameConsole.Dispose(Boolean disposing) 位置 C:\Users\ASUS\Desktop\20190826-RZ-GemaControl\AxisMovement\RZ-AutoGemaControl\GameConsole.Designer.cs:行号 20
   在 System.ComponentModel.Component.Dispose()
   在 RZ_AutoGemaControl.StartUp.Main(String[] argvs) 位置 C:\Users\ASUS\Desktop\20190826-RZ-GemaControl\AxisMovement\RZ-AutoGemaControl\StartUp.cs:行号 65 
 [2019/9/12 13:56:14 , Normal] ->  
 [2019/9/12 14:00:59 , Normal] ->  
 [2019/9/12 14:19:15 , Normal] ->  
 [2019/9/12 14:27:10 , Normal] ->  
 [2019/9/12 14:29:07 , Normal] ->  
 [2019/9/12 14:30:12 , Normal] ->  
 [2019/9/12 14:31:57 , Normal] ->  
 [2019/9/12 14:34:00 , Normal] ->  
 [2019/9/12 14:36:41 , Normal] ->  
 [2019/9/12 14:38:37 , Normal] ->  
 [2019/9/12 14:40:05 , Normal] ->  
 [2019/9/12 14:40:59 , Normal] ->  
 [2019/9/12 14:43:38 , Normal] ->  
 [2019/9/12 14:44:45 , Normal] ->  
 [2019/9/12 14:46:34 , Normal] ->  
 [2019/9/12 14:50:11 , Normal] ->  
 [2019/9/12 14:58:57 , Normal] ->  
 [2019/9/12 15:03:03 , Normal] ->  
 [2019/9/12 15:06:33 , Normal] ->  
 [2019/9/12 15:13:14 , Normal] ->  
 [2019/9/12 15:14:42 , Normal] ->  
 [2019/9/12 15:15:28 , Normal] ->  
 [2019/9/12 15:39:11 , Normal] ->  
 [2019/9/12 15:41:35 , Normal] ->  
 [2019/9/12 15:43:31 , Normal] ->  
 [2019/9/12 15:49:24 , Normal] ->  
 [2019/9/12 15:51:03 , Normal] ->  
 [2019/9/12 15:52:33 , Normal] ->  
 [2019/9/12 16:01:41 , Normal] ->  
 [2019/9/12 16:03:32 , Normal] ->  
 [2019/9/12 16:06:19 , Normal] ->  
 [2019/9/12 16:07:45 , Normal] ->  
 [2019/9/12 16:12:06 , Normal] ->  
 [2019/9/12 16:13:09 , Normal] ->  
 [2019/9/12 16:15:43 , Normal] ->  
 [2019/9/12 16:21:19 , Normal] ->  
 [2019/9/12 16:22:43 , Normal] ->  
 [2019/9/12 16:24:38 , Normal] ->  
 [2019/9/12 16:32:58 , Normal] ->  
 [2019/9/12 16:35:33 , Normal] ->  
 [2019/9/12 16:36:45 , Normal] ->  
 [2019/9/12 16:41:57 , Normal] ->  
 [2019/9/12 16:44:59 , Normal] ->  
 [2019/9/12 16:47:24 , Normal] ->  
 [2019/9/12 16:48:36 , Normal] ->  
 [2019/9/12 16:50:45 , Normal] ->  
 [2019/9/12 16:52:44 , Normal] ->  
 [2019/9/12 16:53:18 , Normal] ->  
 [2019/9/12 16:54:38 , Normal] ->  
 [2019/9/12 16:56:45 , Normal] ->  
 [2019/9/12 16:59:07 , Normal] ->  
 [2019/9/12 17:05:51 , Normal] ->  
 [2019/9/12 17:09:36 , Normal] ->  
 [2019/9/12 17:13:31 , Normal] ->  
 [2019/9/12 17:15:44 , Normal] ->  
 [2019/9/12 17:17:31 , Normal] ->  
 [2019/9/12 17:20:35 , Normal] ->  
 