[2019/9/29 9:35:23 , Normal] ->  
 [2019/9/29 9:44:06 , Normal] ->  
 [2019/9/29 9:44:09 , Erro] -> 程序运行错误:System.NullReferenceException: 未将对象引用设置到对象的实例。
   在 RZ_AutoGemaControl.GameConsole.button2_Click_2(Object sender, EventArgs e) 位置 E:\gitHubSave\CHQSave\20190826-RZ-GemaControl\AxisMovement\RZ-AutoGemaControl\GameConsole.cs:行号 384
   在 System.Windows.Forms.Control.OnClick(EventArgs e)
   在 System.Windows.Forms.Button.OnClick(EventArgs e)
   在 System.Windows.Forms.Button.OnMouseUp(MouseEventArgs mevent)
   在 System.Windows.Forms.Control.WmMouseUp(Message& m, MouseButtons button, Int32 clicks)
   在 System.Windows.Forms.Control.WndProc(Message& m)
   在 System.Windows.Forms.ButtonBase.WndProc(Message& m)
   在 System.Windows.Forms.Button.WndProc(Message& m)
   在 System.Windows.Forms.NativeWindow.DebuggableCallback(IntPtr hWnd, Int32 msg, IntPtr wparam, IntPtr lparam)
   在 System.Windows.Forms.UnsafeNativeMethods.DispatchMessageW(MSG& msg)
   在 System.Windows.Forms.Application.ComponentManager.System.Windows.Forms.UnsafeNativeMethods.IMsoComponentManager.FPushMessageLoop(IntPtr dwComponentID, Int32 reason, Int32 pvLoopData)
   在 System.Windows.Forms.Application.ThreadContext.RunMessageLoopInner(Int32 reason, ApplicationContext context)
   在 System.Windows.Forms.Application.ThreadContext.RunMessageLoop(Int32 reason, ApplicationContext context)
   在 System.Windows.Forms.Form.ShowDialog(IWin32Window owner)
   在 RZ_AutoGemaControl.GameConsole.ShowWindow() 位置 E:\gitHubSave\CHQSave\20190826-RZ-GemaControl\AxisMovement\RZ-AutoGemaControl\GameConsole.cs:行号 350
   在 RZ_AutoGemaControl.StartUp.Main(String[] argvs) 位置 E:\gitHubSave\CHQSave\20190826-RZ-GemaControl\AxisMovement\RZ-AutoGemaControl\StartUp.cs:行号 73 
 [2019/9/29 9:44:12 , Normal] ->  
 [2019/9/29 9:49:39 , Normal] ->  
 [2019/9/29 10:18:21 , Normal] ->  
 [2019/9/29 10:21:56 , Normal] ->  
 [2019/9/29 10:22:43 , Normal] ->  
 [2019/9/29 10:24:52 , Normal] ->  
 [2019/9/29 14:57:02 , Normal] ->  
 [2019/9/29 14:57:51 , Normal] ->  
 [2019/9/29 14:59:15 , Normal] ->  
 [2019/9/29 14:59:18 , Erro] -> 程序运行错误:Device_Link_LTSMC.LSTMCException: 请先连接设备!
   在 Device_Link_LTSMC.LTSMC_Axis.CheckAxis()
   在 Device_Link_LTSMC.LTSMC_Axis.SetAlwaysRunning(Direction dir)
   在 ControlDec.ConDevice.ContinuousMotion(Axis axis, Direction direction) 位置 E:\gitHubSave\CHQSave\20190826-RZ-GemaControl\AxisMovement\ControlDec\ConDevice.cs:行号 602
   在 RZ_AutoGemaControl.GameConsole.GameConsole_KeyDown(Object sender, KeyEventArgs e) 位置 E:\gitHubSave\CHQSave\20190826-RZ-GemaControl\AxisMovement\RZ-AutoGemaControl\GameConsole.cs:行号 413
   在 System.Windows.Forms.Control.OnKeyDown(KeyEventArgs e)
   在 System.Windows.Forms.Control.ProcessKeyEventArgs(Message& m)
   在 System.Windows.Forms.Form.ProcessKeyPreview(Message& m)
   在 System.Windows.Forms.Control.ProcessKeyMessage(Message& m)
   在 System.Windows.Forms.Control.WmKeyChar(Message& m)
   在 System.Windows.Forms.Control.WndProc(Message& m)
   在 System.Windows.Forms.ButtonBase.WndProc(Message& m)
   在 System.Windows.Forms.Button.WndProc(Message& m)
   在 System.Windows.Forms.NativeWindow.DebuggableCallback(IntPtr hWnd, Int32 msg, IntPtr wparam, IntPtr lparam)
   在 System.Windows.Forms.UnsafeNativeMethods.DispatchMessageW(MSG& msg)
   在 System.Windows.Forms.Application.ComponentManager.System.Windows.Forms.UnsafeNativeMethods.IMsoComponentManager.FPushMessageLoop(IntPtr dwComponentID, Int32 reason, Int32 pvLoopData)
   在 System.Windows.Forms.Application.ThreadContext.RunMessageLoopInner(Int32 reason, ApplicationContext context)
   在 System.Windows.Forms.Application.ThreadContext.RunMessageLoop(Int32 reason, ApplicationContext context)
   在 System.Windows.Forms.Form.ShowDialog(IWin32Window owner)
   在 RZ_AutoGemaControl.GameConsole.ShowWindow() 位置 E:\gitHubSave\CHQSave\20190826-RZ-GemaControl\AxisMovement\RZ-AutoGemaControl\GameConsole.cs:行号 350
   在 RZ_AutoGemaControl.StartUp.Main(String[] argvs) 位置 E:\gitHubSave\CHQSave\20190826-RZ-GemaControl\AxisMovement\RZ-AutoGemaControl\StartUp.cs:行号 73 
 [2019/9/29 14:59:32 , Normal] ->  
 [2019/9/29 14:59:40 , Erro] -> 程序运行错误:Device_Link_LTSMC.LSTMCException: 请先连接设备!
   在 Device_Link_LTSMC.LTSMC_Axis.CheckAxis()
   在 Device_Link_LTSMC.LTSMC_Axis.SetAlwaysRunning(Direction dir)
   在 ControlDec.ConDevice.ContinuousMotion(Axis axis, Direction direction) 位置 E:\gitHubSave\CHQSave\20190826-RZ-GemaControl\AxisMovement\ControlDec\ConDevice.cs:行号 602
   在 RZ_AutoGemaControl.GameConsole.GameConsole_KeyDown(Object sender, KeyEventArgs e) 位置 E:\gitHubSave\CHQSave\20190826-RZ-GemaControl\AxisMovement\RZ-AutoGemaControl\GameConsole.cs:行号 413
   在 System.Windows.Forms.Control.OnKeyDown(KeyEventArgs e)
   在 System.Windows.Forms.Control.ProcessKeyEventArgs(Message& m)
   在 System.Windows.Forms.Form.ProcessKeyPreview(Message& m)
   在 System.Windows.Forms.Control.ProcessKeyMessage(Message& m)
   在 System.Windows.Forms.Control.WmKeyChar(Message& m)
   在 System.Windows.Forms.Control.WndProc(Message& m)
   在 System.Windows.Forms.ButtonBase.WndProc(Message& m)
   在 System.Windows.Forms.Button.WndProc(Message& m)
   在 System.Windows.Forms.NativeWindow.DebuggableCallback(IntPtr hWnd, Int32 msg, IntPtr wparam, IntPtr lparam)
   在 System.Windows.Forms.UnsafeNativeMethods.DispatchMessageW(MSG& msg)
   在 System.Windows.Forms.Application.ComponentManager.System.Windows.Forms.UnsafeNativeMethods.IMsoComponentManager.FPushMessageLoop(IntPtr dwComponentID, Int32 reason, Int32 pvLoopData)
   在 System.Windows.Forms.Application.ThreadContext.RunMessageLoopInner(Int32 reason, ApplicationContext context)
   在 System.Windows.Forms.Application.ThreadContext.RunMessageLoop(Int32 reason, ApplicationContext context)
   在 System.Windows.Forms.Form.ShowDialog(IWin32Window owner)
   在 RZ_AutoGemaControl.GameConsole.ShowWindow() 位置 E:\gitHubSave\CHQSave\20190826-RZ-GemaControl\AxisMovement\RZ-AutoGemaControl\GameConsole.cs:行号 350
   在 RZ_AutoGemaControl.StartUp.Main(String[] argvs) 位置 E:\gitHubSave\CHQSave\20190826-RZ-GemaControl\AxisMovement\RZ-AutoGemaControl\StartUp.cs:行号 73 
 [2019/9/29 14:59:57 , Normal] ->  
 [2019/9/29 14:59:59 , Erro] -> 程序运行错误:Device_Link_LTSMC.LSTMCException: 请先连接设备!
   在 Device_Link_LTSMC.LTSMC_Axis.CheckAxis()
   在 Device_Link_LTSMC.LTSMC_Axis.SetAlwaysRunning(Direction dir)
   在 ControlDec.ConDevice.ContinuousMotion(Axis axis, Direction direction) 位置 E:\gitHubSave\CHQSave\20190826-RZ-GemaControl\AxisMovement\ControlDec\ConDevice.cs:行号 602
   在 RZ_AutoGemaControl.GameConsole.GameConsole_KeyDown(Object sender, KeyEventArgs e) 位置 E:\gitHubSave\CHQSave\20190826-RZ-GemaControl\AxisMovement\RZ-AutoGemaControl\GameConsole.cs:行号 413
   在 System.Windows.Forms.Control.OnKeyDown(KeyEventArgs e)
   在 System.Windows.Forms.Control.ProcessKeyEventArgs(Message& m)
   在 System.Windows.Forms.Form.ProcessKeyPreview(Message& m)
   在 System.Windows.Forms.Control.ProcessKeyMessage(Message& m)
   在 System.Windows.Forms.Control.WmKeyChar(Message& m)
   在 System.Windows.Forms.Control.WndProc(Message& m)
   在 System.Windows.Forms.ButtonBase.WndProc(Message& m)
   在 System.Windows.Forms.Button.WndProc(Message& m)
   在 System.Windows.Forms.NativeWindow.DebuggableCallback(IntPtr hWnd, Int32 msg, IntPtr wparam, IntPtr lparam)
   在 System.Windows.Forms.UnsafeNativeMethods.DispatchMessageW(MSG& msg)
   在 System.Windows.Forms.Application.ComponentManager.System.Windows.Forms.UnsafeNativeMethods.IMsoComponentManager.FPushMessageLoop(IntPtr dwComponentID, Int32 reason, Int32 pvLoopData)
   在 System.Windows.Forms.Application.ThreadContext.RunMessageLoopInner(Int32 reason, ApplicationContext context)
   在 System.Windows.Forms.Application.ThreadContext.RunMessageLoop(Int32 reason, ApplicationContext context)
   在 System.Windows.Forms.Form.ShowDialog(IWin32Window owner)
   在 RZ_AutoGemaControl.GameConsole.ShowWindow() 位置 E:\gitHubSave\CHQSave\20190826-RZ-GemaControl\AxisMovement\RZ-AutoGemaControl\GameConsole.cs:行号 350
   在 RZ_AutoGemaControl.StartUp.Main(String[] argvs) 位置 E:\gitHubSave\CHQSave\20190826-RZ-GemaControl\AxisMovement\RZ-AutoGemaControl\StartUp.cs:行号 73 
 [2019/9/29 15:00:05 , Normal] ->  
 [2019/9/29 15:00:16 , Normal] ->  
 [2019/9/29 15:00:30 , Normal] ->  
 [2019/9/29 15:02:07 , Normal] ->  
 [2019/9/29 15:16:19 , Normal] ->  
 [2019/9/29 15:16:30 , Normal] ->  
 [2019/9/29 15:17:37 , Normal] ->  
 [2019/9/29 15:17:47 , Normal] ->  
 [2019/9/29 15:17:59 , Erro] -> 程序运行错误:Device_Link_LTSMC.LSTMCException: 请先连接设备!
   在 Device_Link_LTSMC.LTSMC_Axis.CheckAxis()
   在 Device_Link_LTSMC.LTSMC_Axis.SetAlwaysRunning(Direction dir)
   在 ControlDec.ConDevice.ContinuousMotion(Axis axis, Direction direction) 位置 E:\gitHubSave\CHQSave\20190826-RZ-GemaControl\AxisMovement\ControlDec\ConDevice.cs:行号 602
   在 RZ_AutoGemaControl.GameConsole.GameConsole_KeyDown(Object sender, KeyEventArgs e)
   在 System.Windows.Forms.Control.OnKeyDown(KeyEventArgs e)
   在 System.Windows.Forms.Control.ProcessKeyEventArgs(Message& m)
   在 System.Windows.Forms.Form.ProcessKeyPreview(Message& m)
   在 System.Windows.Forms.Control.ProcessKeyMessage(Message& m)
   在 System.Windows.Forms.Control.WmKeyChar(Message& m)
   在 System.Windows.Forms.Control.WndProc(Message& m)
   在 System.Windows.Forms.ButtonBase.WndProc(Message& m)
   在 System.Windows.Forms.Button.WndProc(Message& m)
   在 System.Windows.Forms.NativeWindow.DebuggableCallback(IntPtr hWnd, Int32 msg, IntPtr wparam, IntPtr lparam)
   在 System.Windows.Forms.UnsafeNativeMethods.DispatchMessageW(MSG& msg)
   在 System.Windows.Forms.Application.ComponentManager.System.Windows.Forms.UnsafeNativeMethods.IMsoComponentManager.FPushMessageLoop(IntPtr dwComponentID, Int32 reason, Int32 pvLoopData)
   在 System.Windows.Forms.Application.ThreadContext.RunMessageLoopInner(Int32 reason, ApplicationContext context)
   在 System.Windows.Forms.Application.ThreadContext.RunMessageLoop(Int32 reason, ApplicationContext context)
   在 System.Windows.Forms.Form.ShowDialog(IWin32Window owner)
   在 RZ_AutoGemaControl.GameConsole.ShowWindow()
   在 RZ_AutoGemaControl.StartUp.Main(String[] argvs) 
 [2019/9/29 15:18:13 , Normal] ->  
 