[2019/10/8 8:44:00 , Normal] -> 开始回零操作，停止任何操作！ 
 [2019/10/8 8:44:00 , Normal] -> 设置轴向归零参数 
 [2019/10/8 8:44:09 , Erro] -> 回零失败System.Exception: 未匹配!
   在 Device_Link_LTSMC.Tools.GetEnumTypeByType[T,V](V v)
   在 Device_Link_LTSMC.LTSMC_Axis.CallBack(String optionFunction, Int16[] erroCodes)
   在 Device_Link_LTSMC.LTSMC_Axis.SetStartFindZeroParameters(Double speed, Direction ToZeroDir)
   在 ControlDec.ConDevice.AxisRunToZero(Axis axis) 位置 F:\20190826-RZ-GemaControl\AxisMovement\ControlDec\ConDevice.cs:行号 85 
 [2019/10/8 8:46:28 , Normal] -> 开始回零操作，停止任何操作！ 
 [2019/10/8 8:46:28 , Normal] -> 设置轴向归零参数 
 [2019/10/8 8:46:31 , Erro] -> 回零失败Device_Link_LTSMC.LSTMCException: 伺服告警!轴向是：Z
   在 Device_Link_LTSMC.LTSMC_Axis.CheckAxis()
   在 Device_Link_LTSMC.LTSMC_Axis.PositionZeroClear()
   在 ControlDec.ConDevice.ClearPiont(Axis axis) 位置 F:\20190826-RZ-GemaControl\AxisMovement\ControlDec\ConDevice.cs:行号 368
   在 ControlDec.ConDevice.AxisRunToZero(Axis axis) 位置 F:\20190826-RZ-GemaControl\AxisMovement\ControlDec\ConDevice.cs:行号 89 
 [2019/10/8 8:48:06 , Normal] -> 开始回零操作，停止任何操作！ 
 [2019/10/8 8:48:06 , Normal] -> 设置轴向归零参数 
 [2019/10/8 8:48:10 , Normal] -> 所有垂直轴向归零成功 
 [2019/10/8 8:48:11 , Normal] -> 水平轴向归零成功 
 [2019/10/8 8:48:11 , Normal] -> 所有坐标清零成功 
 [2019/10/8 8:48:11 , Normal] -> 启动服务器成功 
 [2019/10/8 8:48:11 , Normal] -> 连接错误System.ArgumentNullException: 值不能为 null。
参数名: PortName
   在 System.IO.Ports.SerialPort.set_PortName(String value)
   在 ControlLib.ControlCom.Open() 位置 F:\20190826-RZ-GemaControl\AxisMovement\ControlLib\ControlCom.cs:行号 93
   在 TaskOption.TaskFormat.Link(String ip, Int32 port) 位置 F:\20190826-RZ-GemaControl\AxisMovement\TaskOption\TaskFormat.cs:行号 193 
 [2019/10/8 8:48:51 , Normal] -> 正在移动{0}轴U 
 [2019/10/8 8:48:51 , Normal] -> 正在移动{0}轴V 
 [2019/10/8 8:50:47 , Normal] -> 开始回零操作，停止任何操作！ 
 [2019/10/8 8:50:47 , Normal] -> 设置轴向归零参数 
 [2019/10/8 8:50:48 , Normal] -> 所有垂直轴向归零成功 
 [2019/10/8 8:50:53 , Normal] -> 水平轴向归零成功 
 [2019/10/8 8:50:53 , Normal] -> 所有坐标清零成功 
 [2019/10/8 8:50:53 , Normal] -> 启动服务器成功 
 [2019/10/8 8:50:53 , Normal] -> 连接错误System.ArgumentNullException: 值不能为 null。
参数名: PortName
   在 System.IO.Ports.SerialPort.set_PortName(String value)
   在 ControlLib.ControlCom.Open() 位置 F:\20190826-RZ-GemaControl\AxisMovement\ControlLib\ControlCom.cs:行号 93
   在 TaskOption.TaskFormat.Link(String ip, Int32 port) 位置 F:\20190826-RZ-GemaControl\AxisMovement\TaskOption\TaskFormat.cs:行号 193 
 [2019/10/8 8:51:04 , Normal] -> 正在移动{0}轴U 
 [2019/10/8 8:51:04 , Normal] -> 正在移动{0}轴V 
 [2019/10/8 8:51:12 , Normal] -> 正在移动{0}轴U 
 [2019/10/8 8:51:12 , Normal] -> 正在移动{0}轴V 
 [2019/10/8 8:52:43 , Normal] -> 开始回零操作，停止任何操作！ 
 [2019/10/8 8:52:43 , Normal] -> 设置轴向归零参数 
 [2019/10/8 8:52:45 , Normal] -> 所有垂直轴向归零成功 
 [2019/10/8 8:52:48 , Normal] -> 水平轴向归零成功 
 [2019/10/8 8:52:48 , Normal] -> 所有坐标清零成功 
 [2019/10/8 8:52:48 , Normal] -> 启动服务器成功 
 [2019/10/8 8:52:48 , Normal] -> 连接错误System.ArgumentNullException: 值不能为 null。
参数名: PortName
   在 System.IO.Ports.SerialPort.set_PortName(String value)
   在 ControlLib.ControlCom.Open() 位置 F:\20190826-RZ-GemaControl\AxisMovement\ControlLib\ControlCom.cs:行号 93
   在 TaskOption.TaskFormat.Link(String ip, Int32 port) 位置 F:\20190826-RZ-GemaControl\AxisMovement\TaskOption\TaskFormat.cs:行号 193 
 [2019/10/8 8:52:51 , Normal] -> 正在移动{0}轴U 
 [2019/10/8 8:52:51 , Normal] -> 正在移动{0}轴V 
 [2019/10/8 9:00:33 , Normal] -> 开始回零操作，停止任何操作！ 
 [2019/10/8 9:00:33 , Normal] -> 设置轴向归零参数 
 [2019/10/8 9:00:33 , Normal] -> 所有垂直轴向归零成功 
 [2019/10/8 9:00:36 , Normal] -> 水平轴向归零成功 
 [2019/10/8 9:00:36 , Normal] -> 所有坐标清零成功 
 [2019/10/8 9:00:36 , Normal] -> 启动服务器成功 
 [2019/10/8 9:00:36 , Normal] -> 连接错误System.ArgumentNullException: 值不能为 null。
参数名: PortName
   在 System.IO.Ports.SerialPort.set_PortName(String value)
   在 ControlLib.ControlCom.Open() 位置 F:\20190826-RZ-GemaControl\AxisMovement\ControlLib\ControlCom.cs:行号 93
   在 TaskOption.TaskFormat.Link(String ip, Int32 port) 位置 F:\20190826-RZ-GemaControl\AxisMovement\TaskOption\TaskFormat.cs:行号 193 
 [2019/10/8 9:11:17 , Normal] -> 开始回零操作，停止任何操作！ 
 [2019/10/8 9:11:17 , Normal] -> 设置轴向归零参数 
 [2019/10/8 9:11:17 , Normal] -> 所有垂直轴向归零成功 
 [2019/10/8 9:11:17 , Normal] -> 水平轴向归零成功 
 [2019/10/8 9:11:18 , Normal] -> 所有坐标清零成功 
 [2019/10/8 9:11:18 , Normal] -> 启动服务器成功 
 [2019/10/8 9:11:18 , Normal] -> 连接错误System.ArgumentNullException: 值不能为 null。
参数名: PortName
   在 System.IO.Ports.SerialPort.set_PortName(String value)
   在 ControlLib.ControlCom.Open() 位置 F:\20190826-RZ-GemaControl\AxisMovement\ControlLib\ControlCom.cs:行号 93
   在 TaskOption.TaskFormat.Link(String ip, Int32 port) 位置 F:\20190826-RZ-GemaControl\AxisMovement\TaskOption\TaskFormat.cs:行号 193 
 [2019/10/8 9:11:21 , Normal] -> 正在移动{0}轴U 
 [2019/10/8 9:11:21 , Normal] -> 正在移动{0}轴V 
 [2019/10/8 9:11:23 , Normal] -> 正在移动{0}轴U 
 [2019/10/8 9:11:23 , Normal] -> 正在移动{0}轴V 
 [2019/10/8 9:11:52 , Normal] -> 正在移动{0}轴U 
 [2019/10/8 9:11:52 , Normal] -> 正在移动{0}轴V 
 [2019/10/8 9:12:19 , Normal] -> 正在移动{0}轴U 
 [2019/10/8 9:12:19 , Normal] -> 正在移动{0}轴V 
 [2019/10/8 9:31:47 , Normal] -> 开始回零操作，停止任何操作！ 
 [2019/10/8 9:31:47 , Normal] -> 设置轴向归零参数 
 [2019/10/8 9:31:48 , Normal] -> 所有垂直轴向归零成功 
 [2019/10/8 9:31:49 , Normal] -> 水平轴向归零成功 
 [2019/10/8 9:31:49 , Normal] -> 所有坐标清零成功 
 [2019/10/8 9:31:49 , Normal] -> 启动服务器成功 
 [2019/10/8 9:31:49 , Normal] -> 连接错误System.ArgumentNullException: 值不能为 null。
参数名: PortName
   在 System.IO.Ports.SerialPort.set_PortName(String value)
   在 ControlLib.ControlCom.Open() 位置 F:\20190826-RZ-GemaControl\AxisMovement\ControlLib\ControlCom.cs:行号 93
   在 TaskOption.TaskFormat.Link(String ip, Int32 port) 位置 F:\20190826-RZ-GemaControl\AxisMovement\TaskOption\TaskFormat.cs:行号 193 
 [2019/10/8 9:32:03 , Normal] -> 正在移动{0}轴U 
 [2019/10/8 9:32:03 , Normal] -> 正在移动{0}轴V 
 [2019/10/8 9:32:18 , Normal] -> 正在移动{0}轴U 
 [2019/10/8 9:32:18 , Normal] -> 正在移动{0}轴V 
 [2019/10/8 9:32:35 , Normal] -> 正在移动{0}轴U 
 [2019/10/8 9:32:35 , Normal] -> 正在移动{0}轴V 
 [2019/10/8 9:32:36 , Normal] -> 正在移动{0}轴U 
 [2019/10/8 9:32:36 , Normal] -> 正在移动{0}轴V 
 [2019/10/8 9:32:36 , Normal] -> 正在移动{0}轴U 
 [2019/10/8 9:32:36 , Normal] -> 正在移动{0}轴V 
 [2019/10/8 9:32:37 , Normal] -> 正在移动{0}轴U 
 [2019/10/8 9:32:37 , Normal] -> 正在移动{0}轴V 
 [2019/10/8 9:32:37 , Normal] -> 正在移动{0}轴U 
 [2019/10/8 9:32:37 , Normal] -> 正在移动{0}轴V 
 [2019/10/8 9:32:38 , Normal] -> 正在移动{0}轴U 
 [2019/10/8 9:32:38 , Normal] -> 正在移动{0}轴V 
 [2019/10/8 9:32:38 , Normal] -> 正在移动{0}轴U 
 [2019/10/8 9:32:38 , Normal] -> 正在移动{0}轴V 
 [2019/10/8 9:32:38 , Normal] -> 正在移动{0}轴U 
 [2019/10/8 9:32:38 , Normal] -> 正在移动{0}轴V 
 [2019/10/8 9:32:39 , Normal] -> 正在移动{0}轴U 
 [2019/10/8 9:32:39 , Normal] -> 正在移动{0}轴V 
 [2019/10/8 9:32:39 , Normal] -> 正在移动{0}轴U 
 [2019/10/8 9:32:39 , Normal] -> 正在移动{0}轴V 
 [2019/10/8 9:32:40 , Normal] -> 正在移动{0}轴U 
 [2019/10/8 9:32:40 , Normal] -> 正在移动{0}轴V 
 [2019/10/8 9:32:40 , Normal] -> 正在移动{0}轴U 
 [2019/10/8 9:32:40 , Normal] -> 正在移动{0}轴V 
 [2019/10/8 9:32:40 , Normal] -> 正在移动{0}轴U 
 [2019/10/8 9:32:40 , Normal] -> 正在移动{0}轴V 
 [2019/10/8 9:32:41 , Normal] -> 正在移动{0}轴U 
 [2019/10/8 9:32:41 , Normal] -> 正在移动{0}轴V 
 [2019/10/8 9:32:42 , Normal] -> 正在移动{0}轴U 
 [2019/10/8 9:32:42 , Normal] -> 正在移动{0}轴V 
 [2019/10/8 9:32:42 , Normal] -> 正在移动{0}轴U 
 [2019/10/8 9:32:42 , Normal] -> 正在移动{0}轴V 
 [2019/10/8 9:32:43 , Normal] -> 正在移动{0}轴U 
 [2019/10/8 9:32:43 , Normal] -> 正在移动{0}轴V 
 [2019/10/8 9:32:43 , Normal] -> 正在移动{0}轴U 
 [2019/10/8 9:32:43 , Normal] -> 正在移动{0}轴V 
 [2019/10/8 9:32:44 , Normal] -> 正在移动{0}轴U 
 [2019/10/8 9:32:44 , Normal] -> 正在移动{0}轴V 
 [2019/10/8 9:32:44 , Normal] -> 正在移动{0}轴U 
 [2019/10/8 9:32:44 , Normal] -> 正在移动{0}轴V 
 [2019/10/8 9:32:45 , Normal] -> 正在移动{0}轴U 
 [2019/10/8 9:32:45 , Normal] -> 正在移动{0}轴V 
 [2019/10/8 9:32:46 , Normal] -> 正在移动{0}轴U 
 [2019/10/8 9:32:46 , Normal] -> 正在移动{0}轴V 
 [2019/10/8 9:32:46 , Normal] -> 正在移动{0}轴U 
 [2019/10/8 9:32:46 , Normal] -> 正在移动{0}轴V 
 [2019/10/8 9:32:47 , Normal] -> 正在移动{0}轴U 
 [2019/10/8 9:32:47 , Normal] -> 正在移动{0}轴V 
 [2019/10/8 9:32:47 , Normal] -> 正在移动{0}轴U 
 [2019/10/8 9:32:47 , Normal] -> 正在移动{0}轴V 
 [2019/10/8 9:32:48 , Normal] -> 正在移动{0}轴U 
 [2019/10/8 9:32:48 , Normal] -> 正在移动{0}轴V 
 [2019/10/8 9:32:48 , Normal] -> 正在移动{0}轴U 
 [2019/10/8 9:32:48 , Normal] -> 正在移动{0}轴V 
 [2019/10/8 9:32:49 , Normal] -> 正在移动{0}轴U 
 [2019/10/8 9:32:49 , Normal] -> 正在移动{0}轴V 
 [2019/10/8 9:32:53 , Normal] -> 正在移动{0}轴U 
 [2019/10/8 9:32:53 , Normal] -> 正在移动{0}轴V 
 [2019/10/8 9:32:54 , Normal] -> 正在移动{0}轴U 
 [2019/10/8 9:32:54 , Normal] -> 正在移动{0}轴V 
 [2019/10/8 9:32:56 , Normal] -> 正在移动{0}轴U 
 [2019/10/8 9:32:56 , Normal] -> 正在移动{0}轴V 
 [2019/10/8 9:32:58 , Normal] -> 正在移动{0}轴U 
 [2019/10/8 9:32:58 , Normal] -> 正在移动{0}轴V 
 [2019/10/8 9:32:58 , Normal] -> 正在移动{0}轴U 
 [2019/10/8 9:32:58 , Normal] -> 正在移动{0}轴V 
 [2019/10/8 9:32:59 , Normal] -> 正在移动{0}轴U 
 [2019/10/8 9:32:59 , Normal] -> 正在移动{0}轴V 
 [2019/10/8 9:33:00 , Normal] -> 正在移动{0}轴U 
 [2019/10/8 9:33:00 , Normal] -> 正在移动{0}轴V 
 [2019/10/8 9:33:01 , Normal] -> 正在移动{0}轴U 
 [2019/10/8 9:33:01 , Normal] -> 正在移动{0}轴V 
 [2019/10/8 9:33:03 , Normal] -> 正在移动{0}轴U 
 [2019/10/8 9:33:03 , Normal] -> 正在移动{0}轴V 
 [2019/10/8 9:33:04 , Normal] -> 正在移动{0}轴U 
 [2019/10/8 9:33:04 , Normal] -> 正在移动{0}轴V 
 [2019/10/8 9:33:05 , Normal] -> 正在移动{0}轴U 
 [2019/10/8 9:33:05 , Normal] -> 正在移动{0}轴V 
 [2019/10/8 9:33:05 , Normal] -> 正在移动{0}轴U 
 [2019/10/8 9:33:05 , Normal] -> 正在移动{0}轴V 
 [2019/10/8 9:33:06 , Normal] -> 正在移动{0}轴U 
 [2019/10/8 9:33:06 , Normal] -> 正在移动{0}轴V 
 [2019/10/8 9:33:07 , Normal] -> 正在移动{0}轴U 
 [2019/10/8 9:33:07 , Normal] -> 正在移动{0}轴V 
 [2019/10/8 9:33:07 , Normal] -> 正在移动{0}轴U 
 [2019/10/8 9:33:07 , Normal] -> 正在移动{0}轴V 
 [2019/10/8 9:33:08 , Normal] -> 正在移动{0}轴U 
 [2019/10/8 9:33:08 , Normal] -> 正在移动{0}轴V 
 [2019/10/8 9:33:09 , Normal] -> 正在移动{0}轴U 
 [2019/10/8 9:33:09 , Normal] -> 正在移动{0}轴V 
 [2019/10/8 9:33:10 , Normal] -> 正在移动{0}轴U 
 [2019/10/8 9:33:10 , Normal] -> 正在移动{0}轴V 
 [2019/10/8 9:33:10 , Normal] -> 正在移动{0}轴U 
 [2019/10/8 9:33:10 , Normal] -> 正在移动{0}轴V 
 [2019/10/8 9:33:11 , Normal] -> 正在移动{0}轴U 
 [2019/10/8 9:33:11 , Normal] -> 正在移动{0}轴V 
 [2019/10/8 9:33:12 , Normal] -> 正在移动{0}轴U 
 [2019/10/8 9:33:12 , Normal] -> 正在移动{0}轴V 
 [2019/10/8 9:33:13 , Normal] -> 正在移动{0}轴U 
 [2019/10/8 9:33:13 , Normal] -> 正在移动{0}轴V 
 [2019/10/8 9:33:13 , Normal] -> 正在移动{0}轴U 
 [2019/10/8 9:33:13 , Normal] -> 正在移动{0}轴V 
 [2019/10/8 9:33:14 , Normal] -> 正在移动{0}轴U 
 [2019/10/8 9:33:14 , Normal] -> 正在移动{0}轴V 
 [2019/10/8 9:33:15 , Normal] -> 正在移动{0}轴U 
 [2019/10/8 9:33:15 , Normal] -> 正在移动{0}轴V 
 [2019/10/8 9:33:15 , Normal] -> 正在移动{0}轴U 
 [2019/10/8 9:33:15 , Normal] -> 正在移动{0}轴V 
 [2019/10/8 9:33:16 , Normal] -> 正在移动{0}轴U 
 [2019/10/8 9:33:16 , Normal] -> 正在移动{0}轴V 
 [2019/10/8 9:33:17 , Normal] -> 正在移动{0}轴U 
 [2019/10/8 9:33:17 , Normal] -> 正在移动{0}轴V 
 [2019/10/8 9:33:18 , Normal] -> 正在移动{0}轴U 
 [2019/10/8 9:33:18 , Normal] -> 正在移动{0}轴V 
 [2019/10/8 9:33:18 , Normal] -> 正在移动{0}轴U 
 [2019/10/8 9:33:18 , Normal] -> 正在移动{0}轴V 
 [2019/10/8 9:33:19 , Normal] -> 正在移动{0}轴U 
 [2019/10/8 9:33:19 , Normal] -> 正在移动{0}轴V 
 [2019/10/8 9:33:19 , Normal] -> 正在移动{0}轴U 
 [2019/10/8 9:33:19 , Normal] -> 正在移动{0}轴V 
 [2019/10/8 9:33:20 , Normal] -> 正在移动{0}轴U 
 [2019/10/8 9:33:20 , Normal] -> 正在移动{0}轴V 
 [2019/10/8 9:33:21 , Normal] -> 正在移动{0}轴U 
 [2019/10/8 9:33:21 , Normal] -> 正在移动{0}轴V 
 [2019/10/8 9:33:22 , Normal] -> 正在移动{0}轴U 
 [2019/10/8 9:33:22 , Normal] -> 正在移动{0}轴V 
 [2019/10/8 9:33:22 , Normal] -> 正在移动{0}轴U 
 [2019/10/8 9:33:22 , Normal] -> 正在移动{0}轴V 
 [2019/10/8 9:33:23 , Normal] -> 正在移动{0}轴U 
 [2019/10/8 9:33:23 , Normal] -> 正在移动{0}轴V 
 [2019/10/8 9:33:24 , Normal] -> 正在移动{0}轴U 
 [2019/10/8 9:33:24 , Normal] -> 正在移动{0}轴V 
 [2019/10/8 9:33:24 , Normal] -> 正在移动{0}轴U 
 [2019/10/8 9:33:24 , Normal] -> 正在移动{0}轴V 
 [2019/10/8 9:33:31 , Normal] -> 正在移动{0}轴U 
 [2019/10/8 9:33:31 , Normal] -> 正在移动{0}轴V 
 [2019/10/8 9:33:32 , Normal] -> 正在移动{0}轴U 
 [2019/10/8 9:33:32 , Normal] -> 正在移动{0}轴V 
 [2019/10/8 9:33:33 , Normal] -> 正在移动{0}轴U 
 [2019/10/8 9:33:33 , Normal] -> 正在移动{0}轴V 
 [2019/10/8 9:33:34 , Normal] -> 正在移动{0}轴U 
 [2019/10/8 9:33:34 , Normal] -> 正在移动{0}轴V 
 [2019/10/8 9:33:35 , Normal] -> 正在移动{0}轴U 
 [2019/10/8 9:33:35 , Normal] -> 正在移动{0}轴V 
 [2019/10/8 9:33:36 , Normal] -> 正在移动{0}轴U 
 [2019/10/8 9:33:36 , Normal] -> 正在移动{0}轴V 
 [2019/10/8 9:33:37 , Normal] -> 正在移动{0}轴U 
 [2019/10/8 9:33:37 , Normal] -> 正在移动{0}轴V 
 [2019/10/8 9:33:38 , Normal] -> 正在移动{0}轴U 
 [2019/10/8 9:33:38 , Normal] -> 正在移动{0}轴V 
 [2019/10/8 9:33:38 , Normal] -> 正在移动{0}轴U 
 [2019/10/8 9:33:38 , Normal] -> 正在移动{0}轴V 
 [2019/10/8 9:33:39 , Normal] -> 正在移动{0}轴U 
 [2019/10/8 9:33:39 , Normal] -> 正在移动{0}轴V 
 [2019/10/8 9:33:40 , Normal] -> 正在移动{0}轴U 
 [2019/10/8 9:33:40 , Normal] -> 正在移动{0}轴V 
 [2019/10/8 9:33:41 , Normal] -> 正在移动{0}轴U 
 [2019/10/8 9:33:41 , Normal] -> 正在移动{0}轴V 
 [2019/10/8 9:33:42 , Normal] -> 正在移动{0}轴U 
 [2019/10/8 9:33:42 , Normal] -> 正在移动{0}轴V 
 [2019/10/8 9:33:42 , Normal] -> 正在移动{0}轴U 
 [2019/10/8 9:33:42 , Normal] -> 正在移动{0}轴V 
 [2019/10/8 9:33:43 , Normal] -> 正在移动{0}轴U 
 [2019/10/8 9:33:43 , Normal] -> 正在移动{0}轴V 
 [2019/10/8 9:33:43 , Normal] -> 正在移动{0}轴U 
 [2019/10/8 9:33:43 , Normal] -> 正在移动{0}轴V 
 [2019/10/8 9:33:45 , Normal] -> 正在移动{0}轴U 
 [2019/10/8 9:33:45 , Normal] -> 正在移动{0}轴V 
 [2019/10/8 9:33:46 , Normal] -> 正在移动{0}轴U 
 [2019/10/8 9:33:46 , Normal] -> 正在移动{0}轴V 
 [2019/10/8 9:33:46 , Normal] -> 正在移动{0}轴U 
 [2019/10/8 9:33:46 , Normal] -> 正在移动{0}轴V 
 [2019/10/8 9:33:47 , Normal] -> 正在移动{0}轴U 
 [2019/10/8 9:33:47 , Normal] -> 正在移动{0}轴V 
 [2019/10/8 9:33:47 , Normal] -> 正在移动{0}轴U 
 [2019/10/8 9:33:47 , Normal] -> 正在移动{0}轴V 
 [2019/10/8 9:33:48 , Normal] -> 正在移动{0}轴U 
 [2019/10/8 9:33:48 , Normal] -> 正在移动{0}轴V 
 [2019/10/8 9:33:48 , Normal] -> 正在移动{0}轴U 
 [2019/10/8 9:33:49 , Normal] -> 正在移动{0}轴V 
 [2019/10/8 9:33:49 , Normal] -> 正在移动{0}轴U 
 [2019/10/8 9:33:49 , Normal] -> 正在移动{0}轴V 
 [2019/10/8 9:33:50 , Normal] -> 正在移动{0}轴U 
 [2019/10/8 9:33:50 , Normal] -> 正在移动{0}轴V 
 [2019/10/8 9:33:51 , Normal] -> 正在移动{0}轴U 
 [2019/10/8 9:33:51 , Normal] -> 正在移动{0}轴V 
 [2019/10/8 9:33:52 , Normal] -> 正在移动{0}轴U 
 [2019/10/8 9:33:52 , Normal] -> 正在移动{0}轴V 
 [2019/10/8 9:33:52 , Normal] -> 正在移动{0}轴U 
 [2019/10/8 9:33:52 , Normal] -> 正在移动{0}轴V 
 [2019/10/8 9:35:57 , Normal] -> 开始回零操作，停止任何操作！ 
 [2019/10/8 9:35:57 , Normal] -> 设置轴向归零参数 
 [2019/10/8 9:35:57 , Normal] -> 所有垂直轴向归零成功 
 [2019/10/8 9:35:58 , Normal] -> 水平轴向归零成功 
 [2019/10/8 9:35:58 , Normal] -> 所有坐标清零成功 
 [2019/10/8 9:35:58 , Normal] -> 启动服务器成功 
 [2019/10/8 9:35:58 , Normal] -> 连接错误System.ArgumentNullException: 值不能为 null。
参数名: PortName
   在 System.IO.Ports.SerialPort.set_PortName(String value)
   在 ControlLib.ControlCom.Open() 位置 F:\20190826-RZ-GemaControl\AxisMovement\ControlLib\ControlCom.cs:行号 93
   在 TaskOption.TaskFormat.Link(String ip, Int32 port) 位置 F:\20190826-RZ-GemaControl\AxisMovement\TaskOption\TaskFormat.cs:行号 193 
 [2019/10/8 9:36:01 , Normal] -> 正在移动{0}轴U 
 [2019/10/8 9:36:01 , Normal] -> 正在移动{0}轴V 
 [2019/10/8 9:36:02 , Normal] -> 正在移动{0}轴U 
 [2019/10/8 9:36:02 , Normal] -> 正在移动{0}轴V 
 [2019/10/8 9:36:02 , Normal] -> 正在移动{0}轴U 
 [2019/10/8 9:36:03 , Normal] -> 正在移动{0}轴V 
 [2019/10/8 9:36:03 , Normal] -> 正在移动{0}轴U 
 [2019/10/8 9:36:03 , Normal] -> 正在移动{0}轴V 
 [2019/10/8 9:36:03 , Normal] -> 正在移动{0}轴U 
 [2019/10/8 9:36:03 , Normal] -> 正在移动{0}轴V 
 [2019/10/8 9:36:04 , Normal] -> 正在移动{0}轴U 
 [2019/10/8 9:36:04 , Normal] -> 正在移动{0}轴V 
 [2019/10/8 9:36:05 , Normal] -> 正在移动{0}轴U 
 [2019/10/8 9:36:05 , Normal] -> 正在移动{0}轴V 
 [2019/10/8 9:36:06 , Normal] -> 正在移动{0}轴U 
 [2019/10/8 9:36:07 , Normal] -> 正在移动{0}轴V 
 [2019/10/8 9:36:08 , Normal] -> 正在移动{0}轴U 
 [2019/10/8 9:36:10 , Normal] -> 正在移动{0}轴V 
 [2019/10/8 9:36:10 , Normal] -> 正在移动{0}轴U 
 [2019/10/8 9:36:11 , Normal] -> 正在移动{0}轴V 
 [2019/10/8 9:36:11 , Normal] -> 正在移动{0}轴U 
 [2019/10/8 9:36:12 , Normal] -> 正在移动{0}轴V 
 [2019/10/8 9:36:12 , Normal] -> 正在移动{0}轴U 
 [2019/10/8 9:36:12 , Normal] -> 正在移动{0}轴V 
 [2019/10/8 9:36:13 , Normal] -> 正在移动{0}轴U 
 [2019/10/8 9:36:13 , Normal] -> 正在移动{0}轴V 
 [2019/10/8 9:36:14 , Normal] -> 正在移动{0}轴U 
 [2019/10/8 9:36:14 , Normal] -> 正在移动{0}轴V 
 [2019/10/8 9:36:15 , Normal] -> 正在移动{0}轴U 
 [2019/10/8 9:36:15 , Normal] -> 正在移动{0}轴V 
 [2019/10/8 9:36:16 , Normal] -> 正在移动{0}轴U 
 [2019/10/8 9:36:16 , Normal] -> 正在移动{0}轴V 
 [2019/10/8 9:36:17 , Normal] -> 正在移动{0}轴U 
 [2019/10/8 9:36:17 , Normal] -> 正在移动{0}轴V 
 [2019/10/8 9:36:18 , Normal] -> 正在移动{0}轴U 
 [2019/10/8 9:36:18 , Normal] -> 正在移动{0}轴V 
 [2019/10/8 9:36:19 , Normal] -> 正在移动{0}轴U 
 [2019/10/8 9:36:19 , Normal] -> 正在移动{0}轴V 
 [2019/10/8 9:36:19 , Normal] -> 正在移动{0}轴U 
 [2019/10/8 9:36:20 , Normal] -> 正在移动{0}轴V 
 [2019/10/8 9:36:24 , Normal] -> 正在移动{0}轴U 
 [2019/10/8 9:36:24 , Normal] -> 正在移动{0}轴V 
 [2019/10/8 9:36:26 , Normal] -> 正在移动{0}轴U 
 [2019/10/8 9:36:26 , Normal] -> 正在移动{0}轴V 
 [2019/10/8 9:36:27 , Normal] -> 正在移动{0}轴U 
 [2019/10/8 9:36:27 , Normal] -> 正在移动{0}轴V 
 [2019/10/8 9:36:28 , Normal] -> 正在移动{0}轴U 
 [2019/10/8 9:36:28 , Normal] -> 正在移动{0}轴V 
 [2019/10/8 9:36:29 , Normal] -> 正在移动{0}轴U 
 [2019/10/8 9:36:29 , Normal] -> 正在移动{0}轴V 
 [2019/10/8 9:36:29 , Normal] -> 正在移动{0}轴U 
 [2019/10/8 9:36:30 , Normal] -> 正在移动{0}轴V 
 [2019/10/8 9:36:30 , Normal] -> 正在移动{0}轴U 
 [2019/10/8 9:36:31 , Normal] -> 正在移动{0}轴V 
 [2019/10/8 9:36:32 , Normal] -> 正在移动{0}轴U 
 [2019/10/8 9:36:32 , Normal] -> 正在移动{0}轴V 
 [2019/10/8 9:36:32 , Normal] -> 正在移动{0}轴U 
 [2019/10/8 9:36:32 , Normal] -> 正在移动{0}轴V 
 [2019/10/8 9:36:33 , Normal] -> 正在移动{0}轴U 
 [2019/10/8 9:36:33 , Normal] -> 正在移动{0}轴V 
 [2019/10/8 9:36:34 , Normal] -> 正在移动{0}轴U 
 [2019/10/8 9:36:34 , Normal] -> 正在移动{0}轴V 
 