[2019/10/12 13:41:49 , Normal] -> 开始回零操作，停止任何操作！ 
 [2019/10/12 13:41:49 , Normal] -> 设置轴向归零参数 
 [2019/10/12 13:41:50 , Normal] -> 所有垂直轴向归零成功 
 [2019/10/12 13:41:51 , Normal] -> 水平轴向归零成功 
 [2019/10/12 13:41:51 , Normal] -> 所有坐标清零成功 
 [2019/10/12 13:41:51 , Normal] -> 启动服务器成功 
 [2019/10/12 13:41:51 , Normal] -> 连接错误System.ArgumentNullException: 值不能为 null。
参数名: PortName
   在 System.IO.Ports.SerialPort.set_PortName(String value)
   在 ControlLib.ControlCom.Open() 位置 F:\20190826-RZ-GemaControl\AxisMovement\ControlLib\ControlCom.cs:行号 93
   在 TaskOption.TaskFormat.Link(String ip, Int32 port) 位置 F:\20190826-RZ-GemaControl\AxisMovement\TaskOption\TaskFormat.cs:行号 193 
 [2019/10/12 13:42:51 , Normal] -> 正在移动{0}轴X 
 [2019/10/12 13:42:51 , Normal] -> 正在移动{0}轴Y 
 [2019/10/12 13:42:52 , Normal] -> 正在移动{0}轴Z 
 [2019/10/12 13:42:52 , Normal] -> 正在移动{0}轴Z 
 [2019/10/12 13:42:52 , Normal] -> 正在移动{0}轴X 
 [2019/10/12 13:42:52 , Normal] -> 正在移动{0}轴Y 
 [2019/10/12 13:42:55 , Normal] -> 正在移动{0}轴X 
 [2019/10/12 13:42:55 , Normal] -> 正在移动{0}轴Y 
 [2019/10/12 13:42:56 , Normal] -> 正在移动{0}轴Z 
 [2019/10/12 13:43:07 , Normal] -> 正在移动{0}轴U 
 [2019/10/12 13:43:07 , Normal] -> 正在移动{0}轴V 
 [2019/10/12 13:43:08 , Normal] -> 正在移动{0}轴U 
 [2019/10/12 13:43:08 , Normal] -> 正在移动{0}轴V 
 [2019/10/12 13:43:10 , Normal] -> 正在移动{0}轴U 
 [2019/10/12 13:43:10 , Normal] -> 正在移动{0}轴V 
 [2019/10/12 13:43:12 , Normal] -> 正在移动{0}轴U 
 [2019/10/12 13:43:12 , Normal] -> 正在移动{0}轴V 
 [2019/10/12 13:43:14 , Normal] -> 正在移动{0}轴U 
 [2019/10/12 13:43:14 , Normal] -> 正在移动{0}轴V 
 [2019/10/12 13:43:15 , Normal] -> 正在移动{0}轴U 
 [2019/10/12 13:43:15 , Normal] -> 正在移动{0}轴V 
 [2019/10/12 13:43:16 , Normal] -> 正在移动{0}轴U 
 [2019/10/12 13:43:16 , Normal] -> 正在移动{0}轴V 
 [2019/10/12 13:43:16 , Normal] -> 正在移动{0}轴U 
 [2019/10/12 13:43:16 , Normal] -> 正在移动{0}轴V 
 [2019/10/12 13:43:26 , Normal] -> 正在移动{0}轴X 
 [2019/10/12 13:43:26 , Normal] -> 正在移动{0}轴Y 
 [2019/10/12 13:43:26 , Normal] -> 正在移动{0}轴Z 
 [2019/10/12 13:44:03 , Normal] -> 正在移动{0}轴U 
 [2019/10/12 13:44:13 , Normal] -> 正在移动{0}轴X 
 [2019/10/12 13:44:51 , Normal] -> 设备初始化失败！内容Device_Link_LTSMC.LSTMCException: 错误信息:错误Cannot_be_connected : 无法连接
, 错误编码:8 , 错误函数:LinkDevice, 错误轴向:总控制
   在 Device_Link_LTSMC.Device_Net_LSTMC.CallBack(String optionFunction, Int16[] erroCodes)
   在 Device_Link_LTSMC.Device_Net_LSTMC.LinkDevice()
   在 ControlDec.ConDevice.Link(Dictionary`2 infos) 位置 F:\20190826-RZ-GemaControl\AxisMovement\ControlDec\ConDevice.cs:行号 185 
 [2019/10/12 13:44:51 , Normal] -> 启动服务器成功 
 [2019/10/12 13:44:51 , Normal] -> 连接错误System.ArgumentNullException: 值不能为 null。
参数名: PortName
   在 System.IO.Ports.SerialPort.set_PortName(String value)
   在 ControlLib.ControlCom.Open() 位置 F:\20190826-RZ-GemaControl\AxisMovement\ControlLib\ControlCom.cs:行号 93
   在 TaskOption.TaskFormat.Link(String ip, Int32 port) 位置 F:\20190826-RZ-GemaControl\AxisMovement\TaskOption\TaskFormat.cs:行号 193 
 [2019/10/12 13:45:09 , Normal] -> 设备初始化失败！内容Device_Link_LTSMC.LSTMCException: 错误信息:错误Cannot_be_connected : 无法连接
, 错误编码:8 , 错误函数:LinkDevice, 错误轴向:总控制
   在 Device_Link_LTSMC.Device_Net_LSTMC.CallBack(String optionFunction, Int16[] erroCodes)
   在 Device_Link_LTSMC.Device_Net_LSTMC.LinkDevice()
   在 ControlDec.ConDevice.Link(Dictionary`2 infos) 位置 F:\20190826-RZ-GemaControl\AxisMovement\ControlDec\ConDevice.cs:行号 185 
 [2019/10/12 13:45:09 , Normal] -> 启动服务器成功 
 [2019/10/12 13:45:09 , Normal] -> 连接错误System.ArgumentNullException: 值不能为 null。
参数名: PortName
   在 System.IO.Ports.SerialPort.set_PortName(String value)
   在 ControlLib.ControlCom.Open() 位置 F:\20190826-RZ-GemaControl\AxisMovement\ControlLib\ControlCom.cs:行号 93
   在 TaskOption.TaskFormat.Link(String ip, Int32 port) 位置 F:\20190826-RZ-GemaControl\AxisMovement\TaskOption\TaskFormat.cs:行号 193 
 [2019/10/12 13:45:40 , Normal] -> 开始回零操作，停止任何操作！ 
 [2019/10/12 13:45:40 , Normal] -> 设置轴向归零参数 
 [2019/10/12 13:45:41 , Normal] -> 所有垂直轴向归零成功 
 [2019/10/12 13:45:43 , Normal] -> 水平轴向归零成功 
 [2019/10/12 13:45:43 , Normal] -> 所有坐标清零成功 
 [2019/10/12 13:45:43 , Normal] -> 启动服务器成功 
 [2019/10/12 13:45:43 , Normal] -> 连接错误System.ArgumentNullException: 值不能为 null。
参数名: PortName
   在 System.IO.Ports.SerialPort.set_PortName(String value)
   在 ControlLib.ControlCom.Open() 位置 F:\20190826-RZ-GemaControl\AxisMovement\ControlLib\ControlCom.cs:行号 93
   在 TaskOption.TaskFormat.Link(String ip, Int32 port) 位置 F:\20190826-RZ-GemaControl\AxisMovement\TaskOption\TaskFormat.cs:行号 193 
 [2019/10/12 13:45:49 , Normal] -> 正在移动{0}轴X 
 [2019/10/12 13:45:49 , Normal] -> 正在移动{0}轴Y 
 [2019/10/12 13:45:50 , Normal] -> 正在移动{0}轴Z 
 [2019/10/12 13:45:57 , Normal] -> 正在移动{0}轴U 
 [2019/10/12 13:45:57 , Normal] -> 正在移动{0}轴V 
 [2019/10/12 13:45:58 , Normal] -> 正在移动{0}轴U 
 [2019/10/12 13:45:58 , Normal] -> 正在移动{0}轴V 
 [2019/10/12 13:45:59 , Normal] -> 正在移动{0}轴U 
 [2019/10/12 13:45:59 , Normal] -> 正在移动{0}轴V 
 [2019/10/12 13:45:59 , Normal] -> 正在移动{0}轴U 
 [2019/10/12 13:45:59 , Normal] -> 正在移动{0}轴V 
 [2019/10/12 13:46:00 , Normal] -> 正在移动{0}轴U 
 [2019/10/12 13:46:00 , Normal] -> 正在移动{0}轴V 
 [2019/10/12 13:46:00 , Normal] -> 正在移动{0}轴U 
 [2019/10/12 13:46:00 , Normal] -> 正在移动{0}轴V 
 [2019/10/12 13:46:00 , Normal] -> 正在移动{0}轴U 
 [2019/10/12 13:46:00 , Normal] -> 正在移动{0}轴V 
 [2019/10/12 13:46:01 , Normal] -> 正在移动{0}轴U 
 [2019/10/12 13:46:01 , Normal] -> 正在移动{0}轴V 
 [2019/10/12 13:46:01 , Normal] -> 正在移动{0}轴U 
 [2019/10/12 13:46:01 , Normal] -> 正在移动{0}轴V 
 [2019/10/12 13:46:02 , Normal] -> 正在移动{0}轴U 
 [2019/10/12 13:46:02 , Normal] -> 正在移动{0}轴V 
 [2019/10/12 13:46:02 , Normal] -> 正在移动{0}轴U 
 [2019/10/12 13:46:02 , Normal] -> 正在移动{0}轴V 
 [2019/10/12 13:46:03 , Normal] -> 正在移动{0}轴U 
 [2019/10/12 13:46:03 , Normal] -> 正在移动{0}轴V 
 [2019/10/12 13:46:03 , Normal] -> 正在移动{0}轴U 
 [2019/10/12 13:46:03 , Normal] -> 正在移动{0}轴V 
 [2019/10/12 13:46:04 , Normal] -> 正在移动{0}轴U 
 [2019/10/12 13:46:04 , Normal] -> 正在移动{0}轴V 
 [2019/10/12 13:46:05 , Normal] -> 正在移动{0}轴U 
 [2019/10/12 13:46:05 , Normal] -> 正在移动{0}轴V 
 [2019/10/12 13:46:05 , Normal] -> 正在移动{0}轴U 
 [2019/10/12 13:46:05 , Normal] -> 正在移动{0}轴V 
 [2019/10/12 13:46:06 , Normal] -> 正在移动{0}轴U 
 [2019/10/12 13:46:06 , Normal] -> 正在移动{0}轴V 
 [2019/10/12 13:46:06 , Normal] -> 正在移动{0}轴U 
 [2019/10/12 13:46:06 , Normal] -> 正在移动{0}轴V 
 [2019/10/12 13:46:06 , Normal] -> 正在移动{0}轴U 
 [2019/10/12 13:46:06 , Normal] -> 正在移动{0}轴V 
 [2019/10/12 13:46:07 , Normal] -> 正在移动{0}轴U 
 [2019/10/12 13:46:07 , Normal] -> 正在移动{0}轴V 
 [2019/10/12 13:46:07 , Normal] -> 正在移动{0}轴U 
 [2019/10/12 13:46:07 , Normal] -> 正在移动{0}轴V 
 [2019/10/12 13:46:08 , Normal] -> 正在移动{0}轴U 
 [2019/10/12 13:46:08 , Normal] -> 正在移动{0}轴V 
 [2019/10/12 13:46:08 , Normal] -> 正在移动{0}轴U 
 [2019/10/12 13:46:08 , Normal] -> 正在移动{0}轴V 
 [2019/10/12 13:46:09 , Normal] -> 正在移动{0}轴U 
 [2019/10/12 13:46:09 , Normal] -> 正在移动{0}轴V 
 [2019/10/12 13:46:09 , Normal] -> 正在移动{0}轴U 
 [2019/10/12 13:46:09 , Normal] -> 正在移动{0}轴V 
 [2019/10/12 13:46:10 , Normal] -> 正在移动{0}轴U 
 [2019/10/12 13:46:10 , Normal] -> 正在移动{0}轴V 
 [2019/10/12 13:46:10 , Normal] -> 正在移动{0}轴U 
 [2019/10/12 13:46:10 , Normal] -> 正在移动{0}轴V 
 [2019/10/12 13:46:10 , Normal] -> 正在移动{0}轴U 
 [2019/10/12 13:46:10 , Normal] -> 正在移动{0}轴V 
 [2019/10/12 13:46:11 , Normal] -> 正在移动{0}轴U 
 [2019/10/12 13:46:11 , Normal] -> 正在移动{0}轴V 
 [2019/10/12 13:46:11 , Normal] -> 正在移动{0}轴U 
 [2019/10/12 13:46:11 , Normal] -> 正在移动{0}轴V 
 [2019/10/12 13:46:12 , Normal] -> 正在移动{0}轴U 
 [2019/10/12 13:46:12 , Normal] -> 正在移动{0}轴V 
 [2019/10/12 13:46:12 , Normal] -> 正在移动{0}轴U 
 [2019/10/12 13:46:12 , Normal] -> 正在移动{0}轴V 
 [2019/10/12 13:46:13 , Normal] -> 正在移动{0}轴U 
 [2019/10/12 13:46:13 , Normal] -> 正在移动{0}轴V 
 [2019/10/12 13:46:13 , Normal] -> 正在移动{0}轴U 
 [2019/10/12 13:46:13 , Normal] -> 正在移动{0}轴V 
 [2019/10/12 13:46:13 , Normal] -> 正在移动{0}轴X 
 [2019/10/12 13:46:13 , Normal] -> 正在移动{0}轴Y 
 [2019/10/12 13:46:13 , Normal] -> 正在移动{0}轴Z 
 [2019/10/12 13:46:14 , Normal] -> 正在移动{0}轴U 
 [2019/10/12 13:46:14 , Normal] -> 正在移动{0}轴V 
 [2019/10/12 13:46:14 , Normal] -> 正在移动{0}轴U 
 [2019/10/12 13:46:14 , Normal] -> 正在移动{0}轴V 
 [2019/10/12 13:46:14 , Normal] -> 正在移动{0}轴U 
 [2019/10/12 13:46:14 , Normal] -> 正在移动{0}轴V 
 [2019/10/12 13:46:15 , Normal] -> 正在移动{0}轴U 
 [2019/10/12 13:46:15 , Normal] -> 正在移动{0}轴V 
 [2019/10/12 13:46:15 , Normal] -> 正在移动{0}轴U 
 [2019/10/12 13:46:15 , Normal] -> 正在移动{0}轴V 
 [2019/10/12 13:46:16 , Normal] -> 正在移动{0}轴U 
 [2019/10/12 13:46:16 , Normal] -> 正在移动{0}轴V 
 [2019/10/12 13:46:16 , Normal] -> 正在移动{0}轴U 
 [2019/10/12 13:46:16 , Normal] -> 正在移动{0}轴V 
 [2019/10/12 13:46:17 , Normal] -> 正在移动{0}轴U 
 [2019/10/12 13:46:17 , Normal] -> 正在移动{0}轴V 
 [2019/10/12 13:46:17 , Normal] -> 正在移动{0}轴U 
 [2019/10/12 13:46:17 , Normal] -> 正在移动{0}轴V 
 [2019/10/12 13:46:17 , Normal] -> 正在移动{0}轴U 
 [2019/10/12 13:46:17 , Normal] -> 正在移动{0}轴V 
 [2019/10/12 13:46:18 , Normal] -> 正在移动{0}轴U 
 [2019/10/12 13:46:18 , Normal] -> 正在移动{0}轴V 
 [2019/10/12 13:46:18 , Normal] -> 正在移动{0}轴U 
 [2019/10/12 13:46:18 , Normal] -> 正在移动{0}轴V 
 [2019/10/12 13:46:19 , Normal] -> 正在移动{0}轴U 
 [2019/10/12 13:46:19 , Normal] -> 正在移动{0}轴V 
 [2019/10/12 13:46:19 , Normal] -> 正在移动{0}轴U 
 [2019/10/12 13:46:19 , Normal] -> 正在移动{0}轴V 
 [2019/10/12 13:46:19 , Normal] -> 正在移动{0}轴U 
 [2019/10/12 13:46:19 , Normal] -> 正在移动{0}轴V 
 [2019/10/12 13:46:20 , Normal] -> 正在移动{0}轴U 
 [2019/10/12 13:46:20 , Normal] -> 正在移动{0}轴V 
 [2019/10/12 13:46:20 , Normal] -> 正在移动{0}轴U 
 [2019/10/12 13:46:21 , Normal] -> 正在移动{0}轴V 
 [2019/10/12 13:46:21 , Normal] -> 正在移动{0}轴U 
 [2019/10/12 13:46:21 , Normal] -> 正在移动{0}轴V 
 [2019/10/12 13:46:21 , Normal] -> 正在移动{0}轴U 
 [2019/10/12 13:46:21 , Normal] -> 正在移动{0}轴V 
 [2019/10/12 13:46:22 , Normal] -> 正在移动{0}轴U 
 [2019/10/12 13:46:22 , Normal] -> 正在移动{0}轴V 
 [2019/10/12 13:46:31 , Normal] -> 正在移动{0}轴U 
 [2019/10/12 13:46:31 , Normal] -> 正在移动{0}轴V 
 [2019/10/12 13:46:31 , Normal] -> 正在移动{0}轴U 
 [2019/10/12 13:46:31 , Normal] -> 正在移动{0}轴V 
 [2019/10/12 13:46:31 , Normal] -> 正在移动{0}轴U 
 [2019/10/12 13:46:31 , Normal] -> 正在移动{0}轴V 
 [2019/10/12 13:46:32 , Normal] -> 正在移动{0}轴U 
 [2019/10/12 13:46:32 , Normal] -> 正在移动{0}轴V 
 [2019/10/12 13:46:33 , Normal] -> 正在移动{0}轴U 
 [2019/10/12 13:46:33 , Normal] -> 正在移动{0}轴V 
 [2019/10/12 13:46:34 , Normal] -> 正在移动{0}轴U 
 [2019/10/12 13:46:34 , Normal] -> 正在移动{0}轴V 
 [2019/10/12 13:46:35 , Normal] -> 正在移动{0}轴U 
 [2019/10/12 13:46:35 , Normal] -> 正在移动{0}轴V 
 [2019/10/12 13:46:35 , Normal] -> 正在移动{0}轴U 
 [2019/10/12 13:46:35 , Normal] -> 正在移动{0}轴V 
 [2019/10/12 13:46:36 , Normal] -> 正在移动{0}轴X 
 [2019/10/12 13:46:36 , Normal] -> 正在移动{0}轴Y 
 [2019/10/12 13:46:37 , Normal] -> 正在移动{0}轴Z 
 [2019/10/12 13:50:30 , Normal] -> 开始回零操作，停止任何操作！ 
 [2019/10/12 13:50:30 , Normal] -> 设置轴向归零参数 
 [2019/10/12 13:50:30 , Normal] -> 所有垂直轴向归零成功 
 [2019/10/12 13:50:30 , Normal] -> 水平轴向归零成功 
 [2019/10/12 13:50:30 , Normal] -> 所有坐标清零成功 
 [2019/10/12 13:50:30 , Normal] -> 启动服务器成功 
 [2019/10/12 13:50:30 , Normal] -> 连接错误System.ArgumentNullException: 值不能为 null。
参数名: PortName
   在 System.IO.Ports.SerialPort.set_PortName(String value)
   在 ControlLib.ControlCom.Open() 位置 F:\20190826-RZ-GemaControl\AxisMovement\ControlLib\ControlCom.cs:行号 93
   在 TaskOption.TaskFormat.Link(String ip, Int32 port) 位置 F:\20190826-RZ-GemaControl\AxisMovement\TaskOption\TaskFormat.cs:行号 193 
 [2019/10/12 13:50:32 , Normal] -> 正在移动{0}轴X 
 [2019/10/12 13:50:32 , Normal] -> 正在移动{0}轴Y 
 [2019/10/12 13:50:33 , Normal] -> 正在移动{0}轴Z 
 [2019/10/12 13:50:34 , Normal] -> 正在移动{0}轴Z 
 [2019/10/12 13:50:34 , Normal] -> 正在移动{0}轴X 
 [2019/10/12 13:50:34 , Normal] -> 正在移动{0}轴Y 
 [2019/10/12 13:50:35 , Normal] -> 正在移动{0}轴X 
 [2019/10/12 13:50:35 , Normal] -> 正在移动{0}轴Y 
 [2019/10/12 13:50:35 , Normal] -> 正在移动{0}轴Z 
 [2019/10/12 13:50:38 , Normal] -> 正在移动{0}轴U 
 [2019/10/12 13:50:38 , Normal] -> 正在移动{0}轴V 
 [2019/10/12 13:50:41 , Normal] -> 正在移动{0}轴U 
 [2019/10/12 13:50:41 , Normal] -> 正在移动{0}轴V 
 [2019/10/12 13:50:43 , Normal] -> 正在移动{0}轴U 
 [2019/10/12 13:50:43 , Normal] -> 正在移动{0}轴V 
 [2019/10/12 13:50:57 , Normal] -> 正在移动{0}轴U 
 [2019/10/12 13:50:57 , Normal] -> 正在移动{0}轴V 
 [2019/10/12 13:50:57 , Normal] -> 正在移动{0}轴U 
 [2019/10/12 13:50:57 , Normal] -> 正在移动{0}轴V 
 [2019/10/12 13:50:58 , Normal] -> 正在移动{0}轴U 
 [2019/10/12 13:50:58 , Normal] -> 正在移动{0}轴V 
 [2019/10/12 13:50:58 , Normal] -> 正在移动{0}轴U 
 [2019/10/12 13:50:58 , Normal] -> 正在移动{0}轴V 
 [2019/10/12 13:50:59 , Normal] -> 正在移动{0}轴U 
 [2019/10/12 13:50:59 , Normal] -> 正在移动{0}轴V 
 [2019/10/12 13:50:59 , Normal] -> 正在移动{0}轴U 
 [2019/10/12 13:50:59 , Normal] -> 正在移动{0}轴V 
 [2019/10/12 13:50:59 , Normal] -> 正在移动{0}轴U 
 [2019/10/12 13:50:59 , Normal] -> 正在移动{0}轴V 
 [2019/10/12 13:51:00 , Normal] -> 正在移动{0}轴U 
 [2019/10/12 13:51:00 , Normal] -> 正在移动{0}轴V 
 [2019/10/12 13:51:00 , Normal] -> 正在移动{0}轴U 
 [2019/10/12 13:51:00 , Normal] -> 正在移动{0}轴V 
 [2019/10/12 13:51:01 , Normal] -> 正在移动{0}轴U 
 [2019/10/12 13:51:01 , Normal] -> 正在移动{0}轴V 
 [2019/10/12 13:51:01 , Normal] -> 正在移动{0}轴U 
 [2019/10/12 13:51:01 , Normal] -> 正在移动{0}轴V 
 [2019/10/12 13:51:01 , Normal] -> 正在移动{0}轴U 
 [2019/10/12 13:51:01 , Normal] -> 正在移动{0}轴V 
 [2019/10/12 13:51:02 , Normal] -> 正在移动{0}轴U 
 [2019/10/12 13:51:02 , Normal] -> 正在移动{0}轴V 
 [2019/10/12 13:51:02 , Normal] -> 正在移动{0}轴U 
 [2019/10/12 13:51:02 , Normal] -> 正在移动{0}轴V 
 [2019/10/12 13:51:03 , Normal] -> 正在移动{0}轴U 
 [2019/10/12 13:51:03 , Normal] -> 正在移动{0}轴V 
 [2019/10/12 13:51:03 , Normal] -> 正在移动{0}轴U 
 [2019/10/12 13:51:03 , Normal] -> 正在移动{0}轴V 
 [2019/10/12 13:51:04 , Normal] -> 正在移动{0}轴U 
 [2019/10/12 13:51:04 , Normal] -> 正在移动{0}轴V 
 [2019/10/12 13:51:04 , Normal] -> 正在移动{0}轴U 
 [2019/10/12 13:51:04 , Normal] -> 正在移动{0}轴V 
 [2019/10/12 13:51:05 , Normal] -> 正在移动{0}轴U 
 [2019/10/12 13:51:05 , Normal] -> 正在移动{0}轴V 
 [2019/10/12 13:51:05 , Normal] -> 正在移动{0}轴U 
 [2019/10/12 13:51:05 , Normal] -> 正在移动{0}轴V 
 [2019/10/12 13:51:06 , Normal] -> 正在移动{0}轴U 
 [2019/10/12 13:51:06 , Normal] -> 正在移动{0}轴V 
 [2019/10/12 13:51:06 , Normal] -> 正在移动{0}轴U 
 [2019/10/12 13:51:06 , Normal] -> 正在移动{0}轴V 
 [2019/10/12 13:51:06 , Normal] -> 正在移动{0}轴U 
 [2019/10/12 13:51:06 , Normal] -> 正在移动{0}轴V 
 [2019/10/12 13:51:07 , Normal] -> 正在移动{0}轴U 
 [2019/10/12 13:51:07 , Normal] -> 正在移动{0}轴V 
 [2019/10/12 13:51:07 , Normal] -> 正在移动{0}轴U 
 [2019/10/12 13:51:07 , Normal] -> 正在移动{0}轴V 
 [2019/10/12 13:51:08 , Normal] -> 正在移动{0}轴U 
 [2019/10/12 13:51:08 , Normal] -> 正在移动{0}轴V 
 [2019/10/12 13:51:08 , Normal] -> 正在移动{0}轴U 
 [2019/10/12 13:51:08 , Normal] -> 正在移动{0}轴V 
 [2019/10/12 13:51:09 , Normal] -> 正在移动{0}轴U 
 [2019/10/12 13:51:09 , Normal] -> 正在移动{0}轴V 
 [2019/10/12 13:51:10 , Normal] -> 正在移动{0}轴U 
 [2019/10/12 13:51:10 , Normal] -> 正在移动{0}轴V 
 [2019/10/12 13:51:10 , Normal] -> 正在移动{0}轴U 
 [2019/10/12 13:51:10 , Normal] -> 正在移动{0}轴V 
 [2019/10/12 13:51:11 , Normal] -> 正在移动{0}轴U 
 [2019/10/12 13:51:11 , Normal] -> 正在移动{0}轴V 
 [2019/10/12 13:51:11 , Normal] -> 正在移动{0}轴U 
 [2019/10/12 13:51:11 , Normal] -> 正在移动{0}轴V 
 [2019/10/12 13:51:12 , Normal] -> 正在移动{0}轴X 
 [2019/10/12 13:51:12 , Normal] -> 正在移动{0}轴Y 
 [2019/10/12 13:51:12 , Normal] -> 正在移动{0}轴Z 
 [2019/10/12 13:51:41 , Normal] -> 正在移动{0}轴U 
 [2019/10/12 13:51:41 , Normal] -> 正在移动{0}轴V 
 [2019/10/12 13:51:42 , Normal] -> 正在移动{0}轴U 
 [2019/10/12 13:51:42 , Normal] -> 正在移动{0}轴V 
 [2019/10/12 13:51:42 , Normal] -> 正在移动{0}轴U 
 [2019/10/12 13:51:42 , Normal] -> 正在移动{0}轴V 
 [2019/10/12 13:51:43 , Normal] -> 正在移动{0}轴U 
 [2019/10/12 13:51:43 , Normal] -> 正在移动{0}轴V 
 [2019/10/12 13:51:43 , Normal] -> 正在移动{0}轴U 
 [2019/10/12 13:51:43 , Normal] -> 正在移动{0}轴V 
 [2019/10/12 13:51:43 , Normal] -> 正在移动{0}轴U 
 [2019/10/12 13:51:43 , Normal] -> 正在移动{0}轴V 
 [2019/10/12 13:51:44 , Normal] -> 正在移动{0}轴U 
 [2019/10/12 13:51:44 , Normal] -> 正在移动{0}轴V 
 [2019/10/12 13:51:44 , Normal] -> 正在移动{0}轴U 
 [2019/10/12 13:51:44 , Normal] -> 正在移动{0}轴V 
 [2019/10/12 13:51:45 , Normal] -> 正在移动{0}轴U 
 [2019/10/12 13:51:45 , Normal] -> 正在移动{0}轴V 
 [2019/10/12 13:51:45 , Normal] -> 正在移动{0}轴U 
 [2019/10/12 13:51:45 , Normal] -> 正在移动{0}轴V 
 [2019/10/12 13:51:45 , Normal] -> 正在移动{0}轴U 
 [2019/10/12 13:51:46 , Normal] -> 正在移动{0}轴V 
 [2019/10/12 13:51:46 , Normal] -> 正在移动{0}轴U 
 [2019/10/12 13:51:46 , Normal] -> 正在移动{0}轴V 
 [2019/10/12 13:51:47 , Normal] -> 正在移动{0}轴U 
 [2019/10/12 13:51:47 , Normal] -> 正在移动{0}轴V 
 [2019/10/12 13:51:48 , Normal] -> 正在移动{0}轴U 
 [2019/10/12 13:51:48 , Normal] -> 正在移动{0}轴V 
 [2019/10/12 13:51:48 , Normal] -> 正在移动{0}轴U 
 [2019/10/12 13:51:48 , Normal] -> 正在移动{0}轴V 
 [2019/10/12 13:51:48 , Normal] -> 正在移动{0}轴U 
 [2019/10/12 13:51:48 , Normal] -> 正在移动{0}轴V 
 [2019/10/12 13:51:49 , Normal] -> 正在移动{0}轴U 
 [2019/10/12 13:51:49 , Normal] -> 正在移动{0}轴V 
 [2019/10/12 13:51:49 , Normal] -> 正在移动{0}轴U 
 [2019/10/12 13:51:49 , Normal] -> 正在移动{0}轴V 
 [2019/10/12 13:51:50 , Normal] -> 正在移动{0}轴U 
 [2019/10/12 13:51:50 , Normal] -> 正在移动{0}轴V 
 [2019/10/12 13:51:50 , Normal] -> 正在移动{0}轴U 
 [2019/10/12 13:51:50 , Normal] -> 正在移动{0}轴V 
 [2019/10/12 13:51:50 , Normal] -> 正在移动{0}轴U 
 [2019/10/12 13:51:50 , Normal] -> 正在移动{0}轴V 
 [2019/10/12 13:51:51 , Normal] -> 正在移动{0}轴U 
 [2019/10/12 13:51:51 , Normal] -> 正在移动{0}轴V 
 [2019/10/12 13:51:53 , Normal] -> 正在移动{0}轴U 
 [2019/10/12 13:51:53 , Normal] -> 正在移动{0}轴V 
 [2019/10/12 13:51:54 , Normal] -> 正在移动{0}轴U 
 [2019/10/12 13:51:54 , Normal] -> 正在移动{0}轴V 
 [2019/10/12 13:51:54 , Normal] -> 正在移动{0}轴U 
 [2019/10/12 13:51:54 , Normal] -> 正在移动{0}轴V 
 [2019/10/12 13:51:55 , Normal] -> 正在移动{0}轴U 
 [2019/10/12 13:51:55 , Normal] -> 正在移动{0}轴V 
 [2019/10/12 13:51:55 , Normal] -> 正在移动{0}轴U 
 [2019/10/12 13:51:55 , Normal] -> 正在移动{0}轴V 
 [2019/10/12 13:51:56 , Normal] -> 正在移动{0}轴U 
 [2019/10/12 13:51:56 , Normal] -> 正在移动{0}轴V 
 [2019/10/12 13:51:57 , Normal] -> 正在移动{0}轴U 
 [2019/10/12 13:51:57 , Normal] -> 正在移动{0}轴V 
 [2019/10/12 13:51:57 , Normal] -> 正在移动{0}轴U 
 [2019/10/12 13:51:57 , Normal] -> 正在移动{0}轴V 
 [2019/10/12 13:51:57 , Normal] -> 正在移动{0}轴U 
 [2019/10/12 13:51:57 , Normal] -> 正在移动{0}轴V 
 [2019/10/12 13:51:58 , Normal] -> 正在移动{0}轴U 
 [2019/10/12 13:51:58 , Normal] -> 正在移动{0}轴V 
 [2019/10/12 13:51:59 , Normal] -> 正在移动{0}轴U 
 [2019/10/12 13:51:59 , Normal] -> 正在移动{0}轴V 
 [2019/10/12 13:51:59 , Normal] -> 正在移动{0}轴U 
 [2019/10/12 13:51:59 , Normal] -> 正在移动{0}轴V 
 [2019/10/12 13:52:01 , Normal] -> 正在移动{0}轴X 
 [2019/10/12 13:52:01 , Normal] -> 正在移动{0}轴Y 
 [2019/10/12 13:52:01 , Normal] -> 正在移动{0}轴Z 
 [2019/10/12 13:52:01 , Normal] -> 正在移动{0}轴U 
 [2019/10/12 13:52:01 , Normal] -> 正在移动{0}轴V 
 [2019/10/12 13:52:01 , Normal] -> 正在移动{0}轴U 
 [2019/10/12 13:52:01 , Normal] -> 正在移动{0}轴V 
 [2019/10/12 13:52:02 , Normal] -> 正在移动{0}轴U 
 [2019/10/12 13:52:02 , Normal] -> 正在移动{0}轴V 
 [2019/10/12 13:52:02 , Normal] -> 正在移动{0}轴U 
 [2019/10/12 13:52:02 , Normal] -> 正在移动{0}轴V 
 [2019/10/12 13:52:02 , Normal] -> 正在移动{0}轴U 
 [2019/10/12 13:52:02 , Normal] -> 正在移动{0}轴V 
 [2019/10/12 13:52:03 , Normal] -> 正在移动{0}轴U 
 [2019/10/12 13:52:03 , Normal] -> 正在移动{0}轴V 
 [2019/10/12 13:52:03 , Normal] -> 正在移动{0}轴U 
 [2019/10/12 13:52:03 , Normal] -> 正在移动{0}轴V 
 [2019/10/12 13:52:04 , Normal] -> 正在移动{0}轴U 
 [2019/10/12 13:52:04 , Normal] -> 正在移动{0}轴V 
 [2019/10/12 13:52:45 , Normal] -> 正在移动{0}轴U 
 [2019/10/12 13:52:45 , Normal] -> 正在移动{0}轴V 
 [2019/10/12 13:52:46 , Normal] -> 正在移动{0}轴U 
 [2019/10/12 13:52:46 , Normal] -> 正在移动{0}轴V 
 [2019/10/12 13:52:46 , Normal] -> 正在移动{0}轴U 
 [2019/10/12 13:52:46 , Normal] -> 正在移动{0}轴V 
 [2019/10/12 13:52:47 , Normal] -> 正在移动{0}轴U 
 [2019/10/12 13:52:47 , Normal] -> 正在移动{0}轴V 
 [2019/10/12 13:52:47 , Normal] -> 正在移动{0}轴U 
 [2019/10/12 13:52:47 , Normal] -> 正在移动{0}轴V 
 [2019/10/12 13:52:47 , Normal] -> 正在移动{0}轴U 
 [2019/10/12 13:52:47 , Normal] -> 正在移动{0}轴V 
 [2019/10/12 13:52:48 , Normal] -> 正在移动{0}轴U 
 [2019/10/12 13:52:48 , Normal] -> 正在移动{0}轴V 
 [2019/10/12 13:52:48 , Normal] -> 正在移动{0}轴U 
 [2019/10/12 13:52:48 , Normal] -> 正在移动{0}轴V 
 [2019/10/12 13:52:49 , Normal] -> 正在移动{0}轴U 
 [2019/10/12 13:52:49 , Normal] -> 正在移动{0}轴V 
 [2019/10/12 13:52:49 , Normal] -> 正在移动{0}轴U 
 [2019/10/12 13:52:49 , Normal] -> 正在移动{0}轴V 
 [2019/10/12 13:52:50 , Normal] -> 正在移动{0}轴U 
 [2019/10/12 13:52:50 , Normal] -> 正在移动{0}轴V 
 [2019/10/12 13:52:50 , Normal] -> 正在移动{0}轴U 
 [2019/10/12 13:52:50 , Normal] -> 正在移动{0}轴V 
 [2019/10/12 13:52:59 , Normal] -> 正在移动{0}轴X 
 [2019/10/12 13:52:59 , Normal] -> 正在移动{0}轴Y 
 [2019/10/12 13:52:59 , Normal] -> 正在移动{0}轴Z 
 [2019/10/12 13:53:09 , Normal] -> 正在移动{0}轴U 
 [2019/10/12 13:53:09 , Normal] -> 正在移动{0}轴V 
 [2019/10/12 13:53:10 , Normal] -> 正在移动{0}轴U 
 [2019/10/12 13:53:10 , Normal] -> 正在移动{0}轴V 
 [2019/10/12 13:53:10 , Normal] -> 正在移动{0}轴U 
 [2019/10/12 13:53:10 , Normal] -> 正在移动{0}轴V 
 [2019/10/12 13:53:11 , Normal] -> 正在移动{0}轴U 
 [2019/10/12 13:53:11 , Normal] -> 正在移动{0}轴V 
 [2019/10/12 13:53:11 , Normal] -> 正在移动{0}轴U 
 [2019/10/12 13:53:11 , Normal] -> 正在移动{0}轴V 
 [2019/10/12 13:53:12 , Normal] -> 正在移动{0}轴U 
 [2019/10/12 13:53:12 , Normal] -> 正在移动{0}轴V 
 [2019/10/12 13:53:12 , Normal] -> 正在移动{0}轴U 
 [2019/10/12 13:53:12 , Normal] -> 正在移动{0}轴V 
 [2019/10/12 13:53:13 , Normal] -> 正在移动{0}轴U 
 [2019/10/12 13:53:13 , Normal] -> 正在移动{0}轴V 
 [2019/10/12 13:53:13 , Normal] -> 正在移动{0}轴U 
 [2019/10/12 13:53:13 , Normal] -> 正在移动{0}轴V 
 [2019/10/12 13:53:14 , Normal] -> 正在移动{0}轴U 
 [2019/10/12 13:53:14 , Normal] -> 正在移动{0}轴V 
 [2019/10/12 13:53:14 , Normal] -> 正在移动{0}轴U 
 [2019/10/12 13:53:14 , Normal] -> 正在移动{0}轴V 
 [2019/10/12 13:53:15 , Normal] -> 正在移动{0}轴U 
 [2019/10/12 13:53:15 , Normal] -> 正在移动{0}轴V 
 [2019/10/12 13:53:16 , Normal] -> 正在移动{0}轴U 
 [2019/10/12 13:53:16 , Normal] -> 正在移动{0}轴V 
 [2019/10/12 13:53:16 , Normal] -> 正在移动{0}轴U 
 [2019/10/12 13:53:16 , Normal] -> 正在移动{0}轴V 
 [2019/10/12 13:53:17 , Normal] -> 正在移动{0}轴U 
 [2019/10/12 13:53:17 , Normal] -> 正在移动{0}轴V 
 [2019/10/12 13:53:17 , Normal] -> 正在移动{0}轴U 
 [2019/10/12 13:53:17 , Normal] -> 正在移动{0}轴V 
 [2019/10/12 13:53:17 , Normal] -> 正在移动{0}轴U 
 [2019/10/12 13:53:17 , Normal] -> 正在移动{0}轴V 
 [2019/10/12 13:53:18 , Normal] -> 正在移动{0}轴U 
 [2019/10/12 13:53:18 , Normal] -> 正在移动{0}轴V 
 [2019/10/12 13:53:18 , Normal] -> 正在移动{0}轴U 
 [2019/10/12 13:53:18 , Normal] -> 正在移动{0}轴V 
 [2019/10/12 13:53:19 , Normal] -> 正在移动{0}轴U 
 [2019/10/12 13:53:19 , Normal] -> 正在移动{0}轴V 
 [2019/10/12 13:53:19 , Normal] -> 正在移动{0}轴U 
 [2019/10/12 13:53:19 , Normal] -> 正在移动{0}轴V 
 [2019/10/12 13:53:20 , Normal] -> 正在移动{0}轴U 
 [2019/10/12 13:53:20 , Normal] -> 正在移动{0}轴V 
 [2019/10/12 13:53:20 , Normal] -> 正在移动{0}轴U 
 [2019/10/12 13:53:20 , Normal] -> 正在移动{0}轴V 
 [2019/10/12 13:53:20 , Normal] -> 正在移动{0}轴U 
 [2019/10/12 13:53:20 , Normal] -> 正在移动{0}轴V 
 [2019/10/12 13:53:21 , Normal] -> 正在移动{0}轴U 
 [2019/10/12 13:53:21 , Normal] -> 正在移动{0}轴V 
 [2019/10/12 13:53:21 , Normal] -> 正在移动{0}轴U 
 [2019/10/12 13:53:21 , Normal] -> 正在移动{0}轴V 
 [2019/10/12 13:53:22 , Normal] -> 正在移动{0}轴U 
 [2019/10/12 13:53:22 , Normal] -> 正在移动{0}轴V 
 [2019/10/12 13:53:22 , Normal] -> 正在移动{0}轴U 
 [2019/10/12 13:53:22 , Normal] -> 正在移动{0}轴V 
 [2019/10/12 13:53:22 , Normal] -> 正在移动{0}轴X 
 [2019/10/12 13:53:22 , Normal] -> 正在移动{0}轴Y 
 [2019/10/12 13:53:22 , Normal] -> 正在移动{0}轴Z 
 [2019/10/12 13:53:23 , Normal] -> 正在移动{0}轴U 
 [2019/10/12 13:53:23 , Normal] -> 正在移动{0}轴V 
 [2019/10/12 13:53:23 , Normal] -> 正在移动{0}轴U 
 [2019/10/12 13:53:23 , Normal] -> 正在移动{0}轴V 
 [2019/10/12 13:53:23 , Normal] -> 正在移动{0}轴U 
 [2019/10/12 13:53:23 , Normal] -> 正在移动{0}轴V 
 [2019/10/12 13:53:24 , Normal] -> 正在移动{0}轴U 
 [2019/10/12 13:53:24 , Normal] -> 正在移动{0}轴V 
 [2019/10/12 13:53:24 , Normal] -> 正在移动{0}轴X 
 [2019/10/12 13:53:24 , Normal] -> 正在移动{0}轴Y 
 [2019/10/12 13:53:24 , Normal] -> 正在移动{0}轴Z 
 [2019/10/12 13:53:24 , Normal] -> 正在移动{0}轴U 
 [2019/10/12 13:53:24 , Normal] -> 正在移动{0}轴V 
 [2019/10/12 13:53:25 , Normal] -> 正在移动{0}轴U 
 [2019/10/12 13:53:25 , Normal] -> 正在移动{0}轴V 
 [2019/10/12 13:53:25 , Normal] -> 正在移动{0}轴U 
 [2019/10/12 13:53:25 , Normal] -> 正在移动{0}轴V 
 [2019/10/12 13:53:26 , Normal] -> 正在移动{0}轴U 
 [2019/10/12 13:53:26 , Normal] -> 正在移动{0}轴V 
 [2019/10/12 13:53:26 , Normal] -> 正在移动{0}轴U 
 [2019/10/12 13:53:26 , Normal] -> 正在移动{0}轴V 
 [2019/10/12 13:53:26 , Normal] -> 正在移动{0}轴U 
 [2019/10/12 13:53:26 , Normal] -> 正在移动{0}轴V 
 [2019/10/12 13:53:27 , Normal] -> 正在移动{0}轴U 
 [2019/10/12 13:53:27 , Normal] -> 正在移动{0}轴V 
 [2019/10/12 13:53:27 , Normal] -> 正在移动{0}轴U 
 [2019/10/12 13:53:27 , Normal] -> 正在移动{0}轴V 
 [2019/10/12 13:53:27 , Normal] -> 正在移动{0}轴U 
 [2019/10/12 13:53:28 , Normal] -> 正在移动{0}轴V 
 [2019/10/12 13:53:28 , Normal] -> 正在移动{0}轴U 
 [2019/10/12 13:53:28 , Normal] -> 正在移动{0}轴V 
 [2019/10/12 13:53:28 , Normal] -> 正在移动{0}轴U 
 [2019/10/12 13:53:29 , Normal] -> 正在移动{0}轴V 
 [2019/10/12 13:53:29 , Normal] -> 正在移动{0}轴U 
 [2019/10/12 13:53:29 , Normal] -> 正在移动{0}轴V 
 [2019/10/12 13:53:29 , Normal] -> 正在移动{0}轴U 
 [2019/10/12 13:53:29 , Normal] -> 正在移动{0}轴V 
 [2019/10/12 13:53:30 , Normal] -> 正在移动{0}轴U 
 [2019/10/12 13:53:30 , Normal] -> 正在移动{0}轴V 
 [2019/10/12 13:53:30 , Normal] -> 正在移动{0}轴U 
 [2019/10/12 13:53:30 , Normal] -> 正在移动{0}轴V 
 [2019/10/12 13:53:31 , Normal] -> 正在移动{0}轴U 
 [2019/10/12 13:53:31 , Normal] -> 正在移动{0}轴V 
 [2019/10/12 13:53:31 , Normal] -> 正在移动{0}轴U 
 [2019/10/12 13:53:31 , Normal] -> 正在移动{0}轴V 
 [2019/10/12 13:53:32 , Normal] -> 正在移动{0}轴U 
 [2019/10/12 13:53:32 , Normal] -> 正在移动{0}轴V 
 [2019/10/12 13:53:32 , Normal] -> 正在移动{0}轴U 
 [2019/10/12 13:53:32 , Normal] -> 正在移动{0}轴V 
 [2019/10/12 13:53:32 , Normal] -> 正在移动{0}轴U 
 [2019/10/12 13:53:32 , Normal] -> 正在移动{0}轴V 
 [2019/10/12 13:53:33 , Normal] -> 正在移动{0}轴U 
 [2019/10/12 13:53:33 , Normal] -> 正在移动{0}轴V 
 [2019/10/12 13:53:33 , Normal] -> 正在移动{0}轴U 
 [2019/10/12 13:53:33 , Normal] -> 正在移动{0}轴V 
 [2019/10/12 13:53:34 , Normal] -> 正在移动{0}轴U 
 [2019/10/12 13:53:34 , Normal] -> 正在移动{0}轴V 
 [2019/10/12 13:53:34 , Normal] -> 正在移动{0}轴U 
 [2019/10/12 13:53:34 , Normal] -> 正在移动{0}轴V 
 [2019/10/12 13:53:34 , Normal] -> 正在移动{0}轴U 
 [2019/10/12 13:53:34 , Normal] -> 正在移动{0}轴V 
 [2019/10/12 13:53:35 , Normal] -> 正在移动{0}轴U 
 [2019/10/12 13:53:35 , Normal] -> 正在移动{0}轴V 
 [2019/10/12 13:53:35 , Normal] -> 正在移动{0}轴U 
 [2019/10/12 13:53:35 , Normal] -> 正在移动{0}轴V 
 [2019/10/12 13:53:36 , Normal] -> 正在移动{0}轴U 
 [2019/10/12 13:53:36 , Normal] -> 正在移动{0}轴V 
 [2019/10/12 13:54:43 , Normal] -> 正在移动{0}轴U 
 [2019/10/12 13:54:43 , Normal] -> 正在移动{0}轴V 
 [2019/10/12 13:54:45 , Normal] -> 正在移动{0}轴U 
 [2019/10/12 13:54:45 , Normal] -> 正在移动{0}轴V 
 [2019/10/12 13:54:46 , Normal] -> 正在移动{0}轴U 
 [2019/10/12 13:54:46 , Normal] -> 正在移动{0}轴V 
 [2019/10/12 13:54:47 , Normal] -> 正在移动{0}轴U 
 [2019/10/12 13:54:47 , Normal] -> 正在移动{0}轴V 
 [2019/10/12 13:54:47 , Normal] -> 正在移动{0}轴U 
 [2019/10/12 13:54:47 , Normal] -> 正在移动{0}轴V 
 [2019/10/12 13:54:47 , Normal] -> 正在移动{0}轴U 
 [2019/10/12 13:54:47 , Normal] -> 正在移动{0}轴V 
 [2019/10/12 13:54:48 , Normal] -> 正在移动{0}轴U 
 [2019/10/12 13:54:48 , Normal] -> 正在移动{0}轴V 
 [2019/10/12 13:54:49 , Normal] -> 正在移动{0}轴U 
 [2019/10/12 13:54:49 , Normal] -> 正在移动{0}轴V 
 [2019/10/12 13:54:49 , Normal] -> 正在移动{0}轴U 
 [2019/10/12 13:54:49 , Normal] -> 正在移动{0}轴V 
 [2019/10/12 13:54:49 , Normal] -> 正在移动{0}轴U 
 [2019/10/12 13:54:50 , Normal] -> 正在移动{0}轴V 
 [2019/10/12 13:54:50 , Normal] -> 正在移动{0}轴U 
 [2019/10/12 13:54:50 , Normal] -> 正在移动{0}轴V 
 [2019/10/12 13:54:51 , Normal] -> 正在移动{0}轴U 
 [2019/10/12 13:54:51 , Normal] -> 正在移动{0}轴V 
 [2019/10/12 13:54:51 , Normal] -> 正在移动{0}轴U 
 [2019/10/12 13:54:51 , Normal] -> 正在移动{0}轴V 
 [2019/10/12 13:54:51 , Normal] -> 正在移动{0}轴U 
 [2019/10/12 13:54:51 , Normal] -> 正在移动{0}轴V 
 [2019/10/12 13:54:52 , Normal] -> 正在移动{0}轴U 
 [2019/10/12 13:54:52 , Normal] -> 正在移动{0}轴V 
 [2019/10/12 13:54:52 , Normal] -> 正在移动{0}轴U 
 [2019/10/12 13:54:52 , Normal] -> 正在移动{0}轴V 
 [2019/10/12 13:54:53 , Normal] -> 正在移动{0}轴U 
 [2019/10/12 13:54:53 , Normal] -> 正在移动{0}轴V 
 [2019/10/12 13:54:53 , Normal] -> 正在移动{0}轴U 
 [2019/10/12 13:54:53 , Normal] -> 正在移动{0}轴V 
 [2019/10/12 13:55:05 , Normal] -> 正在移动{0}轴U 
 [2019/10/12 13:55:05 , Normal] -> 正在移动{0}轴V 
 [2019/10/12 13:55:06 , Normal] -> 正在移动{0}轴U 
 [2019/10/12 13:55:06 , Normal] -> 正在移动{0}轴V 
 [2019/10/12 13:55:06 , Normal] -> 正在移动{0}轴U 
 [2019/10/12 13:55:06 , Normal] -> 正在移动{0}轴V 
 [2019/10/12 13:55:07 , Normal] -> 正在移动{0}轴U 
 [2019/10/12 13:55:07 , Normal] -> 正在移动{0}轴V 
 [2019/10/12 13:55:07 , Normal] -> 正在移动{0}轴U 
 [2019/10/12 13:55:07 , Normal] -> 正在移动{0}轴V 
 [2019/10/12 13:55:09 , Normal] -> 正在移动{0}轴U 
 [2019/10/12 13:55:09 , Normal] -> 正在移动{0}轴V 
 [2019/10/12 13:55:10 , Normal] -> 正在移动{0}轴U 
 [2019/10/12 13:55:10 , Normal] -> 正在移动{0}轴V 
 [2019/10/12 13:55:10 , Normal] -> 正在移动{0}轴U 
 [2019/10/12 13:55:10 , Normal] -> 正在移动{0}轴V 
 [2019/10/12 13:55:11 , Normal] -> 正在移动{0}轴U 
 [2019/10/12 13:55:11 , Normal] -> 正在移动{0}轴V 
 [2019/10/12 13:55:11 , Normal] -> 正在移动{0}轴U 
 [2019/10/12 13:55:11 , Normal] -> 正在移动{0}轴V 
 [2019/10/12 13:55:14 , Normal] -> 正在移动{0}轴U 
 [2019/10/12 13:55:14 , Normal] -> 正在移动{0}轴V 
 [2019/10/12 13:55:14 , Normal] -> 正在移动{0}轴U 
 [2019/10/12 13:55:14 , Normal] -> 正在移动{0}轴V 
 [2019/10/12 13:55:15 , Normal] -> 正在移动{0}轴U 
 [2019/10/12 13:55:15 , Normal] -> 正在移动{0}轴V 
 [2019/10/12 13:55:15 , Normal] -> 正在移动{0}轴U 
 [2019/10/12 13:55:15 , Normal] -> 正在移动{0}轴V 
 [2019/10/12 13:55:16 , Normal] -> 正在移动{0}轴U 
 [2019/10/12 13:55:16 , Normal] -> 正在移动{0}轴V 
 [2019/10/12 13:55:16 , Normal] -> 正在移动{0}轴U 
 [2019/10/12 13:55:16 , Normal] -> 正在移动{0}轴V 
 [2019/10/12 13:55:17 , Normal] -> 正在移动{0}轴U 
 [2019/10/12 13:55:17 , Normal] -> 正在移动{0}轴V 
 [2019/10/12 13:55:18 , Normal] -> 正在移动{0}轴U 
 [2019/10/12 13:55:18 , Normal] -> 正在移动{0}轴V 
 [2019/10/12 13:55:18 , Normal] -> 正在移动{0}轴U 
 [2019/10/12 13:55:18 , Normal] -> 正在移动{0}轴V 
 [2019/10/12 13:55:18 , Normal] -> 正在移动{0}轴U 
 [2019/10/12 13:55:18 , Normal] -> 正在移动{0}轴V 
 [2019/10/12 13:55:19 , Normal] -> 正在移动{0}轴U 
 [2019/10/12 13:55:19 , Normal] -> 正在移动{0}轴V 
 [2019/10/12 13:55:19 , Normal] -> 正在移动{0}轴U 
 [2019/10/12 13:55:19 , Normal] -> 正在移动{0}轴V 
 [2019/10/12 13:55:20 , Normal] -> 正在移动{0}轴U 
 [2019/10/12 13:55:20 , Normal] -> 正在移动{0}轴V 
 [2019/10/12 13:55:20 , Normal] -> 正在移动{0}轴U 
 [2019/10/12 13:55:20 , Normal] -> 正在移动{0}轴V 
 [2019/10/12 13:55:20 , Normal] -> 正在移动{0}轴U 
 [2019/10/12 13:55:21 , Normal] -> 正在移动{0}轴V 
 [2019/10/12 13:55:21 , Normal] -> 正在移动{0}轴U 
 [2019/10/12 13:55:21 , Normal] -> 正在移动{0}轴V 
 [2019/10/12 13:55:21 , Normal] -> 正在移动{0}轴U 
 [2019/10/12 13:55:21 , Normal] -> 正在移动{0}轴V 
 [2019/10/12 13:55:22 , Normal] -> 正在移动{0}轴U 
 [2019/10/12 13:55:22 , Normal] -> 正在移动{0}轴V 
 [2019/10/12 13:55:22 , Normal] -> 正在移动{0}轴U 
 [2019/10/12 13:55:22 , Normal] -> 正在移动{0}轴V 
 [2019/10/12 13:55:23 , Normal] -> 正在移动{0}轴U 
 [2019/10/12 13:55:23 , Normal] -> 正在移动{0}轴V 
 [2019/10/12 13:55:23 , Normal] -> 正在移动{0}轴U 
 [2019/10/12 13:55:23 , Normal] -> 正在移动{0}轴V 
 [2019/10/12 13:55:24 , Normal] -> 正在移动{0}轴X 
 [2019/10/12 13:55:24 , Normal] -> 正在移动{0}轴Y 
 [2019/10/12 13:55:24 , Normal] -> 正在移动{0}轴Z 
 [2019/10/12 13:55:26 , Normal] -> 正在移动{0}轴Z 
 [2019/10/12 13:55:26 , Normal] -> 正在移动{0}轴X 
 [2019/10/12 13:55:26 , Normal] -> 正在移动{0}轴Y 
 [2019/10/12 13:55:27 , Normal] -> 正在移动{0}轴X 
 [2019/10/12 13:55:28 , Normal] -> 正在移动{0}轴Y 
 [2019/10/12 13:55:28 , Normal] -> 正在移动{0}轴Z 
 [2019/10/12 13:56:31 , Normal] -> 正在移动{0}轴U 
 [2019/10/12 13:56:31 , Normal] -> 正在移动{0}轴V 
 [2019/10/12 13:56:31 , Normal] -> 正在移动{0}轴U 
 [2019/10/12 13:56:31 , Normal] -> 正在移动{0}轴V 
 [2019/10/12 13:56:32 , Normal] -> 正在移动{0}轴U 
 [2019/10/12 13:56:32 , Normal] -> 正在移动{0}轴V 
 [2019/10/12 13:56:32 , Normal] -> 正在移动{0}轴U 
 [2019/10/12 13:56:32 , Normal] -> 正在移动{0}轴V 
 [2019/10/12 13:56:32 , Normal] -> 正在移动{0}轴U 
 [2019/10/12 13:56:32 , Normal] -> 正在移动{0}轴V 
 [2019/10/12 13:56:33 , Normal] -> 正在移动{0}轴U 
 [2019/10/12 13:56:33 , Normal] -> 正在移动{0}轴V 
 [2019/10/12 13:56:33 , Normal] -> 正在移动{0}轴U 
 [2019/10/12 13:56:33 , Normal] -> 正在移动{0}轴V 
 [2019/10/12 13:56:34 , Normal] -> 正在移动{0}轴U 
 [2019/10/12 13:56:34 , Normal] -> 正在移动{0}轴V 
 [2019/10/12 13:56:34 , Normal] -> 正在移动{0}轴U 
 [2019/10/12 13:56:34 , Normal] -> 正在移动{0}轴V 
 [2019/10/12 13:56:34 , Normal] -> 正在移动{0}轴U 
 [2019/10/12 13:56:34 , Normal] -> 正在移动{0}轴V 
 [2019/10/12 13:56:35 , Normal] -> 正在移动{0}轴U 
 [2019/10/12 13:56:35 , Normal] -> 正在移动{0}轴V 
 [2019/10/12 13:56:35 , Normal] -> 正在移动{0}轴U 
 [2019/10/12 13:56:35 , Normal] -> 正在移动{0}轴V 
 [2019/10/12 13:56:36 , Normal] -> 正在移动{0}轴U 
 [2019/10/12 13:56:36 , Normal] -> 正在移动{0}轴V 
 [2019/10/12 13:56:36 , Normal] -> 正在移动{0}轴U 
 [2019/10/12 13:56:36 , Normal] -> 正在移动{0}轴V 
 [2019/10/12 13:56:37 , Normal] -> 正在移动{0}轴U 
 [2019/10/12 13:56:37 , Normal] -> 正在移动{0}轴V 
 [2019/10/12 13:56:37 , Normal] -> 正在移动{0}轴U 
 [2019/10/12 13:56:37 , Normal] -> 正在移动{0}轴V 
 [2019/10/12 13:56:37 , Normal] -> 正在移动{0}轴U 
 [2019/10/12 13:56:37 , Normal] -> 正在移动{0}轴V 
 [2019/10/12 13:56:38 , Normal] -> 正在移动{0}轴U 
 [2019/10/12 13:56:38 , Normal] -> 正在移动{0}轴V 
 [2019/10/12 13:56:38 , Normal] -> 正在移动{0}轴U 
 [2019/10/12 13:56:38 , Normal] -> 正在移动{0}轴V 
 [2019/10/12 13:56:39 , Normal] -> 正在移动{0}轴U 
 [2019/10/12 13:56:39 , Normal] -> 正在移动{0}轴V 
 [2019/10/12 13:56:39 , Normal] -> 正在移动{0}轴U 
 [2019/10/12 13:56:39 , Normal] -> 正在移动{0}轴V 
 [2019/10/12 13:56:40 , Normal] -> 正在移动{0}轴U 
 [2019/10/12 13:56:40 , Normal] -> 正在移动{0}轴V 
 [2019/10/12 13:56:41 , Normal] -> 正在移动{0}轴U 
 [2019/10/12 13:56:41 , Normal] -> 正在移动{0}轴V 
 [2019/10/12 13:56:41 , Normal] -> 正在移动{0}轴U 
 [2019/10/12 13:56:41 , Normal] -> 正在移动{0}轴V 
 [2019/10/12 13:56:42 , Normal] -> 正在移动{0}轴U 
 [2019/10/12 13:56:42 , Normal] -> 正在移动{0}轴V 
 [2019/10/12 13:56:42 , Normal] -> 正在移动{0}轴U 
 [2019/10/12 13:56:42 , Normal] -> 正在移动{0}轴V 
 [2019/10/12 13:56:43 , Normal] -> 正在移动{0}轴U 
 [2019/10/12 13:56:43 , Normal] -> 正在移动{0}轴V 
 [2019/10/12 13:56:43 , Normal] -> 正在移动{0}轴U 
 [2019/10/12 13:56:43 , Normal] -> 正在移动{0}轴V 
 [2019/10/12 13:56:44 , Normal] -> 正在移动{0}轴U 
 [2019/10/12 13:56:44 , Normal] -> 正在移动{0}轴V 
 [2019/10/12 13:56:45 , Normal] -> 正在移动{0}轴U 
 [2019/10/12 13:56:45 , Normal] -> 正在移动{0}轴V 
 [2019/10/12 13:56:45 , Normal] -> 正在移动{0}轴U 
 [2019/10/12 13:56:45 , Normal] -> 正在移动{0}轴V 
 [2019/10/12 13:56:46 , Normal] -> 正在移动{0}轴U 
 [2019/10/12 13:56:46 , Normal] -> 正在移动{0}轴V 
 [2019/10/12 13:56:46 , Normal] -> 正在移动{0}轴U 
 [2019/10/12 13:56:46 , Normal] -> 正在移动{0}轴V 
 [2019/10/12 13:56:47 , Normal] -> 正在移动{0}轴U 
 [2019/10/12 13:56:47 , Normal] -> 正在移动{0}轴V 
 [2019/10/12 13:56:47 , Normal] -> 正在移动{0}轴U 
 [2019/10/12 13:56:47 , Normal] -> 正在移动{0}轴V 
 [2019/10/12 13:56:48 , Normal] -> 正在移动{0}轴U 
 [2019/10/12 13:56:48 , Normal] -> 正在移动{0}轴V 
 [2019/10/12 13:56:48 , Normal] -> 正在移动{0}轴U 
 [2019/10/12 13:56:48 , Normal] -> 正在移动{0}轴V 
 [2019/10/12 13:56:48 , Normal] -> 正在移动{0}轴U 
 [2019/10/12 13:56:48 , Normal] -> 正在移动{0}轴V 
 [2019/10/12 13:56:49 , Normal] -> 正在移动{0}轴U 
 [2019/10/12 13:56:49 , Normal] -> 正在移动{0}轴V 
 [2019/10/12 13:56:49 , Normal] -> 正在移动{0}轴U 
 [2019/10/12 13:56:49 , Normal] -> 正在移动{0}轴V 
 [2019/10/12 13:56:50 , Normal] -> 正在移动{0}轴U 
 [2019/10/12 13:56:50 , Normal] -> 正在移动{0}轴V 
 [2019/10/12 13:56:50 , Normal] -> 正在移动{0}轴U 
 [2019/10/12 13:56:50 , Normal] -> 正在移动{0}轴V 
 [2019/10/12 13:56:50 , Normal] -> 正在移动{0}轴U 
 [2019/10/12 13:56:50 , Normal] -> 正在移动{0}轴V 
 [2019/10/12 13:56:51 , Normal] -> 正在移动{0}轴U 
 [2019/10/12 13:56:51 , Normal] -> 正在移动{0}轴V 
 [2019/10/12 13:56:51 , Normal] -> 正在移动{0}轴U 
 [2019/10/12 13:56:51 , Normal] -> 正在移动{0}轴V 
 [2019/10/12 13:56:52 , Normal] -> 正在移动{0}轴U 
 [2019/10/12 13:56:52 , Normal] -> 正在移动{0}轴V 
 [2019/10/12 13:56:52 , Normal] -> 正在移动{0}轴U 
 [2019/10/12 13:56:52 , Normal] -> 正在移动{0}轴V 
 [2019/10/12 13:56:53 , Normal] -> 正在移动{0}轴U 
 [2019/10/12 13:56:53 , Normal] -> 正在移动{0}轴V 
 [2019/10/12 13:56:53 , Normal] -> 正在移动{0}轴U 
 [2019/10/12 13:56:53 , Normal] -> 正在移动{0}轴V 
 [2019/10/12 13:56:53 , Normal] -> 正在移动{0}轴U 
 [2019/10/12 13:56:53 , Normal] -> 正在移动{0}轴V 
 [2019/10/12 13:56:54 , Normal] -> 正在移动{0}轴U 
 [2019/10/12 13:56:54 , Normal] -> 正在移动{0}轴V 
 [2019/10/12 13:56:55 , Normal] -> 正在移动{0}轴U 
 [2019/10/12 13:56:55 , Normal] -> 正在移动{0}轴V 
 [2019/10/12 13:56:55 , Normal] -> 正在移动{0}轴U 
 [2019/10/12 13:56:55 , Normal] -> 正在移动{0}轴V 
 [2019/10/12 13:56:56 , Normal] -> 正在移动{0}轴U 
 [2019/10/12 13:56:56 , Normal] -> 正在移动{0}轴V 
 [2019/10/12 13:56:57 , Normal] -> 正在移动{0}轴U 
 [2019/10/12 13:56:57 , Normal] -> 正在移动{0}轴V 
 [2019/10/12 13:56:58 , Normal] -> 正在移动{0}轴U 
 [2019/10/12 13:56:58 , Normal] -> 正在移动{0}轴V 
 [2019/10/12 13:56:58 , Normal] -> 正在移动{0}轴U 
 [2019/10/12 13:56:58 , Normal] -> 正在移动{0}轴V 
 [2019/10/12 13:56:58 , Normal] -> 正在移动{0}轴U 
 [2019/10/12 13:56:58 , Normal] -> 正在移动{0}轴V 
 [2019/10/12 13:57:29 , Normal] -> 正在移动{0}轴U 
 [2019/10/12 13:57:29 , Normal] -> 正在移动{0}轴V 
 [2019/10/12 13:57:30 , Normal] -> 正在移动{0}轴U 
 [2019/10/12 13:57:30 , Normal] -> 正在移动{0}轴V 
 [2019/10/12 13:57:31 , Normal] -> 正在移动{0}轴U 
 [2019/10/12 13:57:31 , Normal] -> 正在移动{0}轴V 
 [2019/10/12 13:57:31 , Normal] -> 正在移动{0}轴U 
 [2019/10/12 13:57:31 , Normal] -> 正在移动{0}轴V 
 [2019/10/12 13:57:32 , Normal] -> 正在移动{0}轴U 
 [2019/10/12 13:57:32 , Normal] -> 正在移动{0}轴V 
 [2019/10/12 13:57:32 , Normal] -> 正在移动{0}轴U 
 [2019/10/12 13:57:32 , Normal] -> 正在移动{0}轴V 
 [2019/10/12 13:57:32 , Normal] -> 正在移动{0}轴U 
 [2019/10/12 13:57:32 , Normal] -> 正在移动{0}轴V 
 [2019/10/12 13:57:33 , Normal] -> 正在移动{0}轴U 
 [2019/10/12 13:57:33 , Normal] -> 正在移动{0}轴V 
 [2019/10/12 13:57:33 , Normal] -> 正在移动{0}轴U 
 [2019/10/12 13:57:33 , Normal] -> 正在移动{0}轴V 
 [2019/10/12 13:57:34 , Normal] -> 正在移动{0}轴U 
 [2019/10/12 13:57:34 , Normal] -> 正在移动{0}轴V 
 [2019/10/12 13:57:35 , Normal] -> 正在移动{0}轴U 
 [2019/10/12 13:57:35 , Normal] -> 正在移动{0}轴V 
 [2019/10/12 13:57:42 , Normal] -> 正在移动{0}轴U 
 [2019/10/12 13:57:42 , Normal] -> 正在移动{0}轴V 
 [2019/10/12 13:57:42 , Normal] -> 正在移动{0}轴U 
 [2019/10/12 13:57:42 , Normal] -> 正在移动{0}轴V 
 [2019/10/12 13:57:43 , Normal] -> 正在移动{0}轴U 
 [2019/10/12 13:57:43 , Normal] -> 正在移动{0}轴V 
 [2019/10/12 13:57:44 , Normal] -> 正在移动{0}轴U 
 [2019/10/12 13:57:44 , Normal] -> 正在移动{0}轴V 
 [2019/10/12 13:57:45 , Normal] -> 正在移动{0}轴U 
 [2019/10/12 13:57:45 , Normal] -> 正在移动{0}轴V 
 [2019/10/12 13:57:47 , Normal] -> 正在移动{0}轴U 
 [2019/10/12 13:57:47 , Normal] -> 正在移动{0}轴V 
 [2019/10/12 13:57:48 , Normal] -> 正在移动{0}轴U 
 [2019/10/12 13:57:48 , Normal] -> 正在移动{0}轴V 
 [2019/10/12 13:57:49 , Normal] -> 正在移动{0}轴U 
 [2019/10/12 13:57:49 , Normal] -> 正在移动{0}轴V 
 [2019/10/12 13:57:49 , Normal] -> 正在移动{0}轴U 
 [2019/10/12 13:57:49 , Normal] -> 正在移动{0}轴V 
 [2019/10/12 13:57:50 , Normal] -> 正在移动{0}轴U 
 [2019/10/12 13:57:50 , Normal] -> 正在移动{0}轴V 
 [2019/10/12 13:57:50 , Normal] -> 正在移动{0}轴U 
 [2019/10/12 13:57:50 , Normal] -> 正在移动{0}轴V 
 [2019/10/12 13:57:50 , Normal] -> 正在移动{0}轴U 
 [2019/10/12 13:57:50 , Normal] -> 正在移动{0}轴V 
 [2019/10/12 13:57:51 , Normal] -> 正在移动{0}轴X 
 [2019/10/12 13:57:51 , Normal] -> 正在移动{0}轴Y 
 [2019/10/12 13:57:51 , Normal] -> 正在移动{0}轴Z 
 [2019/10/12 13:57:57 , Normal] -> 正在移动{0}轴U 
 [2019/10/12 13:57:57 , Normal] -> 正在移动{0}轴V 
 [2019/10/12 13:57:59 , Normal] -> 正在移动{0}轴U 
 [2019/10/12 13:57:59 , Normal] -> 正在移动{0}轴V 
 [2019/10/12 13:58:00 , Normal] -> 正在移动{0}轴U 
 [2019/10/12 13:58:00 , Normal] -> 正在移动{0}轴V 
 [2019/10/12 13:58:00 , Normal] -> 正在移动{0}轴U 
 [2019/10/12 13:58:00 , Normal] -> 正在移动{0}轴V 
 [2019/10/12 13:58:08 , Normal] -> 正在移动{0}轴U 
 [2019/10/12 13:58:08 , Normal] -> 正在移动{0}轴V 
 [2019/10/12 13:58:09 , Normal] -> 正在移动{0}轴U 
 [2019/10/12 13:58:09 , Normal] -> 正在移动{0}轴V 
 [2019/10/12 13:58:09 , Normal] -> 正在移动{0}轴U 
 [2019/10/12 13:58:09 , Normal] -> 正在移动{0}轴V 
 [2019/10/12 13:58:10 , Normal] -> 正在移动{0}轴U 
 [2019/10/12 13:58:10 , Normal] -> 正在移动{0}轴V 
 [2019/10/12 13:58:10 , Normal] -> 正在移动{0}轴U 
 [2019/10/12 13:58:10 , Normal] -> 正在移动{0}轴V 
 [2019/10/12 13:58:11 , Normal] -> 正在移动{0}轴U 
 [2019/10/12 13:58:11 , Normal] -> 正在移动{0}轴V 
 [2019/10/12 13:58:11 , Normal] -> 正在移动{0}轴U 
 [2019/10/12 13:58:11 , Normal] -> 正在移动{0}轴V 
 [2019/10/12 13:58:12 , Normal] -> 正在移动{0}轴U 
 [2019/10/12 13:58:12 , Normal] -> 正在移动{0}轴V 
 [2019/10/12 13:58:12 , Normal] -> 正在移动{0}轴U 
 [2019/10/12 13:58:12 , Normal] -> 正在移动{0}轴V 
 [2019/10/12 13:58:13 , Normal] -> 正在移动{0}轴U 
 [2019/10/12 13:58:13 , Normal] -> 正在移动{0}轴V 
 [2019/10/12 13:58:13 , Normal] -> 正在移动{0}轴U 
 [2019/10/12 13:58:13 , Normal] -> 正在移动{0}轴V 
 [2019/10/12 13:58:13 , Normal] -> 正在移动{0}轴U 
 [2019/10/12 13:58:13 , Normal] -> 正在移动{0}轴V 
 [2019/10/12 13:58:14 , Normal] -> 正在移动{0}轴U 
 [2019/10/12 13:58:14 , Normal] -> 正在移动{0}轴V 
 [2019/10/12 13:58:15 , Normal] -> 正在移动{0}轴U 
 [2019/10/12 13:58:15 , Normal] -> 正在移动{0}轴V 
 [2019/10/12 13:58:15 , Normal] -> 正在移动{0}轴U 
 [2019/10/12 13:58:15 , Normal] -> 正在移动{0}轴V 
 [2019/10/12 13:58:16 , Normal] -> 正在移动{0}轴U 
 [2019/10/12 13:58:16 , Normal] -> 正在移动{0}轴V 
 [2019/10/12 13:58:33 , Normal] -> 开始回零操作，停止任何操作！ 
 [2019/10/12 13:58:33 , Normal] -> 设置轴向归零参数 
 [2019/10/12 13:58:33 , Normal] -> 所有垂直轴向归零成功 
 [2019/10/12 13:58:36 , Normal] -> 水平轴向归零成功 
 [2019/10/12 13:58:36 , Normal] -> 所有坐标清零成功 
 [2019/10/12 13:58:36 , Normal] -> 启动服务器成功 
 [2019/10/12 13:58:36 , Normal] -> 连接错误System.ArgumentNullException: 值不能为 null。
参数名: PortName
   在 System.IO.Ports.SerialPort.set_PortName(String value)
   在 ControlLib.ControlCom.Open() 位置 F:\20190826-RZ-GemaControl\AxisMovement\ControlLib\ControlCom.cs:行号 93
   在 TaskOption.TaskFormat.Link(String ip, Int32 port) 位置 F:\20190826-RZ-GemaControl\AxisMovement\TaskOption\TaskFormat.cs:行号 193 
 [2019/10/12 13:58:39 , Normal] -> 正在移动{0}轴X 
 [2019/10/12 13:58:39 , Normal] -> 正在移动{0}轴Y 
 [2019/10/12 13:58:40 , Normal] -> 正在移动{0}轴Z 
 [2019/10/12 13:58:43 , Normal] -> 正在移动{0}轴U 
 [2019/10/12 13:58:43 , Normal] -> 正在移动{0}轴V 
 [2019/10/12 13:58:45 , Normal] -> 正在移动{0}轴U 
 [2019/10/12 13:58:45 , Normal] -> 正在移动{0}轴V 
 [2019/10/12 13:58:45 , Normal] -> 正在移动{0}轴U 
 [2019/10/12 13:58:45 , Normal] -> 正在移动{0}轴V 
 [2019/10/12 13:58:46 , Normal] -> 正在移动{0}轴U 
 [2019/10/12 13:58:46 , Normal] -> 正在移动{0}轴V 
 [2019/10/12 13:58:46 , Normal] -> 正在移动{0}轴U 
 [2019/10/12 13:58:46 , Normal] -> 正在移动{0}轴V 
 [2019/10/12 13:58:47 , Normal] -> 正在移动{0}轴U 
 [2019/10/12 13:58:47 , Normal] -> 正在移动{0}轴V 
 [2019/10/12 13:58:47 , Normal] -> 正在移动{0}轴U 
 [2019/10/12 13:58:47 , Normal] -> 正在移动{0}轴V 
 [2019/10/12 13:58:48 , Normal] -> 正在移动{0}轴U 
 [2019/10/12 13:58:48 , Normal] -> 正在移动{0}轴V 
 [2019/10/12 13:58:48 , Normal] -> 正在移动{0}轴U 
 [2019/10/12 13:58:48 , Normal] -> 正在移动{0}轴V 
 [2019/10/12 13:58:49 , Normal] -> 正在移动{0}轴U 
 [2019/10/12 13:58:49 , Normal] -> 正在移动{0}轴V 
 [2019/10/12 13:58:49 , Normal] -> 正在移动{0}轴U 
 [2019/10/12 13:58:49 , Normal] -> 正在移动{0}轴V 
 [2019/10/12 13:58:50 , Normal] -> 正在移动{0}轴U 
 [2019/10/12 13:58:50 , Normal] -> 正在移动{0}轴V 
 [2019/10/12 13:58:51 , Normal] -> 正在移动{0}轴U 
 [2019/10/12 13:58:51 , Normal] -> 正在移动{0}轴V 
 [2019/10/12 13:58:52 , Normal] -> 正在移动{0}轴U 
 [2019/10/12 13:58:52 , Normal] -> 正在移动{0}轴V 
 [2019/10/12 13:58:52 , Normal] -> 正在移动{0}轴U 
 [2019/10/12 13:58:52 , Normal] -> 正在移动{0}轴V 
 [2019/10/12 13:58:53 , Normal] -> 正在移动{0}轴U 
 [2019/10/12 13:58:53 , Normal] -> 正在移动{0}轴V 
 [2019/10/12 13:58:53 , Normal] -> 正在移动{0}轴U 
 [2019/10/12 13:58:53 , Normal] -> 正在移动{0}轴V 
 [2019/10/12 13:58:53 , Normal] -> 正在移动{0}轴U 
 [2019/10/12 13:58:53 , Normal] -> 正在移动{0}轴V 
 [2019/10/12 13:58:54 , Normal] -> 正在移动{0}轴U 
 [2019/10/12 13:58:54 , Normal] -> 正在移动{0}轴V 
 [2019/10/12 13:58:54 , Normal] -> 正在移动{0}轴U 
 [2019/10/12 13:58:54 , Normal] -> 正在移动{0}轴V 
 [2019/10/12 13:58:55 , Normal] -> 正在移动{0}轴U 
 [2019/10/12 13:58:55 , Normal] -> 正在移动{0}轴V 
 [2019/10/12 13:58:55 , Normal] -> 正在移动{0}轴U 
 [2019/10/12 13:58:55 , Normal] -> 正在移动{0}轴V 
 [2019/10/12 13:58:56 , Normal] -> 正在移动{0}轴U 
 [2019/10/12 13:58:56 , Normal] -> 正在移动{0}轴V 
 [2019/10/12 13:58:56 , Normal] -> 正在移动{0}轴U 
 [2019/10/12 13:58:56 , Normal] -> 正在移动{0}轴V 
 [2019/10/12 13:58:57 , Normal] -> 正在移动{0}轴U 
 [2019/10/12 13:58:57 , Normal] -> 正在移动{0}轴V 
 [2019/10/12 13:58:57 , Normal] -> 正在移动{0}轴U 
 [2019/10/12 13:58:57 , Normal] -> 正在移动{0}轴V 
 [2019/10/12 13:58:58 , Normal] -> 正在移动{0}轴U 
 [2019/10/12 13:58:58 , Normal] -> 正在移动{0}轴V 
 [2019/10/12 13:58:58 , Normal] -> 正在移动{0}轴U 
 [2019/10/12 13:58:58 , Normal] -> 正在移动{0}轴V 
 [2019/10/12 13:58:59 , Normal] -> 正在移动{0}轴U 
 [2019/10/12 13:58:59 , Normal] -> 正在移动{0}轴V 
 [2019/10/12 13:59:00 , Normal] -> 正在移动{0}轴U 
 [2019/10/12 13:59:00 , Normal] -> 正在移动{0}轴V 
 [2019/10/12 13:59:00 , Normal] -> 正在移动{0}轴U 
 [2019/10/12 13:59:00 , Normal] -> 正在移动{0}轴V 
 [2019/10/12 13:59:01 , Normal] -> 正在移动{0}轴U 
 [2019/10/12 13:59:01 , Normal] -> 正在移动{0}轴V 
 [2019/10/12 13:59:01 , Normal] -> 正在移动{0}轴U 
 [2019/10/12 13:59:01 , Normal] -> 正在移动{0}轴V 
 [2019/10/12 13:59:01 , Normal] -> 正在移动{0}轴U 
 [2019/10/12 13:59:01 , Normal] -> 正在移动{0}轴V 
 [2019/10/12 13:59:02 , Normal] -> 正在移动{0}轴U 
 [2019/10/12 13:59:02 , Normal] -> 正在移动{0}轴V 
 [2019/10/12 13:59:04 , Normal] -> 正在移动{0}轴U 
 [2019/10/12 13:59:04 , Normal] -> 正在移动{0}轴V 
 [2019/10/12 13:59:05 , Normal] -> 正在移动{0}轴U 
 [2019/10/12 13:59:05 , Normal] -> 正在移动{0}轴V 
 [2019/10/12 13:59:06 , Normal] -> 正在移动{0}轴U 
 [2019/10/12 13:59:06 , Normal] -> 正在移动{0}轴V 
 [2019/10/12 13:59:06 , Normal] -> 正在移动{0}轴U 
 [2019/10/12 13:59:06 , Normal] -> 正在移动{0}轴V 
 [2019/10/12 13:59:07 , Normal] -> 正在移动{0}轴U 
 [2019/10/12 13:59:07 , Normal] -> 正在移动{0}轴V 
 [2019/10/12 13:59:07 , Normal] -> 正在移动{0}轴U 
 [2019/10/12 13:59:07 , Normal] -> 正在移动{0}轴V 
 [2019/10/12 13:59:08 , Normal] -> 正在移动{0}轴U 
 [2019/10/12 13:59:08 , Normal] -> 正在移动{0}轴V 
 [2019/10/12 13:59:08 , Normal] -> 正在移动{0}轴U 
 [2019/10/12 13:59:08 , Normal] -> 正在移动{0}轴V 
 [2019/10/12 13:59:09 , Normal] -> 正在移动{0}轴U 
 [2019/10/12 13:59:09 , Normal] -> 正在移动{0}轴V 
 [2019/10/12 13:59:09 , Normal] -> 正在移动{0}轴U 
 [2019/10/12 13:59:09 , Normal] -> 正在移动{0}轴V 
 [2019/10/12 13:59:09 , Normal] -> 正在移动{0}轴U 
 [2019/10/12 13:59:09 , Normal] -> 正在移动{0}轴V 
 [2019/10/12 13:59:10 , Normal] -> 正在移动{0}轴U 
 [2019/10/12 13:59:10 , Normal] -> 正在移动{0}轴V 
 [2019/10/12 13:59:10 , Normal] -> 正在移动{0}轴U 
 [2019/10/12 13:59:10 , Normal] -> 正在移动{0}轴V 
 [2019/10/12 13:59:11 , Normal] -> 正在移动{0}轴U 
 [2019/10/12 13:59:11 , Normal] -> 正在移动{0}轴V 
 [2019/10/12 13:59:11 , Normal] -> 正在移动{0}轴U 
 [2019/10/12 13:59:11 , Normal] -> 正在移动{0}轴V 
 [2019/10/12 13:59:12 , Normal] -> 正在移动{0}轴U 
 [2019/10/12 13:59:12 , Normal] -> 正在移动{0}轴V 
 [2019/10/12 13:59:13 , Normal] -> 正在移动{0}轴U 
 [2019/10/12 13:59:13 , Normal] -> 正在移动{0}轴V 
 [2019/10/12 13:59:13 , Normal] -> 正在移动{0}轴U 
 [2019/10/12 13:59:13 , Normal] -> 正在移动{0}轴V 
 [2019/10/12 13:59:13 , Normal] -> 正在移动{0}轴U 
 [2019/10/12 13:59:13 , Normal] -> 正在移动{0}轴V 
 [2019/10/12 13:59:14 , Normal] -> 正在移动{0}轴U 
 [2019/10/12 13:59:14 , Normal] -> 正在移动{0}轴V 
 [2019/10/12 13:59:14 , Normal] -> 正在移动{0}轴U 
 [2019/10/12 13:59:14 , Normal] -> 正在移动{0}轴V 
 [2019/10/12 13:59:15 , Normal] -> 正在移动{0}轴U 
 [2019/10/12 13:59:15 , Normal] -> 正在移动{0}轴V 
 [2019/10/12 13:59:15 , Normal] -> 正在移动{0}轴U 
 [2019/10/12 13:59:15 , Normal] -> 正在移动{0}轴V 
 [2019/10/12 13:59:16 , Normal] -> 正在移动{0}轴U 
 [2019/10/12 13:59:16 , Normal] -> 正在移动{0}轴V 
 [2019/10/12 13:59:16 , Normal] -> 正在移动{0}轴U 
 [2019/10/12 13:59:16 , Normal] -> 正在移动{0}轴V 
 [2019/10/12 13:59:17 , Normal] -> 正在移动{0}轴U 
 [2019/10/12 13:59:17 , Normal] -> 正在移动{0}轴V 
 [2019/10/12 13:59:17 , Normal] -> 正在移动{0}轴U 
 [2019/10/12 13:59:17 , Normal] -> 正在移动{0}轴V 
 [2019/10/12 13:59:21 , Normal] -> 正在移动{0}轴U 
 [2019/10/12 13:59:21 , Normal] -> 正在移动{0}轴V 
 [2019/10/12 13:59:24 , Normal] -> 正在移动{0}轴U 
 [2019/10/12 13:59:24 , Normal] -> 正在移动{0}轴V 
 [2019/10/12 13:59:26 , Normal] -> 正在移动{0}轴U 
 [2019/10/12 13:59:26 , Normal] -> 正在移动{0}轴V 
 [2019/10/12 13:59:26 , Normal] -> 正在移动{0}轴U 
 [2019/10/12 13:59:26 , Normal] -> 正在移动{0}轴V 
 [2019/10/12 13:59:27 , Normal] -> 正在移动{0}轴U 
 [2019/10/12 13:59:27 , Normal] -> 正在移动{0}轴V 
 [2019/10/12 13:59:27 , Normal] -> 正在移动{0}轴U 
 [2019/10/12 13:59:27 , Normal] -> 正在移动{0}轴V 
 [2019/10/12 13:59:28 , Normal] -> 正在移动{0}轴U 
 [2019/10/12 13:59:28 , Normal] -> 正在移动{0}轴V 
 [2019/10/12 13:59:28 , Normal] -> 正在移动{0}轴U 
 [2019/10/12 13:59:28 , Normal] -> 正在移动{0}轴V 
 [2019/10/12 13:59:29 , Normal] -> 正在移动{0}轴U 
 [2019/10/12 13:59:29 , Normal] -> 正在移动{0}轴V 
 [2019/10/12 13:59:29 , Normal] -> 正在移动{0}轴U 
 [2019/10/12 13:59:29 , Normal] -> 正在移动{0}轴V 
 [2019/10/12 13:59:29 , Normal] -> 正在移动{0}轴U 
 [2019/10/12 13:59:29 , Normal] -> 正在移动{0}轴V 
 [2019/10/12 13:59:30 , Normal] -> 正在移动{0}轴U 
 [2019/10/12 13:59:30 , Normal] -> 正在移动{0}轴V 
 [2019/10/12 13:59:30 , Normal] -> 正在移动{0}轴U 
 [2019/10/12 13:59:30 , Normal] -> 正在移动{0}轴V 
 [2019/10/12 13:59:31 , Normal] -> 正在移动{0}轴U 
 [2019/10/12 13:59:31 , Normal] -> 正在移动{0}轴V 
 [2019/10/12 13:59:31 , Normal] -> 正在移动{0}轴U 
 [2019/10/12 13:59:31 , Normal] -> 正在移动{0}轴V 
 [2019/10/12 13:59:31 , Normal] -> 正在移动{0}轴U 
 [2019/10/12 13:59:31 , Normal] -> 正在移动{0}轴V 
 [2019/10/12 13:59:32 , Normal] -> 正在移动{0}轴U 
 [2019/10/12 13:59:32 , Normal] -> 正在移动{0}轴V 
 [2019/10/12 13:59:33 , Normal] -> 正在移动{0}轴U 
 [2019/10/12 13:59:33 , Normal] -> 正在移动{0}轴V 
 [2019/10/12 13:59:33 , Normal] -> 正在移动{0}轴U 
 [2019/10/12 13:59:33 , Normal] -> 正在移动{0}轴V 
 [2019/10/12 13:59:34 , Normal] -> 正在移动{0}轴U 
 [2019/10/12 13:59:34 , Normal] -> 正在移动{0}轴V 
 [2019/10/12 13:59:34 , Normal] -> 正在移动{0}轴U 
 [2019/10/12 13:59:34 , Normal] -> 正在移动{0}轴V 
 [2019/10/12 13:59:35 , Normal] -> 正在移动{0}轴U 
 [2019/10/12 13:59:35 , Normal] -> 正在移动{0}轴V 
 [2019/10/12 13:59:35 , Normal] -> 正在移动{0}轴U 
 [2019/10/12 13:59:35 , Normal] -> 正在移动{0}轴V 
 [2019/10/12 13:59:36 , Normal] -> 正在移动{0}轴U 
 [2019/10/12 13:59:36 , Normal] -> 正在移动{0}轴V 
 [2019/10/12 13:59:37 , Normal] -> 正在移动{0}轴U 
 [2019/10/12 13:59:37 , Normal] -> 正在移动{0}轴V 
 [2019/10/12 13:59:37 , Normal] -> 正在移动{0}轴U 
 [2019/10/12 13:59:37 , Normal] -> 正在移动{0}轴V 
 [2019/10/12 13:59:38 , Normal] -> 正在移动{0}轴U 
 [2019/10/12 13:59:38 , Normal] -> 正在移动{0}轴V 
 [2019/10/12 13:59:38 , Normal] -> 正在移动{0}轴U 
 [2019/10/12 13:59:38 , Normal] -> 正在移动{0}轴V 
 [2019/10/12 13:59:38 , Normal] -> 正在移动{0}轴U 
 [2019/10/12 13:59:38 , Normal] -> 正在移动{0}轴V 
 [2019/10/12 13:59:39 , Normal] -> 正在移动{0}轴U 
 [2019/10/12 13:59:39 , Normal] -> 正在移动{0}轴V 
 [2019/10/12 13:59:39 , Normal] -> 正在移动{0}轴U 
 [2019/10/12 13:59:39 , Normal] -> 正在移动{0}轴V 
 [2019/10/12 13:59:41 , Normal] -> 正在移动{0}轴U 
 [2019/10/12 13:59:41 , Normal] -> 正在移动{0}轴V 
 [2019/10/12 13:59:41 , Normal] -> 正在移动{0}轴U 
 [2019/10/12 13:59:41 , Normal] -> 正在移动{0}轴V 
 [2019/10/12 13:59:42 , Normal] -> 正在移动{0}轴U 
 [2019/10/12 13:59:42 , Normal] -> 正在移动{0}轴V 
 [2019/10/12 13:59:42 , Normal] -> 正在移动{0}轴U 
 [2019/10/12 13:59:42 , Normal] -> 正在移动{0}轴V 
 [2019/10/12 13:59:43 , Normal] -> 正在移动{0}轴U 
 [2019/10/12 13:59:43 , Normal] -> 正在移动{0}轴V 
 [2019/10/12 13:59:43 , Normal] -> 正在移动{0}轴U 
 [2019/10/12 13:59:43 , Normal] -> 正在移动{0}轴V 
 [2019/10/12 13:59:44 , Normal] -> 正在移动{0}轴U 
 [2019/10/12 13:59:44 , Normal] -> 正在移动{0}轴V 
 [2019/10/12 13:59:44 , Normal] -> 正在移动{0}轴U 
 [2019/10/12 13:59:44 , Normal] -> 正在移动{0}轴V 
 [2019/10/12 13:59:45 , Normal] -> 正在移动{0}轴U 
 [2019/10/12 13:59:45 , Normal] -> 正在移动{0}轴V 
 [2019/10/12 13:59:45 , Normal] -> 正在移动{0}轴X 
 [2019/10/12 13:59:45 , Normal] -> 正在移动{0}轴Y 
 [2019/10/12 13:59:45 , Normal] -> 正在移动{0}轴Z 
 [2019/10/12 13:59:45 , Normal] -> 正在移动{0}轴U 
 [2019/10/12 13:59:45 , Normal] -> 正在移动{0}轴V 
 [2019/10/12 13:59:46 , Normal] -> 正在移动{0}轴U 
 [2019/10/12 13:59:46 , Normal] -> 正在移动{0}轴V 
 [2019/10/12 13:59:46 , Normal] -> 正在移动{0}轴U 
 [2019/10/12 13:59:46 , Normal] -> 正在移动{0}轴V 
 [2019/10/12 13:59:47 , Normal] -> 正在移动{0}轴U 
 [2019/10/12 13:59:47 , Normal] -> 正在移动{0}轴V 
 [2019/10/12 13:59:47 , Normal] -> 正在移动{0}轴U 
 [2019/10/12 13:59:47 , Normal] -> 正在移动{0}轴V 
 [2019/10/12 13:59:47 , Normal] -> 正在移动{0}轴U 
 [2019/10/12 13:59:48 , Normal] -> 正在移动{0}轴V 
 [2019/10/12 13:59:48 , Normal] -> 正在移动{0}轴U 
 [2019/10/12 13:59:48 , Normal] -> 正在移动{0}轴V 
 [2019/10/12 13:59:49 , Normal] -> 正在移动{0}轴U 
 [2019/10/12 13:59:49 , Normal] -> 正在移动{0}轴V 
 [2019/10/12 13:59:49 , Normal] -> 正在移动{0}轴U 
 [2019/10/12 13:59:49 , Normal] -> 正在移动{0}轴V 
 [2019/10/12 13:59:49 , Normal] -> 正在移动{0}轴U 
 [2019/10/12 13:59:49 , Normal] -> 正在移动{0}轴V 
 [2019/10/12 13:59:50 , Normal] -> 正在移动{0}轴U 
 [2019/10/12 13:59:50 , Normal] -> 正在移动{0}轴V 
 [2019/10/12 13:59:51 , Normal] -> 正在移动{0}轴U 
 [2019/10/12 13:59:51 , Normal] -> 正在移动{0}轴V 
 [2019/10/12 13:59:52 , Normal] -> 正在移动{0}轴X 
 [2019/10/12 13:59:52 , Normal] -> 正在移动{0}轴Y 
 [2019/10/12 13:59:53 , Normal] -> 正在移动{0}轴Z 
 [2019/10/12 14:00:33 , Normal] -> 正在移动{0}轴Z 
 [2019/10/12 14:00:33 , Normal] -> 正在移动{0}轴X 
 [2019/10/12 14:00:33 , Normal] -> 正在移动{0}轴Y 
 [2019/10/12 14:00:34 , Normal] -> 正在移动{0}轴X 
 [2019/10/12 14:00:34 , Normal] -> 正在移动{0}轴Y 
 [2019/10/12 14:00:35 , Normal] -> 正在移动{0}轴Z 
 [2019/10/12 14:00:46 , Normal] -> 正在移动{0}轴X 
 [2019/10/12 14:00:46 , Normal] -> 正在移动{0}轴Y 
 [2019/10/12 14:00:46 , Normal] -> 正在移动{0}轴Z 
 [2019/10/12 14:00:57 , Normal] -> 开始回零操作，停止任何操作！ 
 [2019/10/12 14:00:57 , Normal] -> 设置轴向归零参数 
 [2019/10/12 14:00:57 , Normal] -> 所有垂直轴向归零成功 
 [2019/10/12 14:00:57 , Normal] -> 水平轴向归零成功 
 [2019/10/12 14:00:57 , Normal] -> 所有坐标清零成功 
 [2019/10/12 14:00:57 , Normal] -> 启动服务器成功 
 [2019/10/12 14:00:57 , Normal] -> 连接错误System.ArgumentNullException: 值不能为 null。
参数名: PortName
   在 System.IO.Ports.SerialPort.set_PortName(String value)
   在 ControlLib.ControlCom.Open() 位置 F:\20190826-RZ-GemaControl\AxisMovement\ControlLib\ControlCom.cs:行号 93
   在 TaskOption.TaskFormat.Link(String ip, Int32 port) 位置 F:\20190826-RZ-GemaControl\AxisMovement\TaskOption\TaskFormat.cs:行号 193 
 [2019/10/12 14:01:56 , Normal] -> 正在移动{0}轴X 
 [2019/10/12 14:01:56 , Normal] -> 正在移动{0}轴Y 
 [2019/10/12 14:01:57 , Normal] -> 正在移动{0}轴Z 
 [2019/10/12 14:02:03 , Normal] -> 正在移动{0}轴Z 
 [2019/10/12 14:02:03 , Normal] -> 正在移动{0}轴X 
 [2019/10/12 14:02:03 , Normal] -> 正在移动{0}轴Y 
 [2019/10/12 14:02:04 , Normal] -> 正在移动{0}轴X 
 [2019/10/12 14:02:04 , Normal] -> 正在移动{0}轴Y 
 [2019/10/12 14:02:04 , Normal] -> 正在移动{0}轴Z 
 [2019/10/12 14:02:06 , Normal] -> 正在移动{0}轴U 
 [2019/10/12 14:02:06 , Normal] -> 正在移动{0}轴V 
 [2019/10/12 14:02:19 , Normal] -> 正在移动{0}轴U 
 [2019/10/12 14:02:19 , Normal] -> 正在移动{0}轴V 
 [2019/10/12 14:02:21 , Normal] -> 正在移动{0}轴X 
 [2019/10/12 14:02:21 , Normal] -> 正在移动{0}轴Y 
 [2019/10/12 14:02:21 , Normal] -> 正在移动{0}轴Z 
 [2019/10/12 14:02:38 , Normal] -> 开始回零操作，停止任何操作！ 
 [2019/10/12 14:02:38 , Normal] -> 设置轴向归零参数 
 [2019/10/12 14:02:38 , Normal] -> 所有垂直轴向归零成功 
 [2019/10/12 14:02:41 , Normal] -> 水平轴向归零成功 
 [2019/10/12 14:02:41 , Normal] -> 所有坐标清零成功 
 [2019/10/12 14:02:41 , Normal] -> 启动服务器成功 
 [2019/10/12 14:02:41 , Normal] -> 连接错误System.ArgumentNullException: 值不能为 null。
参数名: PortName
   在 System.IO.Ports.SerialPort.set_PortName(String value)
   在 ControlLib.ControlCom.Open() 位置 F:\20190826-RZ-GemaControl\AxisMovement\ControlLib\ControlCom.cs:行号 93
   在 TaskOption.TaskFormat.Link(String ip, Int32 port) 位置 F:\20190826-RZ-GemaControl\AxisMovement\TaskOption\TaskFormat.cs:行号 193 
 [2019/10/12 14:02:50 , Normal] -> 正在移动{0}轴X 
 [2019/10/12 14:02:50 , Normal] -> 正在移动{0}轴Y 
 [2019/10/12 14:02:51 , Normal] -> 正在移动{0}轴Z 
 [2019/10/12 14:03:04 , Normal] -> 正在移动{0}轴U 
 [2019/10/12 14:03:04 , Normal] -> 正在移动{0}轴V 
 [2019/10/12 14:03:07 , Normal] -> 正在移动{0}轴U 
 [2019/10/12 14:03:07 , Normal] -> 正在移动{0}轴V 
 [2019/10/12 14:03:08 , Normal] -> 正在移动{0}轴U 
 [2019/10/12 14:03:08 , Normal] -> 正在移动{0}轴V 
 [2019/10/12 14:03:09 , Normal] -> 正在移动{0}轴U 
 [2019/10/12 14:03:09 , Normal] -> 正在移动{0}轴V 
 [2019/10/12 14:03:10 , Normal] -> 正在移动{0}轴U 
 [2019/10/12 14:03:10 , Normal] -> 正在移动{0}轴V 
 [2019/10/12 14:03:10 , Normal] -> 正在移动{0}轴U 
 [2019/10/12 14:03:10 , Normal] -> 正在移动{0}轴V 
 [2019/10/12 14:03:12 , Normal] -> 正在移动{0}轴U 
 [2019/10/12 14:03:12 , Normal] -> 正在移动{0}轴V 
 [2019/10/12 14:03:13 , Normal] -> 正在移动{0}轴U 
 [2019/10/12 14:03:13 , Normal] -> 正在移动{0}轴V 
 [2019/10/12 14:03:13 , Normal] -> 正在移动{0}轴U 
 [2019/10/12 14:03:13 , Normal] -> 正在移动{0}轴V 
 [2019/10/12 14:03:13 , Normal] -> 正在移动{0}轴U 
 [2019/10/12 14:03:13 , Normal] -> 正在移动{0}轴V 
 [2019/10/12 14:03:14 , Normal] -> 正在移动{0}轴U 
 [2019/10/12 14:03:14 , Normal] -> 正在移动{0}轴V 
 [2019/10/12 14:03:14 , Normal] -> 正在移动{0}轴U 
 [2019/10/12 14:03:14 , Normal] -> 正在移动{0}轴V 
 [2019/10/12 14:03:15 , Normal] -> 正在移动{0}轴U 
 [2019/10/12 14:03:15 , Normal] -> 正在移动{0}轴V 
 [2019/10/12 14:03:16 , Normal] -> 正在移动{0}轴X 
 [2019/10/12 14:03:16 , Normal] -> 正在移动{0}轴Y 
 [2019/10/12 14:03:16 , Normal] -> 正在移动{0}轴Z 
 [2019/10/12 14:03:33 , Normal] -> 正在移动{0}轴U 
 [2019/10/12 14:03:33 , Normal] -> 正在移动{0}轴V 
 [2019/10/12 14:03:34 , Normal] -> 正在移动{0}轴U 
 [2019/10/12 14:03:34 , Normal] -> 正在移动{0}轴V 
 [2019/10/12 14:03:39 , Normal] -> 正在移动{0}轴U 
 [2019/10/12 14:03:39 , Normal] -> 正在移动{0}轴V 
 [2019/10/12 14:03:39 , Normal] -> 正在移动{0}轴U 
 [2019/10/12 14:03:39 , Normal] -> 正在移动{0}轴V 
 [2019/10/12 14:03:40 , Normal] -> 正在移动{0}轴U 
 [2019/10/12 14:03:40 , Normal] -> 正在移动{0}轴V 
 [2019/10/12 14:03:41 , Normal] -> 正在移动{0}轴U 
 [2019/10/12 14:03:41 , Normal] -> 正在移动{0}轴V 
 [2019/10/12 14:03:41 , Normal] -> 正在移动{0}轴U 
 [2019/10/12 14:03:41 , Normal] -> 正在移动{0}轴V 
 [2019/10/12 14:03:41 , Normal] -> 正在移动{0}轴U 
 [2019/10/12 14:03:41 , Normal] -> 正在移动{0}轴V 
 [2019/10/12 14:03:42 , Normal] -> 正在移动{0}轴U 
 [2019/10/12 14:03:42 , Normal] -> 正在移动{0}轴V 
 [2019/10/12 14:03:42 , Normal] -> 正在移动{0}轴U 
 [2019/10/12 14:03:42 , Normal] -> 正在移动{0}轴V 
 [2019/10/12 14:03:43 , Normal] -> 正在移动{0}轴U 
 [2019/10/12 14:03:43 , Normal] -> 正在移动{0}轴V 
 [2019/10/12 14:03:43 , Normal] -> 正在移动{0}轴U 
 [2019/10/12 14:03:43 , Normal] -> 正在移动{0}轴V 
 [2019/10/12 14:03:44 , Normal] -> 正在移动{0}轴U 
 [2019/10/12 14:03:44 , Normal] -> 正在移动{0}轴V 
 [2019/10/12 14:03:44 , Normal] -> 正在移动{0}轴U 
 [2019/10/12 14:03:44 , Normal] -> 正在移动{0}轴V 
 [2019/10/12 14:03:45 , Normal] -> 正在移动{0}轴U 
 [2019/10/12 14:03:45 , Normal] -> 正在移动{0}轴V 
 [2019/10/12 14:03:45 , Normal] -> 正在移动{0}轴U 
 [2019/10/12 14:03:45 , Normal] -> 正在移动{0}轴V 
 [2019/10/12 14:03:46 , Normal] -> 正在移动{0}轴U 
 [2019/10/12 14:03:46 , Normal] -> 正在移动{0}轴V 
 [2019/10/12 14:03:46 , Normal] -> 正在移动{0}轴U 
 [2019/10/12 14:03:46 , Normal] -> 正在移动{0}轴V 
 [2019/10/12 14:03:46 , Normal] -> 正在移动{0}轴U 
 [2019/10/12 14:03:46 , Normal] -> 正在移动{0}轴V 
 [2019/10/12 14:03:47 , Normal] -> 正在移动{0}轴U 
 [2019/10/12 14:03:47 , Normal] -> 正在移动{0}轴V 
 [2019/10/12 14:03:47 , Normal] -> 正在移动{0}轴U 
 [2019/10/12 14:03:47 , Normal] -> 正在移动{0}轴V 
 [2019/10/12 14:03:48 , Normal] -> 正在移动{0}轴U 
 [2019/10/12 14:03:48 , Normal] -> 正在移动{0}轴V 
 [2019/10/12 14:03:48 , Normal] -> 正在移动{0}轴X 
 [2019/10/12 14:03:48 , Normal] -> 正在移动{0}轴Y 
 [2019/10/12 14:03:48 , Normal] -> 正在移动{0}轴Z 
 [2019/10/12 14:03:48 , Normal] -> 正在移动{0}轴U 
 [2019/10/12 14:03:48 , Normal] -> 正在移动{0}轴V 
 [2019/10/12 14:03:49 , Normal] -> 正在移动{0}轴U 
 [2019/10/12 14:03:49 , Normal] -> 正在移动{0}轴V 
 [2019/10/12 14:03:49 , Normal] -> 正在移动{0}轴U 
 [2019/10/12 14:03:49 , Normal] -> 正在移动{0}轴V 
 [2019/10/12 14:03:50 , Normal] -> 正在移动{0}轴U 
 [2019/10/12 14:03:50 , Normal] -> 正在移动{0}轴V 
 [2019/10/12 14:03:50 , Normal] -> 正在移动{0}轴U 
 [2019/10/12 14:03:50 , Normal] -> 正在移动{0}轴V 
 [2019/10/12 14:03:50 , Normal] -> 正在移动{0}轴U 
 [2019/10/12 14:03:50 , Normal] -> 正在移动{0}轴V 
 [2019/10/12 14:03:51 , Normal] -> 正在移动{0}轴U 
 [2019/10/12 14:03:51 , Normal] -> 正在移动{0}轴V 
 [2019/10/12 14:03:51 , Normal] -> 正在移动{0}轴U 
 [2019/10/12 14:03:51 , Normal] -> 正在移动{0}轴V 
 [2019/10/12 14:03:52 , Normal] -> 正在移动{0}轴U 
 [2019/10/12 14:03:52 , Normal] -> 正在移动{0}轴V 
 [2019/10/12 14:03:52 , Normal] -> 正在移动{0}轴U 
 [2019/10/12 14:03:52 , Normal] -> 正在移动{0}轴V 
 [2019/10/12 14:03:52 , Normal] -> 正在移动{0}轴U 
 [2019/10/12 14:03:52 , Normal] -> 正在移动{0}轴V 
 [2019/10/12 14:03:53 , Normal] -> 正在移动{0}轴U 
 [2019/10/12 14:03:53 , Normal] -> 正在移动{0}轴V 
 [2019/10/12 14:03:53 , Normal] -> 正在移动{0}轴U 
 [2019/10/12 14:03:53 , Normal] -> 正在移动{0}轴V 
 [2019/10/12 14:03:54 , Normal] -> 正在移动{0}轴U 
 [2019/10/12 14:03:54 , Normal] -> 正在移动{0}轴V 
 [2019/10/12 14:03:54 , Normal] -> 正在移动{0}轴U 
 [2019/10/12 14:03:54 , Normal] -> 正在移动{0}轴V 
 [2019/10/12 14:03:55 , Normal] -> 正在移动{0}轴U 
 [2019/10/12 14:03:55 , Normal] -> 正在移动{0}轴V 
 [2019/10/12 14:03:55 , Normal] -> 正在移动{0}轴U 
 [2019/10/12 14:03:55 , Normal] -> 正在移动{0}轴V 
 [2019/10/12 14:03:55 , Normal] -> 正在移动{0}轴U 
 [2019/10/12 14:03:56 , Normal] -> 正在移动{0}轴V 
 [2019/10/12 14:03:56 , Normal] -> 正在移动{0}轴U 
 [2019/10/12 14:03:56 , Normal] -> 正在移动{0}轴V 
 [2019/10/12 14:03:56 , Normal] -> 正在移动{0}轴U 
 [2019/10/12 14:03:56 , Normal] -> 正在移动{0}轴V 
 [2019/10/12 14:03:57 , Normal] -> 正在移动{0}轴U 
 [2019/10/12 14:03:57 , Normal] -> 正在移动{0}轴V 
 [2019/10/12 14:03:57 , Normal] -> 正在移动{0}轴U 
 [2019/10/12 14:03:57 , Normal] -> 正在移动{0}轴V 
 [2019/10/12 14:03:58 , Normal] -> 正在移动{0}轴U 
 [2019/10/12 14:03:58 , Normal] -> 正在移动{0}轴V 
 [2019/10/12 14:03:58 , Normal] -> 正在移动{0}轴U 
 [2019/10/12 14:03:58 , Normal] -> 正在移动{0}轴V 
 [2019/10/12 14:03:59 , Normal] -> 正在移动{0}轴U 
 [2019/10/12 14:03:59 , Normal] -> 正在移动{0}轴V 
 [2019/10/12 14:03:59 , Normal] -> 正在移动{0}轴U 
 [2019/10/12 14:03:59 , Normal] -> 正在移动{0}轴V 
 [2019/10/12 14:03:59 , Normal] -> 正在移动{0}轴U 
 [2019/10/12 14:03:59 , Normal] -> 正在移动{0}轴V 
 [2019/10/12 14:04:00 , Normal] -> 正在移动{0}轴U 
 [2019/10/12 14:04:00 , Normal] -> 正在移动{0}轴V 
 [2019/10/12 14:04:00 , Normal] -> 正在移动{0}轴U 
 [2019/10/12 14:04:00 , Normal] -> 正在移动{0}轴V 
 [2019/10/12 14:04:01 , Normal] -> 正在移动{0}轴U 
 [2019/10/12 14:04:01 , Normal] -> 正在移动{0}轴V 
 [2019/10/12 14:04:01 , Normal] -> 正在移动{0}轴U 
 [2019/10/12 14:04:01 , Normal] -> 正在移动{0}轴V 
 [2019/10/12 14:04:01 , Normal] -> 正在移动{0}轴U 
 [2019/10/12 14:04:01 , Normal] -> 正在移动{0}轴V 
 [2019/10/12 14:04:02 , Normal] -> 正在移动{0}轴U 
 [2019/10/12 14:04:02 , Normal] -> 正在移动{0}轴V 
 [2019/10/12 14:04:02 , Normal] -> 正在移动{0}轴U 
 [2019/10/12 14:04:02 , Normal] -> 正在移动{0}轴V 
 [2019/10/12 14:04:03 , Normal] -> 正在移动{0}轴U 
 [2019/10/12 14:04:03 , Normal] -> 正在移动{0}轴V 
 [2019/10/12 14:04:03 , Normal] -> 正在移动{0}轴U 
 [2019/10/12 14:04:03 , Normal] -> 正在移动{0}轴V 
 [2019/10/12 14:04:04 , Normal] -> 正在移动{0}轴U 
 [2019/10/12 14:04:04 , Normal] -> 正在移动{0}轴V 
 [2019/10/12 14:04:04 , Normal] -> 正在移动{0}轴U 
 [2019/10/12 14:04:04 , Normal] -> 正在移动{0}轴V 
 [2019/10/12 14:04:05 , Normal] -> 正在移动{0}轴U 
 [2019/10/12 14:04:05 , Normal] -> 正在移动{0}轴V 
 [2019/10/12 14:04:05 , Normal] -> 正在移动{0}轴U 
 [2019/10/12 14:04:05 , Normal] -> 正在移动{0}轴V 
 [2019/10/12 14:04:05 , Normal] -> 正在移动{0}轴U 
 [2019/10/12 14:04:05 , Normal] -> 正在移动{0}轴V 
 [2019/10/12 14:04:06 , Normal] -> 正在移动{0}轴U 
 [2019/10/12 14:04:06 , Normal] -> 正在移动{0}轴V 
 [2019/10/12 14:04:06 , Normal] -> 正在移动{0}轴X 
 [2019/10/12 14:04:06 , Normal] -> 正在移动{0}轴Y 
 [2019/10/12 14:04:07 , Normal] -> 正在移动{0}轴Z 
 [2019/10/12 14:04:19 , Normal] -> 正在移动{0}轴U 
 [2019/10/12 14:04:19 , Normal] -> 正在移动{0}轴V 
 [2019/10/12 14:04:19 , Normal] -> 正在移动{0}轴U 
 [2019/10/12 14:04:19 , Normal] -> 正在移动{0}轴V 
 [2019/10/12 14:04:20 , Normal] -> 正在移动{0}轴U 
 [2019/10/12 14:04:20 , Normal] -> 正在移动{0}轴V 
 [2019/10/12 14:04:21 , Normal] -> 正在移动{0}轴U 
 [2019/10/12 14:04:21 , Normal] -> 正在移动{0}轴V 
 [2019/10/12 14:04:21 , Normal] -> 正在移动{0}轴U 
 [2019/10/12 14:04:21 , Normal] -> 正在移动{0}轴V 
 [2019/10/12 14:04:21 , Normal] -> 正在移动{0}轴U 
 [2019/10/12 14:04:22 , Normal] -> 正在移动{0}轴V 
 [2019/10/12 14:04:22 , Normal] -> 正在移动{0}轴U 
 [2019/10/12 14:04:22 , Normal] -> 正在移动{0}轴V 
 [2019/10/12 14:04:23 , Normal] -> 正在移动{0}轴U 
 [2019/10/12 14:04:23 , Normal] -> 正在移动{0}轴V 
 [2019/10/12 14:04:23 , Normal] -> 正在移动{0}轴Z 
 [2019/10/12 14:04:23 , Normal] -> 正在移动{0}轴X 
 [2019/10/12 14:04:23 , Normal] -> 正在移动{0}轴Y 
 [2019/10/12 14:04:24 , Normal] -> 正在移动{0}轴X 
 [2019/10/12 14:04:24 , Normal] -> 正在移动{0}轴Y 
 [2019/10/12 14:04:24 , Normal] -> 正在移动{0}轴Z 
 [2019/10/12 14:04:26 , Normal] -> 正在移动{0}轴U 
 [2019/10/12 14:04:26 , Normal] -> 正在移动{0}轴V 
 [2019/10/12 14:04:26 , Normal] -> 正在移动{0}轴U 
 [2019/10/12 14:04:26 , Normal] -> 正在移动{0}轴V 
 [2019/10/12 14:04:28 , Normal] -> 正在移动{0}轴X 
 [2019/10/12 14:04:28 , Normal] -> 正在移动{0}轴Y 
 [2019/10/12 14:04:28 , Normal] -> 正在移动{0}轴Z 
 [2019/10/12 14:04:33 , Normal] -> 正在移动{0}轴U 
 [2019/10/12 14:04:33 , Normal] -> 正在移动{0}轴V 
 [2019/10/12 14:04:35 , Normal] -> 正在移动{0}轴U 
 [2019/10/12 14:04:35 , Normal] -> 正在移动{0}轴V 
 [2019/10/12 14:04:37 , Normal] -> 正在移动{0}轴Z 
 [2019/10/12 14:04:37 , Normal] -> 正在移动{0}轴X 
 [2019/10/12 14:04:37 , Normal] -> 正在移动{0}轴Y 
 [2019/10/12 14:04:39 , Normal] -> 正在移动{0}轴X 
 [2019/10/12 14:04:39 , Normal] -> 正在移动{0}轴Y 
 [2019/10/12 14:04:39 , Normal] -> 正在移动{0}轴Z 
 [2019/10/12 14:04:56 , Normal] -> 正在移动{0}轴U 
 [2019/10/12 14:04:56 , Normal] -> 正在移动{0}轴V 
 [2019/10/12 14:04:56 , Normal] -> 正在移动{0}轴U 
 [2019/10/12 14:04:56 , Normal] -> 正在移动{0}轴V 
 [2019/10/12 14:04:57 , Normal] -> 正在移动{0}轴U 
 [2019/10/12 14:04:57 , Normal] -> 正在移动{0}轴V 
 [2019/10/12 14:04:57 , Normal] -> 正在移动{0}轴U 
 [2019/10/12 14:04:57 , Normal] -> 正在移动{0}轴V 
 [2019/10/12 14:04:58 , Normal] -> 正在移动{0}轴U 
 [2019/10/12 14:04:58 , Normal] -> 正在移动{0}轴V 
 [2019/10/12 14:04:58 , Normal] -> 正在移动{0}轴U 
 [2019/10/12 14:04:58 , Normal] -> 正在移动{0}轴V 
 [2019/10/12 14:04:59 , Normal] -> 正在移动{0}轴U 
 [2019/10/12 14:04:59 , Normal] -> 正在移动{0}轴V 
 [2019/10/12 14:04:59 , Normal] -> 正在移动{0}轴U 
 [2019/10/12 14:04:59 , Normal] -> 正在移动{0}轴V 
 [2019/10/12 14:05:00 , Normal] -> 正在移动{0}轴U 
 [2019/10/12 14:05:00 , Normal] -> 正在移动{0}轴V 
 [2019/10/12 14:05:00 , Normal] -> 正在移动{0}轴U 
 [2019/10/12 14:05:00 , Normal] -> 正在移动{0}轴V 
 [2019/10/12 14:05:01 , Normal] -> 正在移动{0}轴U 
 [2019/10/12 14:05:01 , Normal] -> 正在移动{0}轴V 
 [2019/10/12 14:05:01 , Normal] -> 正在移动{0}轴U 
 [2019/10/12 14:05:01 , Normal] -> 正在移动{0}轴V 
 [2019/10/12 14:05:01 , Normal] -> 正在移动{0}轴U 
 [2019/10/12 14:05:02 , Normal] -> 正在移动{0}轴V 
 [2019/10/12 14:05:02 , Normal] -> 正在移动{0}轴U 
 [2019/10/12 14:05:02 , Normal] -> 正在移动{0}轴V 
 [2019/10/12 14:05:02 , Normal] -> 正在移动{0}轴U 
 [2019/10/12 14:05:02 , Normal] -> 正在移动{0}轴V 
 [2019/10/12 14:05:03 , Normal] -> 正在移动{0}轴U 
 [2019/10/12 14:05:03 , Normal] -> 正在移动{0}轴V 
 [2019/10/12 14:05:03 , Normal] -> 正在移动{0}轴U 
 [2019/10/12 14:05:03 , Normal] -> 正在移动{0}轴V 
 [2019/10/12 14:05:08 , Normal] -> 正在移动{0}轴U 
 [2019/10/12 14:05:08 , Normal] -> 正在移动{0}轴V 
 [2019/10/12 14:05:09 , Normal] -> 正在移动{0}轴U 
 [2019/10/12 14:05:09 , Normal] -> 正在移动{0}轴V 
 [2019/10/12 14:05:10 , Normal] -> 正在移动{0}轴U 
 [2019/10/12 14:05:10 , Normal] -> 正在移动{0}轴V 
 [2019/10/12 14:05:11 , Normal] -> 正在移动{0}轴U 
 [2019/10/12 14:05:11 , Normal] -> 正在移动{0}轴V 
 [2019/10/12 14:05:11 , Normal] -> 正在移动{0}轴U 
 [2019/10/12 14:05:11 , Normal] -> 正在移动{0}轴V 
 [2019/10/12 14:05:12 , Normal] -> 正在移动{0}轴U 
 [2019/10/12 14:05:12 , Normal] -> 正在移动{0}轴V 
 [2019/10/12 14:05:12 , Normal] -> 正在移动{0}轴U 
 [2019/10/12 14:05:12 , Normal] -> 正在移动{0}轴V 
 [2019/10/12 14:05:13 , Normal] -> 正在移动{0}轴U 
 [2019/10/12 14:05:13 , Normal] -> 正在移动{0}轴V 
 [2019/10/12 14:05:13 , Normal] -> 正在移动{0}轴U 
 [2019/10/12 14:05:13 , Normal] -> 正在移动{0}轴V 
 [2019/10/12 14:05:13 , Normal] -> 正在移动{0}轴U 
 [2019/10/12 14:05:13 , Normal] -> 正在移动{0}轴V 
 [2019/10/12 14:05:14 , Normal] -> 正在移动{0}轴U 
 [2019/10/12 14:05:14 , Normal] -> 正在移动{0}轴V 
 [2019/10/12 14:05:16 , Normal] -> 正在移动{0}轴U 
 [2019/10/12 14:05:16 , Normal] -> 正在移动{0}轴V 
 [2019/10/12 14:05:16 , Normal] -> 正在移动{0}轴U 
 [2019/10/12 14:05:16 , Normal] -> 正在移动{0}轴V 
 [2019/10/12 14:05:35 , Normal] -> 正在移动{0}轴U 
 [2019/10/12 14:05:35 , Normal] -> 正在移动{0}轴V 
 [2019/10/12 14:05:36 , Normal] -> 正在移动{0}轴U 
 [2019/10/12 14:05:36 , Normal] -> 正在移动{0}轴V 
 [2019/10/12 14:05:36 , Normal] -> 正在移动{0}轴U 
 [2019/10/12 14:05:36 , Normal] -> 正在移动{0}轴V 
 [2019/10/12 14:05:37 , Normal] -> 正在移动{0}轴U 
 [2019/10/12 14:05:37 , Normal] -> 正在移动{0}轴V 
 [2019/10/12 14:05:37 , Normal] -> 正在移动{0}轴U 
 [2019/10/12 14:05:38 , Normal] -> 正在移动{0}轴V 
 [2019/10/12 14:05:38 , Normal] -> 正在移动{0}轴U 
 [2019/10/12 14:05:38 , Normal] -> 正在移动{0}轴V 
 [2019/10/12 14:05:38 , Normal] -> 正在移动{0}轴U 
 [2019/10/12 14:05:38 , Normal] -> 正在移动{0}轴V 
 [2019/10/12 14:05:39 , Normal] -> 正在移动{0}轴U 
 [2019/10/12 14:05:39 , Normal] -> 正在移动{0}轴V 
 [2019/10/12 14:05:39 , Normal] -> 正在移动{0}轴U 
 [2019/10/12 14:05:40 , Normal] -> 正在移动{0}轴V 
 [2019/10/12 14:05:40 , Normal] -> 正在移动{0}轴U 
 [2019/10/12 14:05:40 , Normal] -> 正在移动{0}轴V 
 [2019/10/12 14:05:41 , Normal] -> 正在移动{0}轴X 
 [2019/10/12 14:05:41 , Normal] -> 正在移动{0}轴Y 
 [2019/10/12 14:05:41 , Normal] -> 正在移动{0}轴Z 
 [2019/10/12 14:05:51 , Normal] -> 正在移动{0}轴Z 
 [2019/10/12 14:05:51 , Normal] -> 正在移动{0}轴X 
 [2019/10/12 14:05:51 , Normal] -> 正在移动{0}轴Y 
 [2019/10/12 14:05:53 , Normal] -> 正在移动{0}轴X 
 [2019/10/12 14:05:53 , Normal] -> 正在移动{0}轴Y 
 [2019/10/12 14:05:53 , Normal] -> 正在移动{0}轴Z 
 [2019/10/12 14:06:15 , Normal] -> 正在移动{0}轴U 
 [2019/10/12 14:06:15 , Normal] -> 正在移动{0}轴V 
 [2019/10/12 14:06:23 , Normal] -> 正在移动{0}轴U 
 [2019/10/12 14:06:23 , Normal] -> 正在移动{0}轴V 
 [2019/10/12 14:06:24 , Normal] -> 正在移动{0}轴U 
 [2019/10/12 14:06:24 , Normal] -> 正在移动{0}轴V 
 [2019/10/12 14:06:30 , Normal] -> 正在移动{0}轴U 
 [2019/10/12 14:06:30 , Normal] -> 正在移动{0}轴V 
 [2019/10/12 14:06:31 , Normal] -> 正在移动{0}轴U 
 [2019/10/12 14:06:31 , Normal] -> 正在移动{0}轴V 
 [2019/10/12 14:06:32 , Normal] -> 正在移动{0}轴U 
 [2019/10/12 14:06:32 , Normal] -> 正在移动{0}轴V 
 [2019/10/12 14:06:32 , Normal] -> 正在移动{0}轴U 
 [2019/10/12 14:06:32 , Normal] -> 正在移动{0}轴V 
 [2019/10/12 14:06:33 , Normal] -> 正在移动{0}轴U 
 [2019/10/12 14:06:33 , Normal] -> 正在移动{0}轴V 
 [2019/10/12 14:06:33 , Normal] -> 正在移动{0}轴U 
 [2019/10/12 14:06:33 , Normal] -> 正在移动{0}轴V 
 [2019/10/12 14:06:33 , Normal] -> 正在移动{0}轴U 
 [2019/10/12 14:06:33 , Normal] -> 正在移动{0}轴V 
 [2019/10/12 14:06:34 , Normal] -> 正在移动{0}轴U 
 [2019/10/12 14:06:34 , Normal] -> 正在移动{0}轴V 
 [2019/10/12 14:06:34 , Normal] -> 正在移动{0}轴U 
 [2019/10/12 14:06:34 , Normal] -> 正在移动{0}轴V 
 [2019/10/12 14:06:35 , Normal] -> 正在移动{0}轴U 
 [2019/10/12 14:06:35 , Normal] -> 正在移动{0}轴V 
 [2019/10/12 14:06:35 , Normal] -> 正在移动{0}轴U 
 [2019/10/12 14:06:35 , Normal] -> 正在移动{0}轴V 
 [2019/10/12 14:06:36 , Normal] -> 正在移动{0}轴U 
 [2019/10/12 14:06:36 , Normal] -> 正在移动{0}轴V 
 [2019/10/12 14:06:36 , Normal] -> 正在移动{0}轴U 
 [2019/10/12 14:06:36 , Normal] -> 正在移动{0}轴V 
 [2019/10/12 14:06:36 , Normal] -> 正在移动{0}轴U 
 [2019/10/12 14:06:36 , Normal] -> 正在移动{0}轴V 
 [2019/10/12 14:06:37 , Normal] -> 正在移动{0}轴U 
 [2019/10/12 14:06:37 , Normal] -> 正在移动{0}轴V 
 [2019/10/12 14:06:37 , Normal] -> 正在移动{0}轴U 
 [2019/10/12 14:06:37 , Normal] -> 正在移动{0}轴V 
 [2019/10/12 14:06:38 , Normal] -> 正在移动{0}轴U 
 [2019/10/12 14:06:38 , Normal] -> 正在移动{0}轴V 
 [2019/10/12 14:06:38 , Normal] -> 正在移动{0}轴U 
 [2019/10/12 14:06:38 , Normal] -> 正在移动{0}轴V 
 [2019/10/12 14:06:39 , Normal] -> 正在移动{0}轴U 
 [2019/10/12 14:06:39 , Normal] -> 正在移动{0}轴V 
 [2019/10/12 14:06:39 , Normal] -> 正在移动{0}轴U 
 [2019/10/12 14:06:39 , Normal] -> 正在移动{0}轴V 
 [2019/10/12 14:06:40 , Normal] -> 正在移动{0}轴X 
 [2019/10/12 14:06:40 , Normal] -> 正在移动{0}轴Y 
 [2019/10/12 14:06:40 , Normal] -> 正在移动{0}轴Z 
 [2019/10/12 14:06:40 , Normal] -> 正在移动{0}轴U 
 [2019/10/12 14:06:40 , Normal] -> 正在移动{0}轴V 
 [2019/10/12 14:06:40 , Normal] -> 正在移动{0}轴U 
 [2019/10/12 14:06:40 , Normal] -> 正在移动{0}轴V 
 [2019/10/12 14:06:41 , Normal] -> 正在移动{0}轴U 
 [2019/10/12 14:06:41 , Normal] -> 正在移动{0}轴V 
 [2019/10/12 14:06:41 , Normal] -> 正在移动{0}轴U 
 [2019/10/12 14:06:41 , Normal] -> 正在移动{0}轴V 
 [2019/10/12 14:06:42 , Normal] -> 正在移动{0}轴U 
 [2019/10/12 14:06:42 , Normal] -> 正在移动{0}轴V 
 [2019/10/12 14:06:42 , Normal] -> 正在移动{0}轴U 
 [2019/10/12 14:06:42 , Normal] -> 正在移动{0}轴V 
 [2019/10/12 14:06:43 , Normal] -> 正在移动{0}轴U 
 [2019/10/12 14:06:43 , Normal] -> 正在移动{0}轴V 
 [2019/10/12 14:06:43 , Normal] -> 正在移动{0}轴U 
 [2019/10/12 14:06:43 , Normal] -> 正在移动{0}轴V 
 [2019/10/12 14:06:43 , Normal] -> 正在移动{0}轴U 
 [2019/10/12 14:06:43 , Normal] -> 正在移动{0}轴V 
 [2019/10/12 14:06:44 , Normal] -> 正在移动{0}轴U 
 [2019/10/12 14:06:44 , Normal] -> 正在移动{0}轴V 
 [2019/10/12 14:06:44 , Normal] -> 正在移动{0}轴U 
 [2019/10/12 14:06:44 , Normal] -> 正在移动{0}轴V 
 [2019/10/12 14:06:45 , Normal] -> 正在移动{0}轴U 
 [2019/10/12 14:06:45 , Normal] -> 正在移动{0}轴V 
 [2019/10/12 14:06:45 , Normal] -> 正在移动{0}轴U 
 [2019/10/12 14:06:45 , Normal] -> 正在移动{0}轴V 
 [2019/10/12 14:06:46 , Normal] -> 正在移动{0}轴U 
 [2019/10/12 14:06:46 , Normal] -> 正在移动{0}轴V 
 [2019/10/12 14:06:46 , Normal] -> 正在移动{0}轴U 
 [2019/10/12 14:06:46 , Normal] -> 正在移动{0}轴V 
 [2019/10/12 14:06:46 , Normal] -> 正在移动{0}轴U 
 [2019/10/12 14:06:46 , Normal] -> 正在移动{0}轴V 
 [2019/10/12 14:06:47 , Normal] -> 正在移动{0}轴U 
 [2019/10/12 14:06:47 , Normal] -> 正在移动{0}轴V 
 [2019/10/12 14:06:47 , Normal] -> 正在移动{0}轴U 
 [2019/10/12 14:06:47 , Normal] -> 正在移动{0}轴V 
 [2019/10/12 14:06:48 , Normal] -> 正在移动{0}轴U 
 [2019/10/12 14:06:48 , Normal] -> 正在移动{0}轴V 
 [2019/10/12 14:06:48 , Normal] -> 正在移动{0}轴U 
 [2019/10/12 14:06:48 , Normal] -> 正在移动{0}轴V 
 [2019/10/12 14:06:49 , Normal] -> 正在移动{0}轴U 
 [2019/10/12 14:06:49 , Normal] -> 正在移动{0}轴V 
 [2019/10/12 14:06:49 , Normal] -> 正在移动{0}轴U 
 [2019/10/12 14:06:49 , Normal] -> 正在移动{0}轴V 
 [2019/10/12 14:06:49 , Normal] -> 正在移动{0}轴U 
 [2019/10/12 14:06:49 , Normal] -> 正在移动{0}轴V 
 [2019/10/12 14:06:50 , Normal] -> 正在移动{0}轴U 
 [2019/10/12 14:06:50 , Normal] -> 正在移动{0}轴V 
 [2019/10/12 14:06:50 , Normal] -> 正在移动{0}轴U 
 [2019/10/12 14:06:50 , Normal] -> 正在移动{0}轴V 
 [2019/10/12 14:06:51 , Normal] -> 正在移动{0}轴U 
 [2019/10/12 14:06:51 , Normal] -> 正在移动{0}轴V 
 [2019/10/12 14:06:51 , Normal] -> 正在移动{0}轴U 
 [2019/10/12 14:06:51 , Normal] -> 正在移动{0}轴V 
 [2019/10/12 14:06:51 , Normal] -> 正在移动{0}轴U 
 [2019/10/12 14:06:51 , Normal] -> 正在移动{0}轴V 
 [2019/10/12 14:06:52 , Normal] -> 正在移动{0}轴U 
 [2019/10/12 14:06:52 , Normal] -> 正在移动{0}轴V 
 [2019/10/12 14:06:52 , Normal] -> 正在移动{0}轴U 
 [2019/10/12 14:06:52 , Normal] -> 正在移动{0}轴V 
 [2019/10/12 14:06:53 , Normal] -> 正在移动{0}轴Z 
 [2019/10/12 14:06:53 , Normal] -> 正在移动{0}轴X 
 [2019/10/12 14:06:53 , Normal] -> 正在移动{0}轴Y 
 [2019/10/12 14:06:54 , Normal] -> 正在移动{0}轴X 
 [2019/10/12 14:06:54 , Normal] -> 正在移动{0}轴Y 
 [2019/10/12 14:06:54 , Normal] -> 正在移动{0}轴Z 
 [2019/10/12 14:06:55 , Normal] -> 正在移动{0}轴Z 
 [2019/10/12 14:06:55 , Normal] -> 正在移动{0}轴X 
 [2019/10/12 14:06:55 , Normal] -> 正在移动{0}轴Y 
 [2019/10/12 14:06:56 , Normal] -> 正在移动{0}轴X 
 [2019/10/12 14:06:56 , Normal] -> 正在移动{0}轴Y 
 [2019/10/12 14:06:56 , Normal] -> 正在移动{0}轴Z 
 [2019/10/12 14:06:57 , Normal] -> 正在移动{0}轴Z 
 [2019/10/12 14:06:57 , Normal] -> 正在移动{0}轴X 
 [2019/10/12 14:06:57 , Normal] -> 正在移动{0}轴Y 
 [2019/10/12 14:06:59 , Normal] -> 正在移动{0}轴X 
 [2019/10/12 14:06:59 , Normal] -> 正在移动{0}轴Y 
 [2019/10/12 14:06:59 , Normal] -> 正在移动{0}轴Z 
 [2019/10/12 14:07:07 , Normal] -> 正在移动{0}轴U 
 [2019/10/12 14:07:07 , Normal] -> 正在移动{0}轴V 
 [2019/10/12 14:07:12 , Normal] -> 正在移动{0}轴U 
 [2019/10/12 14:07:12 , Normal] -> 正在移动{0}轴V 
 [2019/10/12 14:07:13 , Normal] -> 正在移动{0}轴U 
 [2019/10/12 14:07:13 , Normal] -> 正在移动{0}轴V 
 [2019/10/12 14:07:14 , Normal] -> 正在移动{0}轴U 
 [2019/10/12 14:07:14 , Normal] -> 正在移动{0}轴V 
 [2019/10/12 14:07:14 , Normal] -> 正在移动{0}轴U 
 [2019/10/12 14:07:14 , Normal] -> 正在移动{0}轴V 
 [2019/10/12 14:07:15 , Normal] -> 正在移动{0}轴U 
 [2019/10/12 14:07:15 , Normal] -> 正在移动{0}轴V 
 [2019/10/12 14:07:15 , Normal] -> 正在移动{0}轴U 
 [2019/10/12 14:07:15 , Normal] -> 正在移动{0}轴V 
 [2019/10/12 14:07:16 , Normal] -> 正在移动{0}轴U 
 [2019/10/12 14:07:16 , Normal] -> 正在移动{0}轴V 
 [2019/10/12 14:07:16 , Normal] -> 正在移动{0}轴U 
 [2019/10/12 14:07:16 , Normal] -> 正在移动{0}轴V 
 [2019/10/12 14:07:16 , Normal] -> 正在移动{0}轴U 
 [2019/10/12 14:07:16 , Normal] -> 正在移动{0}轴V 
 [2019/10/12 14:07:17 , Normal] -> 正在移动{0}轴U 
 [2019/10/12 14:07:17 , Normal] -> 正在移动{0}轴V 
 [2019/10/12 14:07:17 , Normal] -> 正在移动{0}轴U 
 [2019/10/12 14:07:17 , Normal] -> 正在移动{0}轴V 
 [2019/10/12 14:07:18 , Normal] -> 正在移动{0}轴U 
 [2019/10/12 14:07:18 , Normal] -> 正在移动{0}轴V 
 [2019/10/12 14:07:18 , Normal] -> 正在移动{0}轴U 
 [2019/10/12 14:07:18 , Normal] -> 正在移动{0}轴V 
 [2019/10/12 14:07:19 , Normal] -> 正在移动{0}轴U 
 [2019/10/12 14:07:19 , Normal] -> 正在移动{0}轴V 
 [2019/10/12 14:07:19 , Normal] -> 正在移动{0}轴U 
 [2019/10/12 14:07:19 , Normal] -> 正在移动{0}轴V 
 [2019/10/12 14:07:19 , Normal] -> 正在移动{0}轴U 
 [2019/10/12 14:07:20 , Normal] -> 正在移动{0}轴V 
 [2019/10/12 14:07:20 , Normal] -> 正在移动{0}轴U 
 [2019/10/12 14:07:20 , Normal] -> 正在移动{0}轴V 
 [2019/10/12 14:07:20 , Normal] -> 正在移动{0}轴U 
 [2019/10/12 14:07:20 , Normal] -> 正在移动{0}轴V 
 [2019/10/12 14:07:21 , Normal] -> 正在移动{0}轴U 
 [2019/10/12 14:07:21 , Normal] -> 正在移动{0}轴V 
 [2019/10/12 14:07:21 , Normal] -> 正在移动{0}轴U 
 [2019/10/12 14:07:21 , Normal] -> 正在移动{0}轴V 
 [2019/10/12 14:07:22 , Normal] -> 正在移动{0}轴U 
 [2019/10/12 14:07:22 , Normal] -> 正在移动{0}轴V 
 [2019/10/12 14:07:22 , Normal] -> 正在移动{0}轴U 
 [2019/10/12 14:07:22 , Normal] -> 正在移动{0}轴V 
 [2019/10/12 14:07:22 , Normal] -> 正在移动{0}轴U 
 [2019/10/12 14:07:22 , Normal] -> 正在移动{0}轴V 
 [2019/10/12 14:07:23 , Normal] -> 正在移动{0}轴X 
 [2019/10/12 14:07:23 , Normal] -> 正在移动{0}轴Y 
 [2019/10/12 14:07:23 , Normal] -> 正在移动{0}轴Z 
 [2019/10/12 14:07:23 , Normal] -> 正在移动{0}轴U 
 [2019/10/12 14:07:23 , Normal] -> 正在移动{0}轴V 
 [2019/10/12 14:07:23 , Normal] -> 正在移动{0}轴U 
 [2019/10/12 14:07:23 , Normal] -> 正在移动{0}轴V 
 [2019/10/12 14:07:24 , Normal] -> 正在移动{0}轴U 
 [2019/10/12 14:07:24 , Normal] -> 正在移动{0}轴V 
 [2019/10/12 14:07:24 , Normal] -> 正在移动{0}轴U 
 [2019/10/12 14:07:24 , Normal] -> 正在移动{0}轴V 
 [2019/10/12 14:07:25 , Normal] -> 正在移动{0}轴U 
 [2019/10/12 14:07:25 , Normal] -> 正在移动{0}轴V 
 [2019/10/12 14:07:25 , Normal] -> 正在移动{0}轴U 
 [2019/10/12 14:07:25 , Normal] -> 正在移动{0}轴V 
 [2019/10/12 14:07:26 , Normal] -> 正在移动{0}轴U 
 [2019/10/12 14:07:26 , Normal] -> 正在移动{0}轴V 
 [2019/10/12 14:07:26 , Normal] -> 正在移动{0}轴U 
 [2019/10/12 14:07:26 , Normal] -> 正在移动{0}轴V 
 [2019/10/12 14:07:27 , Normal] -> 正在移动{0}轴U 
 [2019/10/12 14:07:27 , Normal] -> 正在移动{0}轴V 
 [2019/10/12 14:07:27 , Normal] -> 正在移动{0}轴U 
 [2019/10/12 14:07:27 , Normal] -> 正在移动{0}轴V 
 [2019/10/12 14:07:27 , Normal] -> 正在移动{0}轴U 
 [2019/10/12 14:07:27 , Normal] -> 正在移动{0}轴V 
 [2019/10/12 14:07:35 , Normal] -> 正在移动{0}轴U 
 [2019/10/12 14:07:35 , Normal] -> 正在移动{0}轴V 
 [2019/10/12 14:07:36 , Normal] -> 正在移动{0}轴U 
 [2019/10/12 14:07:36 , Normal] -> 正在移动{0}轴V 
 [2019/10/12 14:07:36 , Normal] -> 正在移动{0}轴U 
 [2019/10/12 14:07:36 , Normal] -> 正在移动{0}轴V 
 [2019/10/12 14:07:37 , Normal] -> 正在移动{0}轴U 
 [2019/10/12 14:07:37 , Normal] -> 正在移动{0}轴V 
 [2019/10/12 14:07:37 , Normal] -> 正在移动{0}轴U 
 [2019/10/12 14:07:37 , Normal] -> 正在移动{0}轴V 
 [2019/10/12 14:07:38 , Normal] -> 正在移动{0}轴U 
 [2019/10/12 14:07:38 , Normal] -> 正在移动{0}轴V 
 [2019/10/12 14:07:40 , Normal] -> 正在移动{0}轴U 
 [2019/10/12 14:07:40 , Normal] -> 正在移动{0}轴V 
 [2019/10/12 14:07:41 , Normal] -> 正在移动{0}轴U 
 [2019/10/12 14:07:41 , Normal] -> 正在移动{0}轴V 
 [2019/10/12 14:07:42 , Normal] -> 正在移动{0}轴U 
 [2019/10/12 14:07:42 , Normal] -> 正在移动{0}轴V 
 [2019/10/12 14:07:43 , Normal] -> 正在移动{0}轴U 
 [2019/10/12 14:07:43 , Normal] -> 正在移动{0}轴V 
 [2019/10/12 14:07:49 , Normal] -> 正在移动{0}轴Z 
 [2019/10/12 14:07:49 , Normal] -> 正在移动{0}轴X 
 [2019/10/12 14:07:49 , Normal] -> 正在移动{0}轴Y 
 [2019/10/12 14:07:50 , Normal] -> 正在移动{0}轴X 
 [2019/10/12 14:07:50 , Normal] -> 正在移动{0}轴Y 
 [2019/10/12 14:07:50 , Normal] -> 正在移动{0}轴Z 
 [2019/10/12 14:07:56 , Normal] -> 正在移动{0}轴Z 
 [2019/10/12 14:07:56 , Normal] -> 正在移动{0}轴X 
 [2019/10/12 14:07:56 , Normal] -> 正在移动{0}轴Y 
 [2019/10/12 14:07:57 , Normal] -> 正在移动{0}轴X 
 [2019/10/12 14:07:57 , Normal] -> 正在移动{0}轴Y 
 [2019/10/12 14:07:57 , Normal] -> 正在移动{0}轴Z 
 [2019/10/12 14:08:11 , Normal] -> 正在移动{0}轴U 
 [2019/10/12 14:08:11 , Normal] -> 正在移动{0}轴V 
 [2019/10/12 14:08:12 , Normal] -> 正在移动{0}轴U 
 [2019/10/12 14:08:12 , Normal] -> 正在移动{0}轴V 
 [2019/10/12 14:08:12 , Normal] -> 正在移动{0}轴U 
 [2019/10/12 14:08:12 , Normal] -> 正在移动{0}轴V 
 [2019/10/12 14:08:13 , Normal] -> 正在移动{0}轴U 
 [2019/10/12 14:08:13 , Normal] -> 正在移动{0}轴V 
 [2019/10/12 14:08:13 , Normal] -> 正在移动{0}轴U 
 [2019/10/12 14:08:13 , Normal] -> 正在移动{0}轴V 
 [2019/10/12 14:08:14 , Normal] -> 正在移动{0}轴U 
 [2019/10/12 14:08:14 , Normal] -> 正在移动{0}轴V 
 [2019/10/12 14:08:14 , Normal] -> 正在移动{0}轴U 
 [2019/10/12 14:08:14 , Normal] -> 正在移动{0}轴V 
 [2019/10/12 14:08:15 , Normal] -> 正在移动{0}轴U 
 [2019/10/12 14:08:15 , Normal] -> 正在移动{0}轴V 
 [2019/10/12 14:08:15 , Normal] -> 正在移动{0}轴U 
 [2019/10/12 14:08:15 , Normal] -> 正在移动{0}轴V 
 [2019/10/12 14:08:16 , Normal] -> 正在移动{0}轴U 
 [2019/10/12 14:08:16 , Normal] -> 正在移动{0}轴V 
 [2019/10/12 14:08:17 , Normal] -> 正在移动{0}轴U 
 [2019/10/12 14:08:17 , Normal] -> 正在移动{0}轴V 
 [2019/10/12 14:08:17 , Normal] -> 正在移动{0}轴U 
 [2019/10/12 14:08:17 , Normal] -> 正在移动{0}轴V 
 [2019/10/12 14:08:18 , Normal] -> 正在移动{0}轴U 
 [2019/10/12 14:08:18 , Normal] -> 正在移动{0}轴V 
 [2019/10/12 14:08:18 , Normal] -> 正在移动{0}轴U 
 [2019/10/12 14:08:18 , Normal] -> 正在移动{0}轴V 
 [2019/10/12 14:08:18 , Normal] -> 正在移动{0}轴U 
 [2019/10/12 14:08:18 , Normal] -> 正在移动{0}轴V 
 [2019/10/12 14:08:19 , Normal] -> 正在移动{0}轴U 
 [2019/10/12 14:08:19 , Normal] -> 正在移动{0}轴V 
 [2019/10/12 14:08:19 , Normal] -> 正在移动{0}轴U 
 [2019/10/12 14:08:19 , Normal] -> 正在移动{0}轴V 
 [2019/10/12 14:08:20 , Normal] -> 正在移动{0}轴U 
 [2019/10/12 14:08:20 , Normal] -> 正在移动{0}轴V 
 [2019/10/12 14:08:20 , Normal] -> 正在移动{0}轴U 
 [2019/10/12 14:08:20 , Normal] -> 正在移动{0}轴V 
 [2019/10/12 14:08:21 , Normal] -> 正在移动{0}轴U 
 [2019/10/12 14:08:21 , Normal] -> 正在移动{0}轴V 
 [2019/10/12 14:08:21 , Normal] -> 正在移动{0}轴U 
 [2019/10/12 14:08:21 , Normal] -> 正在移动{0}轴V 
 [2019/10/12 14:08:22 , Normal] -> 正在移动{0}轴U 
 [2019/10/12 14:08:22 , Normal] -> 正在移动{0}轴V 
 [2019/10/12 14:08:23 , Normal] -> 正在移动{0}轴U 
 [2019/10/12 14:08:23 , Normal] -> 正在移动{0}轴V 
 [2019/10/12 14:08:24 , Normal] -> 正在移动{0}轴U 
 [2019/10/12 14:08:24 , Normal] -> 正在移动{0}轴V 
 [2019/10/12 14:08:25 , Normal] -> 正在移动{0}轴U 
 [2019/10/12 14:08:25 , Normal] -> 正在移动{0}轴V 
 [2019/10/12 14:08:27 , Normal] -> 正在移动{0}轴Z 
 [2019/10/12 14:08:27 , Normal] -> 正在移动{0}轴X 
 [2019/10/12 14:08:27 , Normal] -> 正在移动{0}轴Y 
 [2019/10/12 14:08:27 , Normal] -> 正在移动{0}轴X 
 [2019/10/12 14:08:27 , Normal] -> 正在移动{0}轴Y 
 [2019/10/12 14:08:28 , Normal] -> 正在移动{0}轴Z 
 [2019/10/12 14:08:35 , Normal] -> 正在移动{0}轴U 
 [2019/10/12 14:08:35 , Normal] -> 正在移动{0}轴V 
 [2019/10/12 14:08:35 , Normal] -> 正在移动{0}轴U 
 [2019/10/12 14:08:35 , Normal] -> 正在移动{0}轴V 
 [2019/10/12 14:08:37 , Normal] -> 正在移动{0}轴U 
 [2019/10/12 14:08:37 , Normal] -> 正在移动{0}轴V 
 [2019/10/12 14:08:37 , Normal] -> 正在移动{0}轴Z 
 [2019/10/12 14:08:38 , Normal] -> 正在移动{0}轴X 
 [2019/10/12 14:08:38 , Normal] -> 正在移动{0}轴Y 
 [2019/10/12 14:08:38 , Normal] -> 正在移动{0}轴X 
 [2019/10/12 14:08:38 , Normal] -> 正在移动{0}轴Y 
 [2019/10/12 14:08:39 , Normal] -> 正在移动{0}轴Z 
 [2019/10/12 14:09:03 , Normal] -> 正在移动{0}轴U 
 [2019/10/12 14:09:03 , Normal] -> 正在移动{0}轴V 
 [2019/10/12 14:09:03 , Normal] -> 正在移动{0}轴U 
 [2019/10/12 14:09:03 , Normal] -> 正在移动{0}轴V 
 [2019/10/12 14:09:03 , Normal] -> 正在移动{0}轴U 
 [2019/10/12 14:09:03 , Normal] -> 正在移动{0}轴V 
 [2019/10/12 14:09:04 , Normal] -> 正在移动{0}轴U 
 [2019/10/12 14:09:04 , Normal] -> 正在移动{0}轴V 
 [2019/10/12 14:09:04 , Normal] -> 正在移动{0}轴U 
 [2019/10/12 14:09:04 , Normal] -> 正在移动{0}轴V 
 [2019/10/12 14:09:05 , Normal] -> 正在移动{0}轴U 
 [2019/10/12 14:09:05 , Normal] -> 正在移动{0}轴V 
 [2019/10/12 14:09:06 , Normal] -> 正在移动{0}轴X 
 [2019/10/12 14:09:06 , Normal] -> 正在移动{0}轴Y 
 [2019/10/12 14:09:06 , Normal] -> 正在移动{0}轴Z 
 [2019/10/12 14:09:06 , Normal] -> 正在移动{0}轴U 
 [2019/10/12 14:09:06 , Normal] -> 正在移动{0}轴V 
 [2019/10/12 14:09:06 , Normal] -> 正在移动{0}轴U 
 [2019/10/12 14:09:06 , Normal] -> 正在移动{0}轴V 
 [2019/10/12 14:09:07 , Normal] -> 正在移动{0}轴U 
 [2019/10/12 14:09:07 , Normal] -> 正在移动{0}轴V 
 [2019/10/12 14:09:07 , Normal] -> 正在移动{0}轴U 
 [2019/10/12 14:09:07 , Normal] -> 正在移动{0}轴V 
 [2019/10/12 14:09:08 , Normal] -> 正在移动{0}轴U 
 [2019/10/12 14:09:08 , Normal] -> 正在移动{0}轴V 
 [2019/10/12 14:09:08 , Normal] -> 正在移动{0}轴U 
 [2019/10/12 14:09:08 , Normal] -> 正在移动{0}轴V 
 [2019/10/12 14:09:08 , Normal] -> 正在移动{0}轴U 
 [2019/10/12 14:09:08 , Normal] -> 正在移动{0}轴V 
 [2019/10/12 14:09:09 , Normal] -> 正在移动{0}轴U 
 [2019/10/12 14:09:09 , Normal] -> 正在移动{0}轴V 
 [2019/10/12 14:09:10 , Normal] -> 正在移动{0}轴U 
 [2019/10/12 14:09:10 , Normal] -> 正在移动{0}轴V 
 [2019/10/12 14:09:10 , Normal] -> 正在移动{0}轴U 
 [2019/10/12 14:09:10 , Normal] -> 正在移动{0}轴V 
 [2019/10/12 14:09:11 , Normal] -> 正在移动{0}轴U 
 [2019/10/12 14:09:11 , Normal] -> 正在移动{0}轴V 
 [2019/10/12 14:09:11 , Normal] -> 正在移动{0}轴U 
 [2019/10/12 14:09:11 , Normal] -> 正在移动{0}轴V 
 [2019/10/12 14:09:12 , Normal] -> 正在移动{0}轴U 
 [2019/10/12 14:09:12 , Normal] -> 正在移动{0}轴V 
 [2019/10/12 14:09:12 , Normal] -> 正在移动{0}轴U 
 [2019/10/12 14:09:12 , Normal] -> 正在移动{0}轴V 
 [2019/10/12 14:09:13 , Normal] -> 正在移动{0}轴U 
 [2019/10/12 14:09:13 , Normal] -> 正在移动{0}轴V 
 [2019/10/12 14:09:13 , Normal] -> 正在移动{0}轴U 
 [2019/10/12 14:09:13 , Normal] -> 正在移动{0}轴V 
 [2019/10/12 14:09:13 , Normal] -> 正在移动{0}轴U 
 [2019/10/12 14:09:13 , Normal] -> 正在移动{0}轴V 
 [2019/10/12 14:09:14 , Normal] -> 正在移动{0}轴U 
 [2019/10/12 14:09:14 , Normal] -> 正在移动{0}轴V 
 [2019/10/12 14:09:14 , Normal] -> 正在移动{0}轴U 
 [2019/10/12 14:09:14 , Normal] -> 正在移动{0}轴V 
 [2019/10/12 14:09:15 , Normal] -> 正在移动{0}轴U 
 [2019/10/12 14:09:15 , Normal] -> 正在移动{0}轴V 
 [2019/10/12 14:09:15 , Normal] -> 正在移动{0}轴U 
 [2019/10/12 14:09:15 , Normal] -> 正在移动{0}轴V 
 [2019/10/12 14:09:16 , Normal] -> 正在移动{0}轴U 
 [2019/10/12 14:09:16 , Normal] -> 正在移动{0}轴V 
 [2019/10/12 14:09:16 , Normal] -> 正在移动{0}轴U 
 [2019/10/12 14:09:16 , Normal] -> 正在移动{0}轴V 
 [2019/10/12 14:09:16 , Normal] -> 正在移动{0}轴U 
 [2019/10/12 14:09:16 , Normal] -> 正在移动{0}轴V 
 [2019/10/12 14:09:17 , Normal] -> 正在移动{0}轴U 
 [2019/10/12 14:09:17 , Normal] -> 正在移动{0}轴V 
 [2019/10/12 14:09:17 , Normal] -> 正在移动{0}轴U 
 [2019/10/12 14:09:17 , Normal] -> 正在移动{0}轴V 
 [2019/10/12 14:09:18 , Normal] -> 正在移动{0}轴U 
 [2019/10/12 14:09:18 , Normal] -> 正在移动{0}轴V 
 [2019/10/12 14:09:18 , Normal] -> 正在移动{0}轴U 
 [2019/10/12 14:09:18 , Normal] -> 正在移动{0}轴V 
 [2019/10/12 14:09:18 , Normal] -> 正在移动{0}轴U 
 [2019/10/12 14:09:18 , Normal] -> 正在移动{0}轴V 
 [2019/10/12 14:09:19 , Normal] -> 正在移动{0}轴U 
 [2019/10/12 14:09:19 , Normal] -> 正在移动{0}轴V 
 [2019/10/12 14:09:19 , Normal] -> 正在移动{0}轴U 
 [2019/10/12 14:09:19 , Normal] -> 正在移动{0}轴V 
 [2019/10/12 14:09:20 , Normal] -> 正在移动{0}轴U 
 [2019/10/12 14:09:20 , Normal] -> 正在移动{0}轴V 
 [2019/10/12 14:09:20 , Normal] -> 正在移动{0}轴U 
 [2019/10/12 14:09:20 , Normal] -> 正在移动{0}轴V 
 [2019/10/12 14:09:21 , Normal] -> 正在移动{0}轴U 
 [2019/10/12 14:09:21 , Normal] -> 正在移动{0}轴V 
 [2019/10/12 14:09:22 , Normal] -> 正在移动{0}轴U 
 [2019/10/12 14:09:22 , Normal] -> 正在移动{0}轴V 
 [2019/10/12 14:09:22 , Normal] -> 正在移动{0}轴U 
 [2019/10/12 14:09:22 , Normal] -> 正在移动{0}轴V 
 [2019/10/12 14:09:23 , Normal] -> 正在移动{0}轴U 
 [2019/10/12 14:09:23 , Normal] -> 正在移动{0}轴V 
 [2019/10/12 14:09:23 , Normal] -> 正在移动{0}轴U 
 [2019/10/12 14:09:23 , Normal] -> 正在移动{0}轴V 
 [2019/10/12 14:09:24 , Normal] -> 正在移动{0}轴U 
 [2019/10/12 14:09:24 , Normal] -> 正在移动{0}轴V 
 [2019/10/12 14:09:25 , Normal] -> 正在移动{0}轴U 
 [2019/10/12 14:09:25 , Normal] -> 正在移动{0}轴V 
 [2019/10/12 14:09:26 , Normal] -> 正在移动{0}轴U 
 [2019/10/12 14:09:26 , Normal] -> 正在移动{0}轴V 
 [2019/10/12 14:09:27 , Normal] -> 正在移动{0}轴U 
 [2019/10/12 14:09:27 , Normal] -> 正在移动{0}轴V 
 [2019/10/12 14:09:28 , Normal] -> 正在移动{0}轴U 
 [2019/10/12 14:09:28 , Normal] -> 正在移动{0}轴V 
 [2019/10/12 14:09:29 , Normal] -> 正在移动{0}轴U 
 [2019/10/12 14:09:29 , Normal] -> 正在移动{0}轴V 
 [2019/10/12 14:09:29 , Normal] -> 正在移动{0}轴U 
 [2019/10/12 14:09:29 , Normal] -> 正在移动{0}轴V 
 [2019/10/12 14:09:29 , Normal] -> 正在移动{0}轴U 
 [2019/10/12 14:09:29 , Normal] -> 正在移动{0}轴V 
 [2019/10/12 14:09:30 , Normal] -> 正在移动{0}轴U 
 [2019/10/12 14:09:30 , Normal] -> 正在移动{0}轴V 
 [2019/10/12 14:09:31 , Normal] -> 正在移动{0}轴U 
 [2019/10/12 14:09:31 , Normal] -> 正在移动{0}轴V 
 [2019/10/12 14:09:32 , Normal] -> 正在移动{0}轴X 
 [2019/10/12 14:09:32 , Normal] -> 正在移动{0}轴Y 
 [2019/10/12 14:09:32 , Normal] -> 正在移动{0}轴Z 
 [2019/10/12 14:09:55 , Normal] -> 正在移动{0}轴U 
 [2019/10/12 14:09:55 , Normal] -> 正在移动{0}轴V 
 [2019/10/12 14:09:56 , Normal] -> 正在移动{0}轴U 
 [2019/10/12 14:09:56 , Normal] -> 正在移动{0}轴V 
 [2019/10/12 14:09:56 , Normal] -> 正在移动{0}轴U 
 [2019/10/12 14:09:56 , Normal] -> 正在移动{0}轴V 
 [2019/10/12 14:09:57 , Normal] -> 正在移动{0}轴U 
 [2019/10/12 14:09:57 , Normal] -> 正在移动{0}轴V 
 [2019/10/12 14:09:57 , Normal] -> 正在移动{0}轴U 
 [2019/10/12 14:09:57 , Normal] -> 正在移动{0}轴V 
 [2019/10/12 14:09:58 , Normal] -> 正在移动{0}轴U 
 [2019/10/12 14:09:58 , Normal] -> 正在移动{0}轴V 
 [2019/10/12 14:09:58 , Normal] -> 正在移动{0}轴U 
 [2019/10/12 14:09:58 , Normal] -> 正在移动{0}轴V 
 [2019/10/12 14:09:58 , Normal] -> 正在移动{0}轴U 
 [2019/10/12 14:09:58 , Normal] -> 正在移动{0}轴V 
 [2019/10/12 14:09:59 , Normal] -> 正在移动{0}轴U 
 [2019/10/12 14:09:59 , Normal] -> 正在移动{0}轴V 
 [2019/10/12 14:09:59 , Normal] -> 正在移动{0}轴U 
 [2019/10/12 14:09:59 , Normal] -> 正在移动{0}轴V 
 [2019/10/12 14:10:00 , Normal] -> 正在移动{0}轴U 
 [2019/10/12 14:10:00 , Normal] -> 正在移动{0}轴V 
 [2019/10/12 14:10:00 , Normal] -> 正在移动{0}轴U 
 [2019/10/12 14:10:00 , Normal] -> 正在移动{0}轴V 
 [2019/10/12 14:10:01 , Normal] -> 正在移动{0}轴U 
 [2019/10/12 14:10:01 , Normal] -> 正在移动{0}轴V 
 [2019/10/12 14:10:01 , Normal] -> 正在移动{0}轴U 
 [2019/10/12 14:10:01 , Normal] -> 正在移动{0}轴V 
 [2019/10/12 14:10:02 , Normal] -> 正在移动{0}轴U 
 [2019/10/12 14:10:02 , Normal] -> 正在移动{0}轴V 
 [2019/10/12 14:10:02 , Normal] -> 正在移动{0}轴U 
 [2019/10/12 14:10:02 , Normal] -> 正在移动{0}轴V 
 [2019/10/12 14:10:02 , Normal] -> 正在移动{0}轴U 
 [2019/10/12 14:10:02 , Normal] -> 正在移动{0}轴V 
 [2019/10/12 14:10:03 , Normal] -> 正在移动{0}轴U 
 [2019/10/12 14:10:03 , Normal] -> 正在移动{0}轴V 
 [2019/10/12 14:10:03 , Normal] -> 正在移动{0}轴U 
 [2019/10/12 14:10:03 , Normal] -> 正在移动{0}轴V 
 [2019/10/12 14:10:04 , Normal] -> 正在移动{0}轴U 
 [2019/10/12 14:10:04 , Normal] -> 正在移动{0}轴V 
 [2019/10/12 14:10:04 , Normal] -> 正在移动{0}轴U 
 [2019/10/12 14:10:04 , Normal] -> 正在移动{0}轴V 
 [2019/10/12 14:10:05 , Normal] -> 正在移动{0}轴U 
 [2019/10/12 14:10:05 , Normal] -> 正在移动{0}轴V 
 [2019/10/12 14:10:05 , Normal] -> 正在移动{0}轴U 
 [2019/10/12 14:10:05 , Normal] -> 正在移动{0}轴V 
 [2019/10/12 14:10:05 , Normal] -> 正在移动{0}轴U 
 [2019/10/12 14:10:06 , Normal] -> 正在移动{0}轴V 
 [2019/10/12 14:10:06 , Normal] -> 正在移动{0}轴U 
 [2019/10/12 14:10:06 , Normal] -> 正在移动{0}轴V 
 [2019/10/12 14:10:06 , Normal] -> 正在移动{0}轴U 
 [2019/10/12 14:10:06 , Normal] -> 正在移动{0}轴V 
 [2019/10/12 14:10:10 , Normal] -> 正在移动{0}轴U 
 [2019/10/12 14:10:10 , Normal] -> 正在移动{0}轴V 
 [2019/10/12 14:10:11 , Normal] -> 正在移动{0}轴U 
 [2019/10/12 14:10:11 , Normal] -> 正在移动{0}轴V 
 [2019/10/12 14:10:12 , Normal] -> 正在移动{0}轴U 
 [2019/10/12 14:10:12 , Normal] -> 正在移动{0}轴V 
 [2019/10/12 14:10:13 , Normal] -> 正在移动{0}轴Z 
 [2019/10/12 14:10:14 , Normal] -> 正在移动{0}轴X 
 [2019/10/12 14:10:14 , Normal] -> 正在移动{0}轴Y 
 [2019/10/12 14:10:14 , Normal] -> 正在移动{0}轴X 
 [2019/10/12 14:10:14 , Normal] -> 正在移动{0}轴Y 
 [2019/10/12 14:10:15 , Normal] -> 正在移动{0}轴Z 
 [2019/10/12 14:10:15 , Normal] -> 正在移动{0}轴U 
 [2019/10/12 14:10:15 , Normal] -> 正在移动{0}轴V 
 [2019/10/12 14:10:18 , Normal] -> 正在移动{0}轴Z 
 [2019/10/12 14:10:18 , Normal] -> 正在移动{0}轴X 
 [2019/10/12 14:10:18 , Normal] -> 正在移动{0}轴Y 
 [2019/10/12 14:10:18 , Normal] -> 正在移动{0}轴X 
 [2019/10/12 14:10:18 , Normal] -> 正在移动{0}轴Y 
 [2019/10/12 14:10:19 , Normal] -> 正在移动{0}轴Z 
 [2019/10/12 14:10:22 , Normal] -> 正在移动{0}轴U 
 [2019/10/12 14:10:22 , Normal] -> 正在移动{0}轴V 
 [2019/10/12 14:10:22 , Normal] -> 正在移动{0}轴U 
 [2019/10/12 14:10:22 , Normal] -> 正在移动{0}轴V 
 [2019/10/12 14:10:23 , Normal] -> 正在移动{0}轴U 
 [2019/10/12 14:10:23 , Normal] -> 正在移动{0}轴V 
 [2019/10/12 14:10:23 , Normal] -> 正在移动{0}轴U 
 [2019/10/12 14:10:23 , Normal] -> 正在移动{0}轴V 
 [2019/10/12 14:10:24 , Normal] -> 正在移动{0}轴U 
 [2019/10/12 14:10:24 , Normal] -> 正在移动{0}轴V 
 [2019/10/12 14:10:24 , Normal] -> 正在移动{0}轴U 
 [2019/10/12 14:10:24 , Normal] -> 正在移动{0}轴V 
 [2019/10/12 14:10:25 , Normal] -> 正在移动{0}轴U 
 [2019/10/12 14:10:25 , Normal] -> 正在移动{0}轴V 
 [2019/10/12 14:10:25 , Normal] -> 正在移动{0}轴U 
 [2019/10/12 14:10:25 , Normal] -> 正在移动{0}轴V 
 [2019/10/12 14:10:26 , Normal] -> 正在移动{0}轴U 
 [2019/10/12 14:10:26 , Normal] -> 正在移动{0}轴V 
 [2019/10/12 14:10:26 , Normal] -> 正在移动{0}轴U 
 [2019/10/12 14:10:26 , Normal] -> 正在移动{0}轴V 
 [2019/10/12 14:10:26 , Normal] -> 正在移动{0}轴U 
 [2019/10/12 14:10:26 , Normal] -> 正在移动{0}轴V 
 [2019/10/12 14:10:27 , Normal] -> 正在移动{0}轴U 
 [2019/10/12 14:10:27 , Normal] -> 正在移动{0}轴V 
 [2019/10/12 14:10:28 , Normal] -> 正在移动{0}轴U 
 [2019/10/12 14:10:28 , Normal] -> 正在移动{0}轴V 
 [2019/10/12 14:10:28 , Normal] -> 正在移动{0}轴U 
 [2019/10/12 14:10:28 , Normal] -> 正在移动{0}轴V 
 [2019/10/12 14:10:29 , Normal] -> 正在移动{0}轴U 
 [2019/10/12 14:10:29 , Normal] -> 正在移动{0}轴V 
 [2019/10/12 14:10:29 , Normal] -> 正在移动{0}轴U 
 [2019/10/12 14:10:29 , Normal] -> 正在移动{0}轴V 
 [2019/10/12 14:10:30 , Normal] -> 正在移动{0}轴U 
 [2019/10/12 14:10:30 , Normal] -> 正在移动{0}轴V 
 [2019/10/12 14:10:30 , Normal] -> 正在移动{0}轴U 
 [2019/10/12 14:10:30 , Normal] -> 正在移动{0}轴V 
 [2019/10/12 14:10:31 , Normal] -> 正在移动{0}轴U 
 [2019/10/12 14:10:31 , Normal] -> 正在移动{0}轴V 
 [2019/10/12 14:10:31 , Normal] -> 正在移动{0}轴U 
 [2019/10/12 14:10:31 , Normal] -> 正在移动{0}轴V 
 [2019/10/12 14:10:32 , Normal] -> 正在移动{0}轴U 
 [2019/10/12 14:10:32 , Normal] -> 正在移动{0}轴V 
 [2019/10/12 14:10:32 , Normal] -> 正在移动{0}轴X 
 [2019/10/12 14:10:32 , Normal] -> 正在移动{0}轴Y 
 [2019/10/12 14:10:32 , Normal] -> 正在移动{0}轴Z 
 [2019/10/12 14:10:32 , Normal] -> 正在移动{0}轴U 
 [2019/10/12 14:10:32 , Normal] -> 正在移动{0}轴V 
 [2019/10/12 14:10:33 , Normal] -> 正在移动{0}轴U 
 [2019/10/12 14:10:33 , Normal] -> 正在移动{0}轴V 
 [2019/10/12 14:10:33 , Normal] -> 正在移动{0}轴U 
 [2019/10/12 14:10:33 , Normal] -> 正在移动{0}轴V 
 [2019/10/12 14:10:34 , Normal] -> 正在移动{0}轴U 
 [2019/10/12 14:10:34 , Normal] -> 正在移动{0}轴V 
 [2019/10/12 14:10:34 , Normal] -> 正在移动{0}轴U 
 [2019/10/12 14:10:34 , Normal] -> 正在移动{0}轴V 
 [2019/10/12 14:10:35 , Normal] -> 正在移动{0}轴U 
 [2019/10/12 14:10:35 , Normal] -> 正在移动{0}轴V 
 [2019/10/12 14:10:35 , Normal] -> 正在移动{0}轴U 
 [2019/10/12 14:10:35 , Normal] -> 正在移动{0}轴V 
 [2019/10/12 14:10:36 , Normal] -> 正在移动{0}轴U 
 [2019/10/12 14:10:36 , Normal] -> 正在移动{0}轴V 
 [2019/10/12 14:10:36 , Normal] -> 正在移动{0}轴U 
 [2019/10/12 14:10:36 , Normal] -> 正在移动{0}轴V 
 [2019/10/12 14:10:37 , Normal] -> 正在移动{0}轴U 
 [2019/10/12 14:10:37 , Normal] -> 正在移动{0}轴V 
 