[2019/9/29 16:01:03 , Normal] -> 开始回零操作，停止任何操作！ 
 [2019/9/29 16:01:03 , Normal] -> 设置轴向归零参数 
 [2019/9/29 16:03:26 , Normal] -> 设备初始化失败！内容Device_Link_LTSMC.LSTMCException: 错误信息:错误Cannot_be_connected : 无法连接
, 错误编码:8 , 错误函数:LinkDevice, 错误轴向:总控制
   在 Device_Link_LTSMC.Device_Net_LSTMC.CallBack(String optionFunction, Int16[] erroCodes)
   在 Device_Link_LTSMC.Device_Net_LSTMC.LinkDevice()
   在 ControlDec.ConDevice.Link(Dictionary`2 infos) 位置 F:\20190826-RZ-GemaControl\AxisMovement\ControlDec\ConDevice.cs:行号 185 
 [2019/9/29 16:03:26 , Normal] -> 启动服务器成功 
 [2019/9/29 16:03:27 , Normal] -> 连接错误System.ArgumentNullException: 值不能为 null。
参数名: PortName
   在 System.IO.Ports.SerialPort.set_PortName(String value)
   在 ControlLib.ControlCom.Open() 位置 F:\20190826-RZ-GemaControl\AxisMovement\ControlLib\ControlCom.cs:行号 93
   在 TaskOption.TaskFormat.Link(String ip, Int32 port) 位置 F:\20190826-RZ-GemaControl\AxisMovement\TaskOption\TaskFormat.cs:行号 193 
 [2019/9/29 16:03:41 , Normal] -> 开始回零操作，停止任何操作！ 
 [2019/9/29 16:03:41 , Normal] -> 设置轴向归零参数 
 [2019/9/29 16:03:42 , Normal] -> 所有垂直轴向归零成功 
 [2019/9/29 16:03:50 , Normal] -> 水平轴向归零成功 
 [2019/9/29 16:03:50 , Normal] -> 所有坐标清零成功 
 [2019/9/29 16:03:50 , Normal] -> 启动服务器成功 
 [2019/9/29 16:03:50 , Normal] -> 连接错误System.ArgumentNullException: 值不能为 null。
参数名: PortName
   在 System.IO.Ports.SerialPort.set_PortName(String value)
   在 ControlLib.ControlCom.Open() 位置 F:\20190826-RZ-GemaControl\AxisMovement\ControlLib\ControlCom.cs:行号 93
   在 TaskOption.TaskFormat.Link(String ip, Int32 port) 位置 F:\20190826-RZ-GemaControl\AxisMovement\TaskOption\TaskFormat.cs:行号 193 
 [2019/9/29 16:04:59 , Normal] -> 开始回零操作，停止任何操作！ 
 [2019/9/29 16:04:59 , Normal] -> 设置轴向归零参数 
 [2019/9/29 16:05:00 , Normal] -> 所有垂直轴向归零成功 
 [2019/9/29 16:05:00 , Normal] -> 水平轴向归零成功 
 [2019/9/29 16:05:00 , Normal] -> 所有坐标清零成功 
 [2019/9/29 16:05:00 , Normal] -> 启动服务器成功 
 [2019/9/29 16:05:00 , Normal] -> 连接错误System.ArgumentNullException: 值不能为 null。
参数名: PortName
   在 System.IO.Ports.SerialPort.set_PortName(String value)
   在 ControlLib.ControlCom.Open() 位置 F:\20190826-RZ-GemaControl\AxisMovement\ControlLib\ControlCom.cs:行号 93
   在 TaskOption.TaskFormat.Link(String ip, Int32 port) 位置 F:\20190826-RZ-GemaControl\AxisMovement\TaskOption\TaskFormat.cs:行号 193 
 [2019/9/29 16:05:04 , Waring] -> 读取坐标信息异常 
 [2019/9/29 16:05:04 , Erro] -> System.InvalidOperationException: 在创建窗口句柄之前，不能在控件上调用 Invoke 或 BeginInvoke。
   在 System.Windows.Forms.Control.MarshaledInvoke(Control caller, Delegate method, Object[] args, Boolean synchronous)
   在 System.Windows.Forms.Control.BeginInvoke(Delegate method, Object[] args)
   在 RZ_AutoGemaControl.GameConsole.<>c__DisplayClass38_0.<GetCoordinates>b__0() 位置 F:\20190826-RZ-GemaControl\AxisMovement\RZ-AutoGemaControl\GameConsole.cs:行号 111 
 [2019/9/29 16:08:55 , Normal] -> 开始回零操作，停止任何操作！ 
 [2019/9/29 16:08:55 , Normal] -> 设置轴向归零参数 
 [2019/9/29 16:08:56 , Normal] -> 所有垂直轴向归零成功 
 [2019/9/29 16:08:56 , Normal] -> 水平轴向归零成功 
 [2019/9/29 16:08:56 , Normal] -> 所有坐标清零成功 
 [2019/9/29 16:08:56 , Normal] -> 启动服务器成功 
 [2019/9/29 16:08:56 , Normal] -> 连接错误System.ArgumentNullException: 值不能为 null。
参数名: PortName
   在 System.IO.Ports.SerialPort.set_PortName(String value)
   在 ControlLib.ControlCom.Open() 位置 F:\20190826-RZ-GemaControl\AxisMovement\ControlLib\ControlCom.cs:行号 93
   在 TaskOption.TaskFormat.Link(String ip, Int32 port) 位置 F:\20190826-RZ-GemaControl\AxisMovement\TaskOption\TaskFormat.cs:行号 193 
 [2019/9/29 16:09:00 , Waring] -> 读取坐标信息异常 
 [2019/9/29 16:09:00 , Erro] -> System.InvalidOperationException: 在创建窗口句柄之前，不能在控件上调用 Invoke 或 BeginInvoke。
   在 System.Windows.Forms.Control.MarshaledInvoke(Control caller, Delegate method, Object[] args, Boolean synchronous)
   在 System.Windows.Forms.Control.BeginInvoke(Delegate method, Object[] args)
   在 RZ_AutoGemaControl.GameConsole.<>c__DisplayClass38_0.<GetCoordinates>b__0() 
 [2019/9/29 16:10:48 , Normal] -> 开始回零操作，停止任何操作！ 
 [2019/9/29 16:10:48 , Normal] -> 设置轴向归零参数 
 [2019/9/29 16:10:48 , Normal] -> 所有垂直轴向归零成功 
 [2019/9/29 16:10:48 , Normal] -> 水平轴向归零成功 
 [2019/9/29 16:10:48 , Normal] -> 所有坐标清零成功 
 [2019/9/29 16:10:48 , Normal] -> 启动服务器成功 
 [2019/9/29 16:10:48 , Normal] -> 连接错误System.ArgumentNullException: 值不能为 null。
参数名: PortName
   在 System.IO.Ports.SerialPort.set_PortName(String value)
   在 ControlLib.ControlCom.Open() 位置 F:\20190826-RZ-GemaControl\AxisMovement\ControlLib\ControlCom.cs:行号 93
   在 TaskOption.TaskFormat.Link(String ip, Int32 port) 位置 F:\20190826-RZ-GemaControl\AxisMovement\TaskOption\TaskFormat.cs:行号 193 
 [2019/9/29 16:11:04 , Waring] -> 读取坐标信息异常 
 [2019/9/29 16:11:04 , Erro] -> System.InvalidOperationException: 在创建窗口句柄之前，不能在控件上调用 Invoke 或 BeginInvoke。
   在 System.Windows.Forms.Control.MarshaledInvoke(Control caller, Delegate method, Object[] args, Boolean synchronous)
   在 System.Windows.Forms.Control.BeginInvoke(Delegate method, Object[] args)
   在 RZ_AutoGemaControl.GameConsole.<>c__DisplayClass38_0.<GetCoordinates>b__0() 位置 F:\20190826-RZ-GemaControl\AxisMovement\RZ-AutoGemaControl\GameConsole.cs:行号 111 
 [2019/9/29 16:11:15 , Waring] -> 读取坐标信息异常 
 [2019/9/29 16:11:39 , Normal] -> 开始回零操作，停止任何操作！ 
 [2019/9/29 16:11:39 , Normal] -> 设置轴向归零参数 
 [2019/9/29 16:11:39 , Normal] -> 所有垂直轴向归零成功 
 [2019/9/29 16:11:40 , Normal] -> 水平轴向归零成功 
 [2019/9/29 16:11:40 , Normal] -> 所有坐标清零成功 
 [2019/9/29 16:11:40 , Normal] -> 启动服务器成功 
 [2019/9/29 16:11:40 , Normal] -> 连接错误System.ArgumentNullException: 值不能为 null。
参数名: PortName
   在 System.IO.Ports.SerialPort.set_PortName(String value)
   在 ControlLib.ControlCom.Open() 位置 F:\20190826-RZ-GemaControl\AxisMovement\ControlLib\ControlCom.cs:行号 93
   在 TaskOption.TaskFormat.Link(String ip, Int32 port) 位置 F:\20190826-RZ-GemaControl\AxisMovement\TaskOption\TaskFormat.cs:行号 193 
 [2019/9/29 16:11:48 , Waring] -> 读取坐标信息异常 
 [2019/9/29 16:48:18 , Normal] -> 开始回零操作，停止任何操作！ 
 [2019/9/29 16:48:18 , Normal] -> 设置轴向归零参数 
 [2019/9/29 16:48:18 , Normal] -> 所有垂直轴向归零成功 
 [2019/9/29 16:48:18 , Normal] -> 水平轴向归零成功 
 [2019/9/29 16:48:18 , Normal] -> 所有坐标清零成功 
 [2019/9/29 16:48:18 , Normal] -> 启动服务器成功 
 [2019/9/29 16:48:18 , Normal] -> 连接错误System.ArgumentNullException: 值不能为 null。
参数名: PortName
   在 System.IO.Ports.SerialPort.set_PortName(String value)
   在 ControlLib.ControlCom.Open() 位置 F:\20190826-RZ-GemaControl\AxisMovement\ControlLib\ControlCom.cs:行号 93
   在 TaskOption.TaskFormat.Link(String ip, Int32 port) 位置 F:\20190826-RZ-GemaControl\AxisMovement\TaskOption\TaskFormat.cs:行号 193 
 [2019/9/29 16:48:21 , Waring] -> 读取坐标信息异常 
 [2019/9/29 16:48:21 , Erro] -> System.InvalidOperationException: 在创建窗口句柄之前，不能在控件上调用 Invoke 或 BeginInvoke。
   在 System.Windows.Forms.Control.MarshaledInvoke(Control caller, Delegate method, Object[] args, Boolean synchronous)
   在 System.Windows.Forms.Control.BeginInvoke(Delegate method, Object[] args)
   在 RZ_AutoGemaControl.GameConsole.<>c__DisplayClass38_0.<GetCoordinates>b__0() 位置 F:\20190826-RZ-GemaControl\AxisMovement\RZ-AutoGemaControl\GameConsole.cs:行号 111 
 [2019/9/29 17:03:30 , Normal] -> 开始回零操作，停止任何操作！ 
 [2019/9/29 17:03:30 , Normal] -> 设置轴向归零参数 
 [2019/9/29 17:03:30 , Normal] -> 所有垂直轴向归零成功 
 [2019/9/29 17:03:30 , Normal] -> 水平轴向归零成功 
 [2019/9/29 17:03:30 , Normal] -> 所有坐标清零成功 
 [2019/9/29 17:03:30 , Normal] -> 启动服务器成功 
 [2019/9/29 17:03:30 , Normal] -> 连接错误System.ArgumentNullException: 值不能为 null。
参数名: PortName
   在 System.IO.Ports.SerialPort.set_PortName(String value)
   在 ControlLib.ControlCom.Open() 位置 F:\20190826-RZ-GemaControl\AxisMovement\ControlLib\ControlCom.cs:行号 93
   在 TaskOption.TaskFormat.Link(String ip, Int32 port) 位置 F:\20190826-RZ-GemaControl\AxisMovement\TaskOption\TaskFormat.cs:行号 193 
 [2019/9/29 17:03:38 , Waring] -> 读取坐标信息异常 
 