[2019/9/19 14:40:46 , Normal] -> 设备初始化失败！内容Device_Link_LTSMC.LSTMCException: 错误信息:错误Cannot_be_connected : 无法连接
, 错误编码:8 , 错误函数:LinkDevice, 错误轴向:总控制
   在 Device_Link_LTSMC.Device_Net_LSTMC.CallBack(String optionFunction, Int16[] erroCodes)
   在 Device_Link_LTSMC.Device_Net_LSTMC.LinkDevice()
   在 ControlDec.ConDevice.Link(Dictionary`2 infos) 位置 C:\Users\ASUS\Desktop\20190826-RZ-GemaControl\AxisMovement\ControlDec\ConDevice.cs:行号 175 
 [2019/9/19 14:42:04 , Normal] -> 开始回零操作，停止任何操作！ 
 [2019/9/19 14:42:05 , Normal] -> 设置轴向归零参数 
 [2019/9/19 14:42:06 , Normal] -> 所有垂直轴向归零成功 
 [2019/9/19 14:42:11 , Normal] -> 水平轴向归零成功 
 [2019/9/19 14:42:11 , Normal] -> 所有坐标清零成功 
 [2019/9/19 14:43:56 , Waring] -> 读取坐标信息异常 
 [2019/9/19 14:43:56 , Erro] -> System.InvalidOperationException: 在创建窗口句柄之前，不能在控件上调用 Invoke 或 BeginInvoke。
   在 System.Windows.Forms.Control.MarshaledInvoke(Control caller, Delegate method, Object[] args, Boolean synchronous)
   在 System.Windows.Forms.Control.BeginInvoke(Delegate method, Object[] args)
   在 RZ_AutoGemaControl.GameConsole.<>c__DisplayClass25_0.<GetCoordinates>b__0() 位置 C:\Users\ASUS\Desktop\20190826-RZ-GemaControl\AxisMovement\RZ-AutoGemaControl\GameConsole.cs:行号 139 
 [2019/9/19 14:43:56 , Waring] -> 读取坐标信息异常 
 [2019/9/19 14:43:56 , Erro] -> System.InvalidOperationException: 在创建窗口句柄之前，不能在控件上调用 Invoke 或 BeginInvoke。
   在 System.Windows.Forms.Control.MarshaledInvoke(Control caller, Delegate method, Object[] args, Boolean synchronous)
   在 System.Windows.Forms.Control.BeginInvoke(Delegate method, Object[] args)
   在 RZ_AutoGemaControl.GameConsole.<>c__DisplayClass25_0.<GetCoordinates>b__0() 位置 C:\Users\ASUS\Desktop\20190826-RZ-GemaControl\AxisMovement\RZ-AutoGemaControl\GameConsole.cs:行号 139 
 [2019/9/19 14:44:09 , Normal] -> 开始回零操作，停止任何操作！ 
 [2019/9/19 14:44:09 , Normal] -> 设置轴向归零参数 
 [2019/9/19 14:44:09 , Normal] -> 所有垂直轴向归零成功 
 [2019/9/19 14:44:15 , Normal] -> 水平轴向归零成功 
 [2019/9/19 14:44:15 , Normal] -> 所有坐标清零成功 
 [2019/9/19 15:11:13 , Normal] -> 开始回零操作，停止任何操作！ 
 [2019/9/19 15:11:13 , Normal] -> 设置轴向归零参数 
 [2019/9/19 15:11:13 , Normal] -> 所有垂直轴向归零成功 
 [2019/9/19 15:11:13 , Normal] -> 水平轴向归零成功 
 [2019/9/19 15:11:13 , Normal] -> 所有坐标清零成功 
 [2019/9/19 15:28:43 , Normal] -> 开始回零操作，停止任何操作！ 
 [2019/9/19 15:28:43 , Normal] -> 设置轴向归零参数 
 [2019/9/19 15:28:43 , Normal] -> 所有垂直轴向归零成功 
 [2019/9/19 15:28:44 , Normal] -> 水平轴向归零成功 
 [2019/9/19 15:28:44 , Normal] -> 所有坐标清零成功 
 [2019/9/19 15:33:38 , Normal] -> 接收到数据:{"OptionRun": "SkillPlus1", "x": 84, "y": 141, "depth": 7} 
 [2019/9/19 15:33:38 , Normal] -> 正在移动{0}轴U 
 [2019/9/19 15:33:38 , Normal] -> 正在移动{0}轴V 
 [2019/9/19 15:33:39 , Normal] -> 正在移动{0}轴U 
 [2019/9/19 15:33:39 , Normal] -> 接收到数据:{"OptionRun": "UpperRight", "x": 100, "y": 100} 
 [2019/9/19 15:33:39 , Normal] -> 正在移动{0}轴X 
 [2019/9/19 15:33:39 , Normal] -> 正在移动{0}轴Y 
 [2019/9/19 15:34:59 , Normal] -> 开始回零操作，停止任何操作！ 
 [2019/9/19 15:34:59 , Normal] -> 设置轴向归零参数 
 [2019/9/19 15:34:59 , Erro] -> 回零失败Device_Link_LTSMC.LSTMCException: Z正在执行上一次的任务，请先关闭或结束前一次的任务!
   在 Device_Link_LTSMC.LTSMC_Axis.CheckAxis()
   在 Device_Link_LTSMC.LTSMC_Axis.SetStartFindZeroParameters(Double speed, Direction ToZeroDir)
   在 ControlDec.ConDevice.AxisRunToZero(Axis axis) 位置 C:\Users\ASUS\Desktop\20190826-RZ-GemaControl\AxisMovement\ControlDec\ConDevice.cs:行号 76 
 [2019/9/19 15:34:59 , Normal] -> 所有垂直轴向归零成功 
 [2019/9/19 15:34:59 , Normal] -> 接收到数据:{"OptionRun": "FlatA"} 
 [2019/9/19 15:34:59 , Normal] -> 正在移动{0}轴U 
 [2019/9/19 15:34:59 , Normal] -> 正在移动{0}轴V 
 [2019/9/19 15:35:34 , Normal] -> 开始回零操作，停止任何操作！ 
 [2019/9/19 15:35:34 , Normal] -> 设置轴向归零参数 
 [2019/9/19 15:35:35 , Normal] -> 所有垂直轴向归零成功 
 [2019/9/19 15:35:37 , Normal] -> 水平轴向归零成功 
 [2019/9/19 15:35:37 , Normal] -> 所有坐标清零成功 
 [2019/9/19 15:38:02 , Normal] -> 接收到数据:{"OptionRun": "SkillPlus1", "x": 84, "y": 141, "depth": 7} 
 [2019/9/19 15:38:02 , Normal] -> 正在移动{0}轴U 
 [2019/9/19 15:38:02 , Normal] -> 正在移动{0}轴V 
 [2019/9/19 15:38:03 , Normal] -> 正在移动{0}轴U 
 [2019/9/19 15:38:03 , Normal] -> 接收到数据:{"OptionRun": "UpperRight", "x": 100, "y": 100} 
 [2019/9/19 15:38:03 , Normal] -> 正在移动{0}轴X 
 [2019/9/19 15:38:03 , Normal] -> 正在移动{0}轴Y 
 [2019/9/19 15:40:08 , Normal] -> 开始回零操作，停止任何操作！ 
 [2019/9/19 15:40:08 , Normal] -> 设置轴向归零参数 
 [2019/9/19 15:40:08 , Normal] -> 所有垂直轴向归零成功 
 [2019/9/19 15:40:12 , Normal] -> 水平轴向归零成功 
 [2019/9/19 15:40:12 , Normal] -> 所有坐标清零成功 
 [2019/9/19 15:40:48 , Normal] -> 接收到数据:{"OptionRun": "SkillPlus1", "x": 84, "y": 141, "depth": 7} 
 [2019/9/19 15:40:49 , Normal] -> 正在移动{0}轴U 
 [2019/9/19 15:40:49 , Normal] -> 正在移动{0}轴V 
 [2019/9/19 15:40:49 , Normal] -> 正在移动{0}轴U 
 [2019/9/19 15:42:06 , Normal] -> 开始回零操作，停止任何操作！ 
 [2019/9/19 15:42:06 , Normal] -> 设置轴向归零参数 
 [2019/9/19 15:42:06 , Normal] -> 所有垂直轴向归零成功 
 [2019/9/19 15:42:09 , Normal] -> 水平轴向归零成功 
 [2019/9/19 15:42:09 , Normal] -> 所有坐标清零成功 
 [2019/9/19 15:42:18 , Normal] -> 接收到数据:{"OptionRun": "SkillPlus1", "x": 20, "y": 10, "depth": 7} 
 [2019/9/19 15:42:18 , Normal] -> 正在移动{0}轴U 
 [2019/9/19 15:42:18 , Normal] -> 正在移动{0}轴V 
 [2019/9/19 15:42:19 , Normal] -> 正在移动{0}轴U 
 [2019/9/19 15:44:29 , Normal] -> 开始回零操作，停止任何操作！ 
 [2019/9/19 15:44:29 , Normal] -> 设置轴向归零参数 
 [2019/9/19 15:44:30 , Normal] -> 所有垂直轴向归零成功 
 [2019/9/19 15:44:32 , Normal] -> 水平轴向归零成功 
 [2019/9/19 15:44:32 , Normal] -> 所有坐标清零成功 
 [2019/9/19 15:48:50 , Normal] -> 开始回零操作，停止任何操作！ 
 [2019/9/19 15:48:50 , Normal] -> 设置轴向归零参数 
 [2019/9/19 15:48:50 , Normal] -> 所有垂直轴向归零成功 
 [2019/9/19 15:48:50 , Normal] -> 水平轴向归零成功 
 [2019/9/19 15:48:50 , Normal] -> 所有坐标清零成功 
 [2019/9/19 15:49:53 , Normal] -> 接收到数据:{"OptionRun": "SkillPlus1", "x": 20, "y": 10, "depth": 7} 
 [2019/9/19 15:49:55 , Normal] -> 正在移动{0}轴U 
 [2019/9/19 15:49:56 , Normal] -> 正在移动{0}轴V 
 [2019/9/19 15:50:45 , Normal] -> 正在移动{0}轴U 
 [2019/9/19 15:50:49 , Normal] -> 接收到数据:{"OptionRun": "SkillPlus1", "x": 84, "y": 141, "depth": 7} 
 [2019/9/19 15:50:49 , Normal] -> 正在移动{0}轴V 
 [2019/9/19 15:50:49 , Normal] -> 正在移动{0}轴U 
 [2019/9/19 15:51:22 , Normal] -> 开始回零操作，停止任何操作！ 
 [2019/9/19 15:51:22 , Normal] -> 设置轴向归零参数 
 [2019/9/19 15:51:22 , Normal] -> 所有垂直轴向归零成功 
 [2019/9/19 15:51:24 , Normal] -> 水平轴向归零成功 
 [2019/9/19 15:51:24 , Normal] -> 所有坐标清零成功 
 [2019/9/19 15:51:30 , Normal] -> 接收到数据:{"OptionRun": "SkillPlus1", "x": 84, "y": 141, "depth": 7} 
 [2019/9/19 15:51:31 , Normal] -> 正在移动{0}轴U 
 [2019/9/19 15:51:31 , Normal] -> 正在移动{0}轴V 
 [2019/9/19 15:51:31 , Normal] -> 正在移动{0}轴U 
 [2019/9/19 15:52:19 , Normal] -> 接收到数据:{"OptionRun": "UpperRight", "x": 10, "y": 10} 
 [2019/9/19 15:52:19 , Normal] -> 正在移动{0}轴X 
 [2019/9/19 15:52:19 , Normal] -> 正在移动{0}轴Y 
 [2019/9/19 15:57:38 , Normal] -> 开始回零操作，停止任何操作！ 
 [2019/9/19 15:57:38 , Normal] -> 设置轴向归零参数 
 [2019/9/19 15:57:39 , Normal] -> 所有垂直轴向归零成功 
 [2019/9/19 15:57:44 , Normal] -> 水平轴向归零成功 
 [2019/9/19 15:57:44 , Normal] -> 所有坐标清零成功 
 [2019/9/19 15:57:49 , Waring] -> 读取坐标信息异常 
 [2019/9/19 15:58:15 , Normal] -> 开始回零操作，停止任何操作！ 
 [2019/9/19 15:58:15 , Normal] -> 设置轴向归零参数 
 [2019/9/19 15:58:15 , Normal] -> 所有垂直轴向归零成功 
 [2019/9/19 15:58:15 , Normal] -> 水平轴向归零成功 
 [2019/9/19 15:58:15 , Normal] -> 所有坐标清零成功 
 [2019/9/19 15:59:37 , Normal] -> 开始回零操作，停止任何操作！ 
 [2019/9/19 15:59:37 , Normal] -> 设置轴向归零参数 
 [2019/9/19 15:59:37 , Normal] -> 所有垂直轴向归零成功 
 [2019/9/19 15:59:37 , Normal] -> 水平轴向归零成功 
 [2019/9/19 15:59:37 , Normal] -> 所有坐标清零成功 
 [2019/9/19 15:59:58 , Normal] -> 正在移动{0}轴X 
 [2019/9/19 15:59:58 , Normal] -> 正在移动{0}轴Y 
 [2019/9/19 16:04:11 , Normal] -> 开始回零操作，停止任何操作！ 
 [2019/9/19 16:04:11 , Normal] -> 设置轴向归零参数 
 [2019/9/19 16:04:11 , Normal] -> 所有垂直轴向归零成功 
 [2019/9/19 16:04:14 , Normal] -> 水平轴向归零成功 
 [2019/9/19 16:04:14 , Normal] -> 所有坐标清零成功 
 [2019/9/19 16:04:44 , Normal] -> 正在移动{0}轴X 
 [2019/9/19 16:04:44 , Normal] -> 正在移动{0}轴Y 
 [2019/9/19 16:06:21 , Normal] -> 设备初始化失败！内容Device_Link_LTSMC.LSTMCException: 错误信息:错误Cannot_be_connected : 无法连接
, 错误编码:8 , 错误函数:LinkDevice, 错误轴向:总控制
   在 Device_Link_LTSMC.Device_Net_LSTMC.CallBack(String optionFunction, Int16[] erroCodes)
   在 Device_Link_LTSMC.Device_Net_LSTMC.LinkDevice()
   在 ControlDec.ConDevice.Link(Dictionary`2 infos) 位置 C:\Users\ASUS\Desktop\20190826-RZ-GemaControl\AxisMovement\ControlDec\ConDevice.cs:行号 175 
 [2019/9/19 16:06:25 , Normal] -> 开始回零操作，停止任何操作！ 
 [2019/9/19 16:06:25 , Normal] -> 设置轴向归零参数 
 [2019/9/19 16:06:25 , Normal] -> 所有垂直轴向归零成功 
 [2019/9/19 16:06:28 , Normal] -> 水平轴向归零成功 
 [2019/9/19 16:06:28 , Normal] -> 所有坐标清零成功 
 [2019/9/19 16:07:14 , Normal] -> 正在移动{0}轴X 
 [2019/9/19 16:07:36 , Normal] -> 正在移动{0}轴Y 
 [2019/9/19 16:09:05 , Normal] -> 设备初始化失败！内容Device_Link_LTSMC.LSTMCException: 错误信息:错误Cannot_be_connected : 无法连接
, 错误编码:8 , 错误函数:LinkDevice, 错误轴向:总控制
   在 Device_Link_LTSMC.Device_Net_LSTMC.CallBack(String optionFunction, Int16[] erroCodes)
   在 Device_Link_LTSMC.Device_Net_LSTMC.LinkDevice()
   在 ControlDec.ConDevice.Link(Dictionary`2 infos) 位置 C:\Users\ASUS\Desktop\20190826-RZ-GemaControl\AxisMovement\ControlDec\ConDevice.cs:行号 175 
 [2019/9/19 16:09:14 , Normal] -> 设备初始化失败！内容Device_Link_LTSMC.LSTMCException: 错误信息:错误Cannot_be_connected : 无法连接
, 错误编码:8 , 错误函数:LinkDevice, 错误轴向:总控制
   在 Device_Link_LTSMC.Device_Net_LSTMC.CallBack(String optionFunction, Int16[] erroCodes)
   在 Device_Link_LTSMC.Device_Net_LSTMC.LinkDevice()
   在 ControlDec.ConDevice.Link(Dictionary`2 infos) 位置 C:\Users\ASUS\Desktop\20190826-RZ-GemaControl\AxisMovement\ControlDec\ConDevice.cs:行号 175 
 [2019/9/19 16:09:18 , Normal] -> 开始回零操作，停止任何操作！ 
 [2019/9/19 16:09:18 , Normal] -> 设置轴向归零参数 
 [2019/9/19 16:09:18 , Normal] -> 所有垂直轴向归零成功 
 [2019/9/19 16:09:20 , Normal] -> 水平轴向归零成功 
 [2019/9/19 16:09:20 , Normal] -> 所有坐标清零成功 
 [2019/9/19 16:09:37 , Normal] -> 正在移动{0}轴X 
 [2019/9/19 16:09:39 , Normal] -> 正在移动{0}轴Y 
 [2019/9/19 16:10:47 , Normal] -> 开始回零操作，停止任何操作！ 
 [2019/9/19 16:10:47 , Normal] -> 设置轴向归零参数 
 [2019/9/19 16:10:47 , Normal] -> 所有垂直轴向归零成功 
 [2019/9/19 16:10:50 , Normal] -> 水平轴向归零成功 
 [2019/9/19 16:10:50 , Normal] -> 所有坐标清零成功 
 [2019/9/19 16:10:58 , Normal] -> 正在移动{0}轴X 
 [2019/9/19 16:11:00 , Normal] -> 正在移动{0}轴Y 
 [2019/9/19 16:16:44 , Normal] -> 开始回零操作，停止任何操作！ 
 [2019/9/19 16:16:44 , Normal] -> 设置轴向归零参数 
 [2019/9/19 16:16:44 , Normal] -> 所有垂直轴向归零成功 
 [2019/9/19 16:16:47 , Normal] -> 水平轴向归零成功 
 [2019/9/19 16:16:47 , Normal] -> 所有坐标清零成功 
 [2019/9/19 16:16:55 , Normal] -> 正在移动{0}轴X 
 [2019/9/19 16:16:57 , Normal] -> 正在移动{0}轴Y 
 [2019/9/19 16:22:28 , Normal] -> 开始回零操作，停止任何操作！ 
 [2019/9/19 16:22:28 , Normal] -> 设置轴向归零参数 
 [2019/9/19 16:22:28 , Normal] -> 所有垂直轴向归零成功 
 [2019/9/19 16:22:30 , Normal] -> 水平轴向归零成功 
 [2019/9/19 16:22:30 , Normal] -> 所有坐标清零成功 
 [2019/9/19 16:22:38 , Normal] -> 正在移动{0}轴X 
 [2019/9/19 16:22:41 , Normal] -> 正在移动{0}轴Y 
 [2019/9/19 16:23:57 , Normal] -> 正在移动{0}轴X 
 [2019/9/19 16:23:58 , Normal] -> 正在移动{0}轴Y 
 [2019/9/19 16:31:36 , Normal] -> 开始回零操作，停止任何操作！ 
 [2019/9/19 16:31:36 , Normal] -> 设置轴向归零参数 
 [2019/9/19 16:31:37 , Normal] -> 所有垂直轴向归零成功 
 [2019/9/19 16:31:39 , Normal] -> 水平轴向归零成功 
 [2019/9/19 16:31:39 , Normal] -> 所有坐标清零成功 
 [2019/9/19 16:31:49 , Normal] -> 正在移动{0}轴X 
 [2019/9/19 16:31:51 , Normal] -> 正在移动{0}轴Y 
 [2019/9/19 16:32:03 , Normal] -> 正在移动{0}轴X 
 [2019/9/19 16:32:05 , Normal] -> 正在移动{0}轴Y 
 [2019/9/19 16:33:24 , Waring] -> 读取坐标信息异常 
 [2019/9/19 16:33:39 , Normal] -> 开始回零操作，停止任何操作！ 
 [2019/9/19 16:33:39 , Normal] -> 设置轴向归零参数 
 [2019/9/19 16:33:40 , Normal] -> 所有垂直轴向归零成功 
 [2019/9/19 16:33:42 , Normal] -> 水平轴向归零成功 
 [2019/9/19 16:33:42 , Normal] -> 所有坐标清零成功 
 [2019/9/19 16:33:50 , Normal] -> 正在移动{0}轴X 
 [2019/9/19 16:33:52 , Normal] -> 正在移动{0}轴Y 
 [2019/9/19 16:34:22 , Normal] -> 正在移动{0}轴X 
 [2019/9/19 16:35:05 , Normal] -> 正在移动{0}轴Y 
 [2019/9/19 16:37:04 , Waring] -> 读取坐标信息异常 
 [2019/9/19 16:37:13 , Normal] -> 开始回零操作，停止任何操作！ 
 [2019/9/19 16:37:13 , Normal] -> 设置轴向归零参数 
 [2019/9/19 16:37:14 , Normal] -> 所有垂直轴向归零成功 
 [2019/9/19 16:37:16 , Normal] -> 水平轴向归零成功 
 [2019/9/19 16:37:16 , Normal] -> 所有坐标清零成功 
 [2019/9/19 16:37:41 , Normal] -> 正在移动{0}轴X 
 [2019/9/19 16:38:18 , Normal] -> 正在移动{0}轴Y 
 [2019/9/19 16:39:01 , Normal] -> 正在移动{0}轴X 
 [2019/9/19 16:42:55 , Normal] -> 开始回零操作，停止任何操作！ 
 [2019/9/19 16:42:55 , Normal] -> 设置轴向归零参数 
 [2019/9/19 16:42:56 , Normal] -> 所有垂直轴向归零成功 
 [2019/9/19 16:42:58 , Normal] -> 水平轴向归零成功 
 [2019/9/19 16:42:58 , Normal] -> 所有坐标清零成功 
 [2019/9/19 16:43:04 , Normal] -> 正在移动{0}轴X 
 [2019/9/19 16:44:09 , Normal] -> 开始回零操作，停止任何操作！ 
 [2019/9/19 16:44:09 , Normal] -> 设置轴向归零参数 
 [2019/9/19 16:44:09 , Normal] -> 所有垂直轴向归零成功 
 [2019/9/19 16:44:09 , Normal] -> 水平轴向归零成功 
 [2019/9/19 16:44:10 , Normal] -> 所有坐标清零成功 
 [2019/9/19 16:46:33 , Normal] -> 开始回零操作，停止任何操作！ 
 [2019/9/19 16:46:33 , Normal] -> 设置轴向归零参数 
 [2019/9/19 16:46:33 , Normal] -> 所有垂直轴向归零成功 
 [2019/9/19 16:46:33 , Normal] -> 水平轴向归零成功 
 [2019/9/19 16:46:33 , Normal] -> 所有坐标清零成功 
 [2019/9/19 16:46:42 , Normal] -> 正在移动{0}轴X 
 [2019/9/19 16:47:20 , Normal] -> 正在移动{0}轴Y 
 [2019/9/19 16:48:07 , Normal] -> 开始回零操作，停止任何操作！ 
 [2019/9/19 16:48:07 , Normal] -> 设置轴向归零参数 
 [2019/9/19 16:48:07 , Normal] -> 所有垂直轴向归零成功 
 [2019/9/19 16:48:07 , Normal] -> 水平轴向归零成功 
 [2019/9/19 16:48:07 , Normal] -> 所有坐标清零成功 
 [2019/9/19 16:48:15 , Normal] -> 正在移动{0}轴X 
 [2019/9/19 16:48:22 , Normal] -> 正在移动{0}轴Y 
 [2019/9/19 16:48:50 , Normal] -> 正在移动{0}轴X 
 [2019/9/19 16:49:47 , Normal] -> 正在移动{0}轴Y 
 [2019/9/19 16:52:33 , Normal] -> 开始回零操作，停止任何操作！ 
 [2019/9/19 16:52:33 , Normal] -> 设置轴向归零参数 
 [2019/9/19 16:52:34 , Normal] -> 所有垂直轴向归零成功 
 [2019/9/19 16:52:36 , Normal] -> 水平轴向归零成功 
 [2019/9/19 16:52:36 , Normal] -> 所有坐标清零成功 
 [2019/9/19 16:52:42 , Normal] -> 正在移动{0}轴U 
 [2019/9/19 16:53:03 , Normal] -> 正在移动{0}轴V 
 [2019/9/19 16:56:48 , Normal] -> 开始回零操作，停止任何操作！ 
 [2019/9/19 16:56:48 , Normal] -> 设置轴向归零参数 
 [2019/9/19 16:56:48 , Normal] -> 所有垂直轴向归零成功 
 [2019/9/19 16:56:51 , Normal] -> 水平轴向归零成功 
 [2019/9/19 16:56:51 , Normal] -> 所有坐标清零成功 
 [2019/9/19 16:56:55 , Normal] -> 正在移动{0}轴U 
 [2019/9/19 16:56:59 , Normal] -> 正在移动{0}轴V 
 [2019/9/19 16:57:26 , Normal] -> 正在移动{0}轴U 
 [2019/9/19 16:57:31 , Normal] -> 正在移动{0}轴V 
 [2019/9/19 16:57:40 , Normal] -> 正在移动{0}轴U 
 [2019/9/19 16:57:44 , Normal] -> 正在移动{0}轴V 
 [2019/9/19 16:57:50 , Normal] -> 正在移动{0}轴U 
 [2019/9/19 16:57:53 , Normal] -> 正在移动{0}轴V 
 [2019/9/19 16:59:58 , Normal] -> 开始回零操作，停止任何操作！ 
 [2019/9/19 16:59:58 , Normal] -> 设置轴向归零参数 
 [2019/9/19 16:59:59 , Normal] -> 所有垂直轴向归零成功 
 [2019/9/19 17:00:02 , Normal] -> 水平轴向归零成功 
 [2019/9/19 17:00:02 , Normal] -> 所有坐标清零成功 
 [2019/9/19 17:01:54 , Normal] -> 开始回零操作，停止任何操作！ 
 [2019/9/19 17:01:54 , Normal] -> 设置轴向归零参数 
 [2019/9/19 17:01:54 , Normal] -> 所有垂直轴向归零成功 
 [2019/9/19 17:01:55 , Normal] -> 水平轴向归零成功 
 [2019/9/19 17:01:55 , Normal] -> 所有坐标清零成功 
 [2019/9/19 17:02:03 , Normal] -> 接收到数据:{"OptionRun": "SkillPlus1", "x": 84, "y": 141, "depth": 7} 
 [2019/9/19 17:02:03 , Normal] -> 正在移动{0}轴U 
 [2019/9/19 17:02:07 , Normal] -> 正在移动{0}轴V 
 [2019/9/19 17:02:09 , Normal] -> 正在移动{0}轴U 
 [2019/9/19 17:02:09 , Normal] -> 正在移动{0}轴V 
 [2019/9/19 17:02:09 , Normal] -> 接收到数据:{"OptionRun": "UpperRight", "x": 10, "y": 10} 
 [2019/9/19 17:02:09 , Normal] -> 正在移动{0}轴X 
 [2019/9/19 17:02:09 , Normal] -> 正在移动{0}轴Y 
 [2019/9/19 17:02:12 , Normal] -> 接收到数据:{"OptionRun": "FlatA"} 
 [2019/9/19 17:02:12 , Normal] -> 正在移动{0}轴U 
 [2019/9/19 17:02:12 , Normal] -> 正在移动{0}轴V 
 [2019/9/19 17:02:12 , Normal] -> 接收到数据:{"OptionRun": "FlatA"} 
 [2019/9/19 17:02:12 , Normal] -> 正在移动{0}轴U 
 [2019/9/19 17:02:12 , Normal] -> 正在移动{0}轴V 
 [2019/9/19 17:02:13 , Normal] -> 接收到数据:{"OptionRun": "FlatA"} 
 [2019/9/19 17:02:13 , Normal] -> 正在移动{0}轴U 
 [2019/9/19 17:02:13 , Normal] -> 正在移动{0}轴V 
 [2019/9/19 17:02:13 , Normal] -> 接收到数据:{"OptionRun": "FlatA"} 
 [2019/9/19 17:02:13 , Normal] -> 正在移动{0}轴U 
 [2019/9/19 17:02:13 , Normal] -> 正在移动{0}轴V 
 [2019/9/19 17:02:14 , Normal] -> 接收到数据:{"OptionRun": "FlatA"} 
 [2019/9/19 17:02:14 , Normal] -> 正在移动{0}轴U 
 [2019/9/19 17:02:14 , Normal] -> 正在移动{0}轴V 
 [2019/9/19 17:02:14 , Normal] -> 接收到数据:{"OptionRun": "FlatA"} 
 [2019/9/19 17:02:14 , Normal] -> 正在移动{0}轴U 
 [2019/9/19 17:02:14 , Normal] -> 正在移动{0}轴V 
 [2019/9/19 17:02:15 , Normal] -> 接收到数据:{"OptionRun": "FlatA"} 
 [2019/9/19 17:02:15 , Normal] -> 正在移动{0}轴U 
 [2019/9/19 17:02:15 , Normal] -> 正在移动{0}轴V 
 [2019/9/19 17:02:15 , Normal] -> 接收到数据:{"OptionRun": "FlatA"} 
 [2019/9/19 17:02:15 , Normal] -> 正在移动{0}轴U 
 [2019/9/19 17:02:15 , Normal] -> 正在移动{0}轴V 
 [2019/9/19 17:02:15 , Normal] -> 接收到数据:{"OptionRun": "FlatA"} 
 [2019/9/19 17:02:15 , Normal] -> 正在移动{0}轴U 
 [2019/9/19 17:02:15 , Normal] -> 正在移动{0}轴V 
 [2019/9/19 17:02:16 , Normal] -> 接收到数据:{"OptionRun": "FlatA"} 
 [2019/9/19 17:02:16 , Normal] -> 正在移动{0}轴U 
 [2019/9/19 17:02:16 , Normal] -> 正在移动{0}轴V 
 [2019/9/19 17:02:23 , Normal] -> 接收到数据:{"OptionRun": "SkillPlus1", "x": 84, "y": 141, "depth": 7} 
 [2019/9/19 17:02:23 , Normal] -> 正在移动{0}轴U 
 [2019/9/19 17:02:23 , Normal] -> 正在移动{0}轴V 
 [2019/9/19 17:02:23 , Normal] -> 正在移动{0}轴U 
 [2019/9/19 17:02:23 , Normal] -> 正在移动{0}轴V 
 [2019/9/19 17:02:24 , Normal] -> 接收到数据:{"OptionRun": "UpperRight", "x": 10, "y": 10} 
 [2019/9/19 17:02:24 , Normal] -> 正在移动{0}轴X 
 [2019/9/19 17:02:24 , Normal] -> 正在移动{0}轴Y 
 [2019/9/19 17:02:25 , Normal] -> 接收到数据:{"OptionRun": "FlatA"} 
 [2019/9/19 17:02:25 , Normal] -> 正在移动{0}轴U 
 [2019/9/19 17:02:25 , Normal] -> 正在移动{0}轴V 
 [2019/9/19 17:02:26 , Normal] -> 接收到数据:{"OptionRun": "FlatA"} 
 [2019/9/19 17:02:26 , Normal] -> 正在移动{0}轴U 
 [2019/9/19 17:02:26 , Normal] -> 正在移动{0}轴V 
 [2019/9/19 17:02:26 , Normal] -> 接收到数据:{"OptionRun": "FlatA"} 
 [2019/9/19 17:02:26 , Normal] -> 正在移动{0}轴U 
 [2019/9/19 17:02:26 , Normal] -> 正在移动{0}轴V 
 [2019/9/19 17:02:27 , Normal] -> 接收到数据:{"OptionRun": "FlatA"} 
 [2019/9/19 17:02:27 , Normal] -> 正在移动{0}轴U 
 [2019/9/19 17:02:27 , Normal] -> 正在移动{0}轴V 
 [2019/9/19 17:02:27 , Normal] -> 接收到数据:{"OptionRun": "FlatA"} 
 [2019/9/19 17:02:27 , Normal] -> 正在移动{0}轴U 
 [2019/9/19 17:02:27 , Normal] -> 正在移动{0}轴V 
 [2019/9/19 17:02:27 , Normal] -> 接收到数据:{"OptionRun": "FlatA"} 
 [2019/9/19 17:02:27 , Normal] -> 正在移动{0}轴U 
 [2019/9/19 17:02:27 , Normal] -> 正在移动{0}轴V 
 [2019/9/19 17:02:28 , Normal] -> 接收到数据:{"OptionRun": "FlatA"} 
 [2019/9/19 17:02:28 , Normal] -> 正在移动{0}轴U 
 [2019/9/19 17:02:28 , Normal] -> 正在移动{0}轴V 
 [2019/9/19 17:02:28 , Normal] -> 接收到数据:{"OptionRun": "FlatA"} 
 [2019/9/19 17:02:28 , Normal] -> 正在移动{0}轴U 
 [2019/9/19 17:02:28 , Normal] -> 正在移动{0}轴V 
 [2019/9/19 17:02:29 , Normal] -> 接收到数据:{"OptionRun": "FlatA"} 
 [2019/9/19 17:02:29 , Normal] -> 正在移动{0}轴U 
 [2019/9/19 17:02:29 , Normal] -> 正在移动{0}轴V 
 [2019/9/19 17:02:29 , Normal] -> 接收到数据:{"OptionRun": "FlatA"} 
 [2019/9/19 17:02:29 , Normal] -> 正在移动{0}轴U 
 [2019/9/19 17:02:29 , Normal] -> 正在移动{0}轴V 
 [2019/9/19 17:03:04 , Normal] -> 开始回零操作，停止任何操作！ 
 [2019/9/19 17:03:04 , Normal] -> 设置轴向归零参数 
 [2019/9/19 17:03:04 , Normal] -> 所有垂直轴向归零成功 
 [2019/9/19 17:03:10 , Normal] -> 水平轴向归零成功 
 [2019/9/19 17:03:10 , Normal] -> 所有坐标清零成功 
 [2019/9/19 17:03:23 , Normal] -> 接收到数据:{"OptionRun": "SkillPlus1", "x": 84, "y": 141, "depth": 7} 
 [2019/9/19 17:03:23 , Normal] -> 正在移动{0}轴U 
 [2019/9/19 17:03:23 , Normal] -> 正在移动{0}轴V 
 [2019/9/19 17:03:26 , Normal] -> 正在移动{0}轴U 
 [2019/9/19 17:03:26 , Normal] -> 正在移动{0}轴V 
 [2019/9/19 17:03:26 , Normal] -> 接收到数据:{"OptionRun": "UpperRight", "x": 10, "y": 10} 
 [2019/9/19 17:03:26 , Normal] -> 正在移动{0}轴X 
 [2019/9/19 17:03:26 , Normal] -> 正在移动{0}轴Y 
 [2019/9/19 17:03:28 , Normal] -> 接收到数据:{"OptionRun": "FlatA"} 
 [2019/9/19 17:03:28 , Normal] -> 正在移动{0}轴U 
 [2019/9/19 17:03:28 , Normal] -> 正在移动{0}轴V 
 [2019/9/19 17:03:29 , Normal] -> 接收到数据:{"OptionRun": "FlatA"} 
 [2019/9/19 17:03:29 , Normal] -> 正在移动{0}轴U 
 [2019/9/19 17:03:29 , Normal] -> 正在移动{0}轴V 
 [2019/9/19 17:03:29 , Normal] -> 接收到数据:{"OptionRun": "FlatA"} 
 [2019/9/19 17:03:29 , Normal] -> 正在移动{0}轴U 
 [2019/9/19 17:03:30 , Normal] -> 正在移动{0}轴V 
 [2019/9/19 17:03:30 , Normal] -> 接收到数据:{"OptionRun": "FlatA"} 
 [2019/9/19 17:03:30 , Normal] -> 正在移动{0}轴U 
 [2019/9/19 17:03:30 , Normal] -> 正在移动{0}轴V 
 [2019/9/19 17:03:30 , Normal] -> 接收到数据:{"OptionRun": "FlatA"} 
 [2019/9/19 17:03:30 , Normal] -> 正在移动{0}轴U 
 [2019/9/19 17:03:30 , Normal] -> 正在移动{0}轴V 
 [2019/9/19 17:03:31 , Normal] -> 接收到数据:{"OptionRun": "FlatA"} 
 [2019/9/19 17:03:31 , Normal] -> 正在移动{0}轴U 
 [2019/9/19 17:03:31 , Normal] -> 正在移动{0}轴V 
 [2019/9/19 17:03:31 , Normal] -> 接收到数据:{"OptionRun": "FlatA"} 
 [2019/9/19 17:03:31 , Normal] -> 正在移动{0}轴U 
 [2019/9/19 17:03:31 , Normal] -> 正在移动{0}轴V 
 [2019/9/19 17:03:32 , Normal] -> 接收到数据:{"OptionRun": "FlatA"} 
 [2019/9/19 17:03:32 , Normal] -> 正在移动{0}轴U 
 [2019/9/19 17:03:32 , Normal] -> 正在移动{0}轴V 
 [2019/9/19 17:03:32 , Normal] -> 接收到数据:{"OptionRun": "FlatA"} 
 [2019/9/19 17:03:32 , Normal] -> 正在移动{0}轴U 
 [2019/9/19 17:03:32 , Normal] -> 正在移动{0}轴V 
 [2019/9/19 17:03:32 , Normal] -> 接收到数据:{"OptionRun": "FlatA"} 
 [2019/9/19 17:03:32 , Normal] -> 正在移动{0}轴U 
 [2019/9/19 17:03:32 , Normal] -> 正在移动{0}轴V 
 [2019/9/19 17:03:36 , Normal] -> 开始回零操作，停止任何操作！ 
 [2019/9/19 17:03:36 , Normal] -> 设置轴向归零参数 
 [2019/9/19 17:03:36 , Normal] -> 所有垂直轴向归零成功 
 [2019/9/19 17:03:42 , Normal] -> 水平轴向归零成功 
 [2019/9/19 17:03:42 , Normal] -> 所有坐标清零成功 
 [2019/9/19 17:08:27 , Normal] -> 开始回零操作，停止任何操作！ 
 [2019/9/19 17:08:27 , Normal] -> 设置轴向归零参数 
 [2019/9/19 17:08:27 , Normal] -> 所有垂直轴向归零成功 
 [2019/9/19 17:08:28 , Normal] -> 水平轴向归零成功 
 [2019/9/19 17:08:28 , Normal] -> 所有坐标清零成功 
 [2019/9/19 17:08:40 , Normal] -> 接收到数据:{"OptionRun": "SkillPlus1", "x": 84, "y": 141, "depth": 7} 
 [2019/9/19 17:08:40 , Normal] -> 正在移动{0}轴U 
 [2019/9/19 17:08:40 , Normal] -> 正在移动{0}轴V 
 [2019/9/19 17:08:43 , Normal] -> 正在移动{0}轴U 
 [2019/9/19 17:08:43 , Normal] -> 正在移动{0}轴V 
 [2019/9/19 17:08:43 , Normal] -> 接收到数据:{"OptionRun": "UpperRight", "x": 10, "y": 10} 
 [2019/9/19 17:08:43 , Normal] -> 正在移动{0}轴X 
 [2019/9/19 17:08:43 , Normal] -> 正在移动{0}轴Y 
 [2019/9/19 17:08:45 , Normal] -> 接收到数据:{"OptionRun": "FlatA"} 
 [2019/9/19 17:08:45 , Normal] -> 正在移动{0}轴U 
 [2019/9/19 17:08:45 , Normal] -> 正在移动{0}轴V 
 [2019/9/19 17:08:46 , Normal] -> 接收到数据:{"OptionRun": "FlatA"} 
 [2019/9/19 17:08:46 , Normal] -> 正在移动{0}轴U 
 [2019/9/19 17:08:46 , Normal] -> 正在移动{0}轴V 
 [2019/9/19 17:08:57 , Normal] -> 接收到数据:{"OptionRun": "SkillPlus1", "x": 84, "y": 141, "depth": 14} 
 [2019/9/19 17:08:57 , Normal] -> 正在移动{0}轴U 
 [2019/9/19 17:08:57 , Normal] -> 正在移动{0}轴V 
 [2019/9/19 17:08:58 , Normal] -> 正在移动{0}轴U 
 [2019/9/19 17:08:58 , Normal] -> 正在移动{0}轴V 
 [2019/9/19 17:08:58 , Normal] -> 接收到数据:{"OptionRun": "UpperRight", "x": 10, "y": 10} 
 [2019/9/19 17:08:58 , Normal] -> 正在移动{0}轴X 
 [2019/9/19 17:08:59 , Normal] -> 正在移动{0}轴Y 
 [2019/9/19 17:08:59 , Normal] -> 接收到数据:{"OptionRun": "FlatA"} 
 [2019/9/19 17:08:59 , Normal] -> 正在移动{0}轴U 
 [2019/9/19 17:08:59 , Normal] -> 正在移动{0}轴V 
 [2019/9/19 17:09:00 , Normal] -> 接收到数据:{"OptionRun": "FlatA"} 
 [2019/9/19 17:09:00 , Normal] -> 正在移动{0}轴U 
 [2019/9/19 17:09:00 , Normal] -> 正在移动{0}轴V 
 [2019/9/19 17:09:07 , Normal] -> 接收到数据:{"OptionRun": "SkillPlus1", "x": 84, "y": 141, "depth": 24} 
 [2019/9/19 17:09:07 , Normal] -> 正在移动{0}轴U 
 [2019/9/19 17:09:07 , Normal] -> 正在移动{0}轴V 
 [2019/9/19 17:09:09 , Normal] -> 正在移动{0}轴U 
 [2019/9/19 17:09:09 , Normal] -> 正在移动{0}轴V 
 [2019/9/19 17:09:09 , Normal] -> 接收到数据:{"OptionRun": "UpperRight", "x": 10, "y": 10} 
 [2019/9/19 17:09:09 , Normal] -> 正在移动{0}轴X 
 [2019/9/19 17:09:09 , Normal] -> 正在移动{0}轴Y 
 [2019/9/19 17:09:10 , Normal] -> 接收到数据:{"OptionRun": "FlatA"} 
 [2019/9/19 17:09:10 , Normal] -> 正在移动{0}轴U 
 [2019/9/19 17:09:10 , Normal] -> 正在移动{0}轴V 
 [2019/9/19 17:09:11 , Normal] -> 接收到数据:{"OptionRun": "FlatA"} 
 [2019/9/19 17:09:11 , Normal] -> 正在移动{0}轴U 
 [2019/9/19 17:09:11 , Normal] -> 正在移动{0}轴V 
 [2019/9/19 17:11:28 , Normal] -> 开始回零操作，停止任何操作！ 
 [2019/9/19 17:11:28 , Normal] -> 设置轴向归零参数 
 [2019/9/19 17:11:29 , Normal] -> 所有垂直轴向归零成功 
 [2019/9/19 17:11:34 , Normal] -> 水平轴向归零成功 
 [2019/9/19 17:11:34 , Normal] -> 所有坐标清零成功 
 [2019/9/19 17:11:41 , Normal] -> 接收到数据:{"OptionRun": "SkillPlus1", "x": 84, "y": 141, "depth": 24} 
 [2019/9/19 17:11:41 , Normal] -> 正在移动{0}轴U 
 [2019/9/19 17:11:41 , Normal] -> 正在移动{0}轴V 
 [2019/9/19 17:11:44 , Normal] -> 正在移动{0}轴U 
 [2019/9/19 17:11:44 , Normal] -> 正在移动{0}轴V 
 [2019/9/19 17:11:44 , Normal] -> 接收到数据:{"OptionRun": "UpperRight", "x": 10, "y": 10} 
 [2019/9/19 17:11:44 , Normal] -> 正在移动{0}轴X 
 [2019/9/19 17:11:44 , Normal] -> 正在移动{0}轴Y 
 [2019/9/19 17:11:46 , Normal] -> 接收到数据:{"OptionRun": "FlatA"} 
 [2019/9/19 17:11:46 , Normal] -> 正在移动{0}轴U 
 [2019/9/19 17:11:47 , Normal] -> 正在移动{0}轴V 
 [2019/9/19 17:11:47 , Normal] -> 接收到数据:{"OptionRun": "FlatA"} 
 [2019/9/19 17:11:47 , Normal] -> 正在移动{0}轴U 
 [2019/9/19 17:11:47 , Normal] -> 正在移动{0}轴V 
 [2019/9/19 17:12:30 , Normal] -> 开始回零操作，停止任何操作！ 
 [2019/9/19 17:12:30 , Normal] -> 设置轴向归零参数 
 [2019/9/19 17:12:30 , Normal] -> 所有垂直轴向归零成功 
 [2019/9/19 17:12:36 , Normal] -> 水平轴向归零成功 
 [2019/9/19 17:12:36 , Normal] -> 所有坐标清零成功 
 [2019/9/19 17:12:43 , Normal] -> 接收到数据:{"OptionRun": "SkillPlus1", "x": 84, "y": 141, "depth": 24} 
 [2019/9/19 17:12:43 , Normal] -> 正在移动{0}轴U 
 [2019/9/19 17:12:43 , Normal] -> 正在移动{0}轴V 
 [2019/9/19 17:12:46 , Normal] -> 正在移动{0}轴U 
 [2019/9/19 17:12:46 , Normal] -> 正在移动{0}轴V 
 [2019/9/19 17:12:46 , Normal] -> 接收到数据:{"OptionRun": "UpperRight", "x": 10, "y": 10} 
 [2019/9/19 17:12:46 , Normal] -> 正在移动{0}轴X 
 [2019/9/19 17:12:46 , Normal] -> 正在移动{0}轴Y 
 [2019/9/19 17:12:48 , Normal] -> 接收到数据:{"OptionRun": "FlatA"} 
 [2019/9/19 17:12:48 , Normal] -> 正在移动{0}轴U 
 [2019/9/19 17:12:48 , Normal] -> 正在移动{0}轴V 
 [2019/9/19 17:12:49 , Normal] -> 接收到数据:{"OptionRun": "FlatA"} 
 [2019/9/19 17:12:49 , Normal] -> 正在移动{0}轴U 
 [2019/9/19 17:12:49 , Normal] -> 正在移动{0}轴V 
 [2019/9/19 17:14:08 , Normal] -> 开始回零操作，停止任何操作！ 
 [2019/9/19 17:14:08 , Normal] -> 设置轴向归零参数 
 [2019/9/19 17:14:08 , Normal] -> 所有垂直轴向归零成功 
 [2019/9/19 17:14:14 , Normal] -> 水平轴向归零成功 
 [2019/9/19 17:14:14 , Normal] -> 所有坐标清零成功 
 [2019/9/19 17:14:15 , Normal] -> 接收到数据:{"OptionRun": "SkillPlus1", "x": 84, "y": 141, "depth": 24} 
 [2019/9/19 17:14:15 , Normal] -> 正在移动{0}轴U 
 [2019/9/19 17:14:15 , Normal] -> 正在移动{0}轴V 
 [2019/9/19 17:14:18 , Normal] -> 正在移动{0}轴U 
 [2019/9/19 17:14:18 , Normal] -> 正在移动{0}轴V 
 [2019/9/19 17:14:19 , Normal] -> 接收到数据:{"OptionRun": "UpperRight", "x": 10, "y": 10} 
 [2019/9/19 17:14:19 , Normal] -> 正在移动{0}轴X 
 [2019/9/19 17:14:19 , Normal] -> 正在移动{0}轴Y 
 [2019/9/19 17:14:21 , Normal] -> 接收到数据:{"OptionRun": "FlatA"} 
 [2019/9/19 17:14:21 , Normal] -> 正在移动{0}轴U 
 [2019/9/19 17:14:21 , Normal] -> 正在移动{0}轴V 
 [2019/9/19 17:14:22 , Normal] -> 接收到数据:{"OptionRun": "FlatA"} 
 [2019/9/19 17:14:22 , Normal] -> 正在移动{0}轴U 
 [2019/9/19 17:14:22 , Normal] -> 正在移动{0}轴V 
 [2019/9/19 17:14:28 , Normal] -> 接收到数据:{"OptionRun": "SkillPlus1", "x": 84, "y": 141, "depth": 24} 
 [2019/9/19 17:14:28 , Normal] -> 正在移动{0}轴U 
 [2019/9/19 17:14:28 , Normal] -> 正在移动{0}轴V 
 [2019/9/19 17:14:29 , Normal] -> 正在移动{0}轴U 
 [2019/9/19 17:14:29 , Normal] -> 正在移动{0}轴V 
 [2019/9/19 17:14:29 , Normal] -> 接收到数据:{"OptionRun": "UpperRight", "x": 10, "y": 10} 
 [2019/9/19 17:14:29 , Normal] -> 正在移动{0}轴X 
 [2019/9/19 17:14:29 , Normal] -> 正在移动{0}轴Y 
 [2019/9/19 17:14:30 , Normal] -> 接收到数据:{"OptionRun": "FlatA"} 
 [2019/9/19 17:14:30 , Normal] -> 正在移动{0}轴U 
 [2019/9/19 17:14:30 , Normal] -> 正在移动{0}轴V 
 [2019/9/19 17:14:31 , Normal] -> 接收到数据:{"OptionRun": "FlatA"} 
 [2019/9/19 17:14:31 , Normal] -> 正在移动{0}轴U 
 [2019/9/19 17:14:31 , Normal] -> 正在移动{0}轴V 
 [2019/9/19 17:19:16 , Normal] -> 开始回零操作，停止任何操作！ 
 [2019/9/19 17:19:16 , Normal] -> 设置轴向归零参数 
 [2019/9/19 17:19:16 , Normal] -> 所有垂直轴向归零成功 
 [2019/9/19 17:19:22 , Normal] -> 水平轴向归零成功 
 [2019/9/19 17:19:22 , Normal] -> 所有坐标清零成功 
 [2019/9/19 17:19:35 , Normal] -> 正在移动{0}轴U 
 [2019/9/19 17:19:35 , Normal] -> 正在移动{0}轴V 
 