[2019/9/10 10:07:59 , Normal] -> 开始回零操作，停止任何操作！ 
 [2019/9/10 10:07:59 , Normal] -> 设置轴向归零参数 
 [2019/9/10 10:07:59 , Normal] -> 所有垂直轴向归零成功 
 [2019/9/10 10:08:02 , Normal] -> 水平轴向归零成功 
 [2019/9/10 10:08:02 , Normal] -> 所有坐标清零成功 
 [2019/9/10 10:45:18 , Normal] -> 设备初始化失败！内容Device_Link_LTSMC.LSTMCException: 错误信息:错误Cannot_be_connected : 无法连接
, 错误编码:8 , 错误函数:LinkDevice, 错误轴向:总控制
   在 Device_Link_LTSMC.Device_Net_LSTMC.CallBack(String optionFunction, Int16[] erroCodes)
   在 Device_Link_LTSMC.Device_Net_LSTMC.LinkDevice()
   在 ControlDec.ConDevice.Link(Dictionary`2 infos) 位置 C:\Users\ASUS\Desktop\20190826-RZ-GemaControl\AxisMovement\ControlDec\ConDevice.cs:行号 184 
 [2019/9/10 10:45:27 , Normal] -> 开始回零操作，停止任何操作！ 
 [2019/9/10 10:45:27 , Normal] -> 设置轴向归零参数 
 [2019/9/10 10:45:28 , Normal] -> 所有垂直轴向归零成功 
 [2019/9/10 10:45:32 , Normal] -> 水平轴向归零成功 
 [2019/9/10 10:45:32 , Normal] -> 所有坐标清零成功 
 [2019/9/10 13:59:32 , Normal] -> 设备初始化失败！内容Device_Link_LTSMC.LSTMCException: 错误信息:错误Cannot_be_connected : 无法连接
, 错误编码:8 , 错误函数:LinkDevice, 错误轴向:总控制
   在 Device_Link_LTSMC.Device_Net_LSTMC.CallBack(String optionFunction, Int16[] erroCodes)
   在 Device_Link_LTSMC.Device_Net_LSTMC.LinkDevice()
   在 ControlDec.ConDevice.Link(Dictionary`2 infos) 位置 C:\Users\ASUS\Desktop\20190826-RZ-GemaControl\AxisMovement\ControlDec\ConDevice.cs:行号 185 
 [2019/9/10 13:59:51 , Normal] -> 设备初始化失败！内容Device_Link_LTSMC.LSTMCException: 错误信息:错误Cannot_be_connected : 无法连接
, 错误编码:8 , 错误函数:LinkDevice, 错误轴向:总控制
   在 Device_Link_LTSMC.Device_Net_LSTMC.CallBack(String optionFunction, Int16[] erroCodes)
   在 Device_Link_LTSMC.Device_Net_LSTMC.LinkDevice()
   在 ControlDec.ConDevice.Link(Dictionary`2 infos) 位置 C:\Users\ASUS\Desktop\20190826-RZ-GemaControl\AxisMovement\ControlDec\ConDevice.cs:行号 185 
 [2019/9/10 14:00:05 , Normal] -> 开始回零操作，停止任何操作！ 
 [2019/9/10 14:00:05 , Normal] -> 设置轴向归零参数 
 [2019/9/10 14:00:05 , Normal] -> 所有垂直轴向归零成功 
 [2019/9/10 14:00:08 , Normal] -> 水平轴向归零成功 
 [2019/9/10 14:00:08 , Normal] -> 所有坐标清零成功 
 [2019/9/10 14:19:59 , Normal] -> 开始回零操作，停止任何操作！ 
 [2019/9/10 14:19:59 , Normal] -> 设置轴向归零参数 
 [2019/9/10 14:19:59 , Normal] -> 所有垂直轴向归零成功 
 [2019/9/10 14:19:59 , Normal] -> 水平轴向归零成功 
 [2019/9/10 14:19:59 , Normal] -> 所有坐标清零成功 
 [2019/9/10 14:24:23 , Normal] -> 开始回零操作，停止任何操作！ 
 [2019/9/10 14:24:23 , Normal] -> 设置轴向归零参数 
 [2019/9/10 14:24:23 , Normal] -> 所有垂直轴向归零成功 
 [2019/9/10 14:24:24 , Normal] -> 水平轴向归零成功 
 [2019/9/10 14:24:24 , Normal] -> 所有坐标清零成功 
 [2019/9/10 14:28:45 , Normal] -> 开始回零操作，停止任何操作！ 
 [2019/9/10 14:28:45 , Normal] -> 设置轴向归零参数 
 [2019/9/10 14:29:24 , Normal] -> 设备初始化失败！内容Device_Link_LTSMC.LSTMCException: 错误信息:错误Cannot_be_connected : 无法连接
, 错误编码:8 , 错误函数:LinkDevice, 错误轴向:总控制
   在 Device_Link_LTSMC.Device_Net_LSTMC.CallBack(String optionFunction, Int16[] erroCodes)
   在 Device_Link_LTSMC.Device_Net_LSTMC.LinkDevice()
   在 ControlDec.ConDevice.Link(Dictionary`2 infos) 位置 C:\Users\ASUS\Desktop\20190826-RZ-GemaControl\AxisMovement\ControlDec\ConDevice.cs:行号 184 
 [2019/9/10 14:29:28 , Normal] -> 开始回零操作，停止任何操作！ 
 [2019/9/10 14:29:28 , Normal] -> 设置轴向归零参数 
 [2019/9/10 14:29:30 , Normal] -> 所有垂直轴向归零成功 
 [2019/9/10 14:29:30 , Normal] -> 水平轴向归零成功 
 [2019/9/10 14:29:30 , Normal] -> 所有坐标清零成功 
 [2019/9/10 14:31:05 , Normal] -> 开始回零操作，停止任何操作！ 
 [2019/9/10 14:31:05 , Normal] -> 设置轴向归零参数 
 [2019/9/10 14:31:05 , Normal] -> 所有垂直轴向归零成功 
 [2019/9/10 14:31:12 , Normal] -> 水平轴向归零成功 
 [2019/9/10 14:31:12 , Normal] -> 所有坐标清零成功 
 [2019/9/10 15:00:06 , Normal] -> 开始回零操作，停止任何操作！ 
 [2019/9/10 15:00:06 , Normal] -> 设置轴向归零参数 
 [2019/9/10 15:00:06 , Normal] -> 所有垂直轴向归零成功 
 [2019/9/10 15:00:06 , Normal] -> 水平轴向归零成功 
 [2019/9/10 15:00:06 , Normal] -> 所有坐标清零成功 
 [2019/9/10 15:04:43 , Normal] -> 开始回零操作，停止任何操作！ 
 [2019/9/10 15:04:43 , Normal] -> 设置轴向归零参数 
 [2019/9/10 15:05:08 , Normal] -> 开始回零操作，停止任何操作！ 
 [2019/9/10 15:05:08 , Normal] -> 设置轴向归零参数 
 [2019/9/10 15:05:10 , Normal] -> 所有垂直轴向归零成功 
 [2019/9/10 15:05:10 , Normal] -> 水平轴向归零成功 
 [2019/9/10 15:05:10 , Normal] -> 所有坐标清零成功 
 [2019/9/10 15:06:30 , Normal] -> 开始回零操作，停止任何操作！ 
 [2019/9/10 15:06:30 , Normal] -> 设置轴向归零参数 
 [2019/9/10 15:06:30 , Normal] -> 所有垂直轴向归零成功 
 [2019/9/10 15:06:32 , Normal] -> 水平轴向归零成功 
 [2019/9/10 15:06:32 , Normal] -> 所有坐标清零成功 
 [2019/9/10 15:14:56 , Normal] -> 开始回零操作，停止任何操作！ 
 [2019/9/10 15:14:56 , Normal] -> 设置轴向归零参数 
 [2019/9/10 15:14:56 , Normal] -> 所有垂直轴向归零成功 
 [2019/9/10 15:15:03 , Normal] -> 水平轴向归零成功 
 [2019/9/10 15:15:03 , Normal] -> 所有坐标清零成功 
 [2019/9/10 15:24:22 , Normal] -> 开始回零操作，停止任何操作！ 
 [2019/9/10 15:24:22 , Normal] -> 设置轴向归零参数 
 [2019/9/10 15:24:23 , Normal] -> 所有垂直轴向归零成功 
 [2019/9/10 15:24:23 , Normal] -> 水平轴向归零成功 
 [2019/9/10 15:24:23 , Normal] -> 所有坐标清零成功 
 [2019/9/10 15:46:07 , Normal] -> 开始回零操作，停止任何操作！ 
 [2019/9/10 15:46:07 , Normal] -> 设置轴向归零参数 
 [2019/9/10 15:46:08 , Normal] -> 所有垂直轴向归零成功 
 [2019/9/10 15:46:12 , Normal] -> 水平轴向归零成功 
 [2019/9/10 15:46:12 , Normal] -> 所有坐标清零成功 
 [2019/9/10 15:50:34 , Normal] -> 开始回零操作，停止任何操作！ 
 [2019/9/10 15:50:34 , Normal] -> 设置轴向归零参数 
 [2019/9/10 15:50:34 , Normal] -> 所有垂直轴向归零成功 
 [2019/9/10 15:50:39 , Normal] -> 水平轴向归零成功 
 [2019/9/10 15:50:39 , Normal] -> 所有坐标清零成功 
 [2019/9/10 16:13:36 , Normal] -> 开始回零操作，停止任何操作！ 
 [2019/9/10 16:13:36 , Normal] -> 设置轴向归零参数 
 [2019/9/10 16:13:36 , Normal] -> 所有垂直轴向归零成功 
 [2019/9/10 16:13:41 , Normal] -> 水平轴向归零成功 
 [2019/9/10 16:13:41 , Normal] -> 所有坐标清零成功 
 [2019/9/10 16:14:23 , Normal] -> 开始回零操作，停止任何操作！ 
 [2019/9/10 16:14:23 , Normal] -> 设置轴向归零参数 
 [2019/9/10 16:14:23 , Normal] -> 所有垂直轴向归零成功 
 [2019/9/10 16:14:25 , Normal] -> 水平轴向归零成功 
 [2019/9/10 16:14:26 , Normal] -> 所有坐标清零成功 
 [2019/9/10 16:15:23 , Normal] -> 开始回零操作，停止任何操作！ 
 [2019/9/10 16:15:23 , Normal] -> 设置轴向归零参数 
 [2019/9/10 16:15:42 , Normal] -> 开始回零操作，停止任何操作！ 
 [2019/9/10 16:15:42 , Normal] -> 设置轴向归零参数 
 [2019/9/10 16:15:44 , Normal] -> 所有垂直轴向归零成功 
 [2019/9/10 16:15:45 , Normal] -> 水平轴向归零成功 
 [2019/9/10 16:15:45 , Normal] -> 所有坐标清零成功 
 