[2019/10/11 9:23:16 , Normal] ->  
 [2019/10/11 9:36:44 , Normal] ->  
 [2019/10/11 10:56:51 , Normal] ->  
 [2019/10/11 10:57:27 , Normal] ->  
 [2019/10/11 13:22:09 , Normal] ->  
 [2019/10/11 13:30:53 , Normal] ->  
 [2019/10/11 13:32:34 , Normal] ->  
 [2019/10/11 13:33:55 , Normal] ->  
 [2019/10/11 13:36:55 , Normal] ->  
 [2019/10/11 13:48:53 , Normal] ->  
 [2019/10/11 13:54:45 , Erro] -> 程序运行错误:System.NullReferenceException: 未将对象引用设置到对象的实例。
   在 ControlDec.ConDevice.getMMPosition(Axis axis) 位置 F:\20190826-RZ-GemaControl\AxisMovement\ControlDec\ConDevice.cs:行号 124
   在 ControlDec.ConDevice.GetAxisPosition(Axis axis) 位置 F:\20190826-RZ-GemaControl\AxisMovement\ControlDec\ConDevice.cs:行号 133
   在 RZ_AutoGemaControl.GameConsole.GameConsole_KeyDown(Object sender, KeyEventArgs e) 位置 F:\20190826-RZ-GemaControl\AxisMovement\RZ-AutoGemaControl\GameConsole.cs:行号 425
   在 System.Windows.Forms.Control.OnKeyDown(KeyEventArgs e)
   在 System.Windows.Forms.Control.ProcessKeyEventArgs(Message& m)
   在 System.Windows.Forms.Form.ProcessKeyPreview(Message& m)
   在 System.Windows.Forms.Control.ProcessKeyMessage(Message& m)
   在 System.Windows.Forms.Control.WmKeyChar(Message& m)
   在 System.Windows.Forms.Control.WndProc(Message& m)
   在 System.Windows.Forms.ButtonBase.WndProc(Message& m)
   在 System.Windows.Forms.Button.WndProc(Message& m)
   在 System.Windows.Forms.NativeWindow.DebuggableCallback(IntPtr hWnd, Int32 msg, IntPtr wparam, IntPtr lparam)
   在 System.Windows.Forms.UnsafeNativeMethods.DispatchMessageW(MSG& msg)
   在 System.Windows.Forms.Application.ComponentManager.System.Windows.Forms.UnsafeNativeMethods.IMsoComponentManager.FPushMessageLoop(IntPtr dwComponentID, Int32 reason, Int32 pvLoopData)
   在 System.Windows.Forms.Application.ThreadContext.RunMessageLoopInner(Int32 reason, ApplicationContext context)
   在 System.Windows.Forms.Application.ThreadContext.RunMessageLoop(Int32 reason, ApplicationContext context)
   在 System.Windows.Forms.Form.ShowDialog(IWin32Window owner)
   在 RZ_AutoGemaControl.GameConsole.ShowWindow() 位置 F:\20190826-RZ-GemaControl\AxisMovement\RZ-AutoGemaControl\GameConsole.cs:行号 353
   在 RZ_AutoGemaControl.StartUp.Main(String[] argvs) 位置 F:\20190826-RZ-GemaControl\AxisMovement\RZ-AutoGemaControl\StartUp.cs:行号 74 
 [2019/10/11 13:54:53 , Normal] ->  
 [2019/10/11 14:17:26 , Normal] ->  
 [2019/10/11 14:38:57 , Normal] ->  
 [2019/10/11 14:43:28 , Normal] ->  
 [2019/10/11 14:56:17 , Normal] ->  
 [2019/10/11 15:10:44 , Normal] ->  
 [2019/10/11 16:00:08 , Normal] ->  
 [2019/10/11 16:00:18 , Erro] -> 程序运行错误:System.NullReferenceException: 未将对象引用设置到对象的实例。
   在 ControlDec.ConDevice.StopAll() 位置 F:\20190826-RZ-GemaControl\AxisMovement\ControlDec\ConDevice.cs:行号 307
   在 RZ_AutoGemaControl.GameConsole.StoRunning_Click(Object sender, EventArgs e) 位置 F:\20190826-RZ-GemaControl\AxisMovement\RZ-AutoGemaControl\GameConsole.cs:行号 204
   在 System.Windows.Forms.ToolStripItem.RaiseEvent(Object key, EventArgs e)
   在 System.Windows.Forms.ToolStripMenuItem.OnClick(EventArgs e)
   在 System.Windows.Forms.ToolStripItem.HandleClick(EventArgs e)
   在 System.Windows.Forms.ToolStripItem.HandleMouseUp(MouseEventArgs e)
   在 System.Windows.Forms.ToolStrip.OnMouseUp(MouseEventArgs mea)
   在 System.Windows.Forms.Control.WmMouseUp(Message& m, MouseButtons button, Int32 clicks)
   在 System.Windows.Forms.Control.WndProc(Message& m)
   在 System.Windows.Forms.ToolStrip.WndProc(Message& m)
   在 System.Windows.Forms.MenuStrip.WndProc(Message& m)
   在 System.Windows.Forms.NativeWindow.DebuggableCallback(IntPtr hWnd, Int32 msg, IntPtr wparam, IntPtr lparam)
   在 System.Windows.Forms.UnsafeNativeMethods.DispatchMessageW(MSG& msg)
   在 System.Windows.Forms.Application.ComponentManager.System.Windows.Forms.UnsafeNativeMethods.IMsoComponentManager.FPushMessageLoop(IntPtr dwComponentID, Int32 reason, Int32 pvLoopData)
   在 System.Windows.Forms.Application.ThreadContext.RunMessageLoopInner(Int32 reason, ApplicationContext context)
   在 System.Windows.Forms.Application.ThreadContext.RunMessageLoop(Int32 reason, ApplicationContext context)
   在 System.Windows.Forms.Form.ShowDialog(IWin32Window owner)
   在 RZ_AutoGemaControl.GameConsole.ShowWindow() 位置 F:\20190826-RZ-GemaControl\AxisMovement\RZ-AutoGemaControl\GameConsole.cs:行号 353
   在 RZ_AutoGemaControl.StartUp.Main(String[] argvs) 位置 F:\20190826-RZ-GemaControl\AxisMovement\RZ-AutoGemaControl\StartUp.cs:行号 74 
 [2019/10/11 16:00:21 , Normal] ->  
 [2019/10/11 16:04:40 , Normal] ->  
 [2019/10/11 16:09:46 , Normal] ->  
 [2019/10/11 16:26:45 , Normal] ->  
 [2019/10/11 16:27:38 , Normal] ->  
 [2019/10/11 16:29:19 , Normal] ->  
 [2019/10/11 16:32:22 , Normal] ->  
 [2019/10/11 16:33:32 , Normal] ->  
 